<?xml version="1.0" encoding="UTF-8"?>
<!-- Generated by org.testng.reporters.JUnitXMLReporter -->
<testsuite hostname="1SF28Q" name="Command line test" tests="96" failures="1" timestamp="14 Oct 2022 16:42:13 GMT" time="16.516" errors="0">
  <testcase name="@AfterMethod writeExcel" time="0.0" classname="com.edge.syscoshop.online.TestSyscoExecutor">
    <failure type="java.lang.RuntimeException" message="Unexpected result for screenshot command: com.google.common.collect.Maps$TransformedEntriesMap instance">
      <![CDATA[java.lang.RuntimeException: Unexpected result for screenshot command: com.google.common.collect.Maps$TransformedEntriesMap instance
	at org.openqa.selenium.remote.RemoteWebDriver.getScreenshotAs(RemoteWebDriver.java:349)
	at com.framework.commonUtils.CommonSysco.onTestFailure(CommonSysco.java:282)
	at com.edge.syscoshop.online.TestSyscoExecutor.writeExcel(TestSyscoExecutor.java:89)
	at org.apache.maven.surefire.testng.TestNGExecutor.run(TestNGExecutor.java:77)
	at org.apache.maven.surefire.testng.TestNGDirectoryTestSuite.executeSingleClass(TestNGDirectoryTestSuite.java:126)
	at org.apache.maven.surefire.testng.TestNGDirectoryTestSuite.execute(TestNGDirectoryTestSuite.java:110)
	at org.apache.maven.surefire.testng.TestNGProvider.invoke(TestNGProvider.java:117)
	at org.apache.maven.surefire.util.ReflectionUtils.invokeMethodWithArray2(ReflectionUtils.java:208)
	at org.apache.maven.surefire.booter.ProviderFactory$ProviderProxy.invoke(ProviderFactory.java:158)
	at org.apache.maven.surefire.booter.ProviderFactory.invokeProvider(ProviderFactory.java:86)
	at org.apache.maven.surefire.booter.ForkedBooter.runSuitesInProcess(ForkedBooter.java:153)
	at org.apache.maven.surefire.booter.ForkedBooter.main(ForkedBooter.java:95)
... Removed 27 stack frames]]>
    </failure>
  </testcase> <!-- @AfterMethod writeExcel -->
  <testcase name="@BeforeMethod setUp" time="0.0" classname="com.edge.syscoshop.online.TestSyscoExecutor">
    <skipped/>
  </testcase> <!-- @BeforeMethod setUp -->
  <testcase name="@AfterMethod writeExcel" time="0.0" classname="com.edge.syscoshop.online.TestSyscoExecutor">
    <skipped/>
  </testcase> <!-- @AfterMethod writeExcel -->
  <testcase name="@BeforeMethod setUp" time="0.0" classname="com.edge.syscoshop.online.TestSyscoExecutor">
    <skipped/>
  </testcase> <!-- @BeforeMethod setUp -->
  <testcase name="@AfterMethod writeExcel" time="0.0" classname="com.edge.syscoshop.online.TestSyscoExecutor">
    <skipped/>
  </testcase> <!-- @AfterMethod writeExcel -->
  <testcase name="@BeforeMethod setUp" time="0.0" classname="com.edge.syscoshop.online.TestSyscoExecutor">
    <skipped/>
  </testcase> <!-- @BeforeMethod setUp -->
  <testcase name="@AfterMethod writeExcel" time="0.0" classname="com.edge.syscoshop.online.TestSyscoExecutor">
    <skipped/>
  </testcase> <!-- @AfterMethod writeExcel -->
  <testcase name="@BeforeMethod setUp" time="0.0" classname="com.edge.syscoshop.online.TestSyscoExecutor">
    <skipped/>
  </testcase> <!-- @BeforeMethod setUp -->
  <testcase name="@AfterMethod writeExcel" time="0.0" classname="com.edge.syscoshop.online.TestSyscoExecutor">
    <skipped/>
  </testcase> <!-- @AfterMethod writeExcel -->
  <testcase name="@BeforeMethod setUp" time="0.0" classname="com.edge.syscoshop.online.TestSyscoExecutor">
    <skipped/>
  </testcase> <!-- @BeforeMethod setUp -->
  <testcase name="@AfterMethod writeExcel" time="0.0" classname="com.edge.syscoshop.online.TestSyscoExecutor">
    <skipped/>
  </testcase> <!-- @AfterMethod writeExcel -->
  <testcase name="@BeforeMethod setUp" time="0.0" classname="com.edge.syscoshop.online.TestSyscoExecutor">
    <skipped/>
  </testcase> <!-- @BeforeMethod setUp -->
  <testcase name="@AfterMethod writeExcel" time="0.0" classname="com.edge.syscoshop.online.TestSyscoExecutor">
    <skipped/>
  </testcase> <!-- @AfterMethod writeExcel -->
  <testcase name="@BeforeMethod setUp" time="0.0" classname="com.edge.syscoshop.online.TestSyscoExecutor">
    <skipped/>
  </testcase> <!-- @BeforeMethod setUp -->
  <testcase name="@AfterMethod writeExcel" time="0.0" classname="com.edge.syscoshop.online.TestSyscoExecutor">
    <skipped/>
  </testcase> <!-- @AfterMethod writeExcel -->
  <testcase name="@BeforeMethod setUp" time="0.0" classname="com.edge.syscoshop.online.TestSyscoExecutor">
    <skipped/>
  </testcase> <!-- @BeforeMethod setUp -->
  <testcase name="@AfterMethod writeExcel" time="0.0" classname="com.edge.syscoshop.online.TestSyscoExecutor">
    <skipped/>
  </testcase> <!-- @AfterMethod writeExcel -->
  <testcase name="@BeforeMethod setUp" time="0.0" classname="com.edge.syscoshop.online.TestSyscoExecutor">
    <skipped/>
  </testcase> <!-- @BeforeMethod setUp -->
  <testcase name="@AfterMethod writeExcel" time="0.0" classname="com.edge.syscoshop.online.TestSyscoExecutor">
    <skipped/>
  </testcase> <!-- @AfterMethod writeExcel -->
  <testcase name="@BeforeMethod setUp" time="0.0" classname="com.edge.syscoshop.online.TestSyscoExecutor">
    <skipped/>
  </testcase> <!-- @BeforeMethod setUp -->
  <testcase name="@AfterMethod writeExcel" time="0.0" classname="com.edge.syscoshop.online.TestSyscoExecutor">
    <skipped/>
  </testcase> <!-- @AfterMethod writeExcel -->
  <testcase name="@BeforeMethod setUp" time="0.0" classname="com.edge.syscoshop.online.TestSyscoExecutor">
    <skipped/>
  </testcase> <!-- @BeforeMethod setUp -->
  <testcase name="@AfterMethod writeExcel" time="0.0" classname="com.edge.syscoshop.online.TestSyscoExecutor">
    <skipped/>
  </testcase> <!-- @AfterMethod writeExcel -->
  <testcase name="@BeforeMethod setUp" time="0.0" classname="com.edge.syscoshop.online.TestSyscoExecutor">
    <skipped/>
  </testcase> <!-- @BeforeMethod setUp -->
  <testcase name="@AfterMethod writeExcel" time="0.0" classname="com.edge.syscoshop.online.TestSyscoExecutor">
    <skipped/>
  </testcase> <!-- @AfterMethod writeExcel -->
  <testcase name="@BeforeMethod setUp" time="0.0" classname="com.edge.syscoshop.online.TestSyscoExecutor">
    <skipped/>
  </testcase> <!-- @BeforeMethod setUp -->
  <testcase name="@AfterMethod writeExcel" time="0.0" classname="com.edge.syscoshop.online.TestSyscoExecutor">
    <skipped/>
  </testcase> <!-- @AfterMethod writeExcel -->
  <testcase name="@BeforeMethod setUp" time="0.0" classname="com.edge.syscoshop.online.TestSyscoExecutor">
    <skipped/>
  </testcase> <!-- @BeforeMethod setUp -->
  <testcase name="@AfterMethod writeExcel" time="0.0" classname="com.edge.syscoshop.online.TestSyscoExecutor">
    <skipped/>
  </testcase> <!-- @AfterMethod writeExcel -->
  <testcase name="@BeforeMethod setUp" time="0.0" classname="com.edge.syscoshop.online.TestSyscoExecutor">
    <skipped/>
  </testcase> <!-- @BeforeMethod setUp -->
  <testcase name="@AfterMethod writeExcel" time="0.0" classname="com.edge.syscoshop.online.TestSyscoExecutor">
    <skipped/>
  </testcase> <!-- @AfterMethod writeExcel -->
  <testcase name="@BeforeMethod setUp" time="0.0" classname="com.edge.syscoshop.online.TestSyscoExecutor">
    <skipped/>
  </testcase> <!-- @BeforeMethod setUp -->
  <testcase name="@AfterMethod writeExcel" time="0.0" classname="com.edge.syscoshop.online.TestSyscoExecutor">
    <skipped/>
  </testcase> <!-- @AfterMethod writeExcel -->
  <testcase name="@BeforeMethod setUp" time="0.0" classname="com.edge.syscoshop.online.TestSyscoExecutor">
    <skipped/>
  </testcase> <!-- @BeforeMethod setUp -->
  <testcase name="@AfterMethod writeExcel" time="0.0" classname="com.edge.syscoshop.online.TestSyscoExecutor">
    <skipped/>
  </testcase> <!-- @AfterMethod writeExcel -->
  <testcase name="@BeforeMethod setUp" time="0.0" classname="com.edge.syscoshop.online.TestSyscoExecutor">
    <skipped/>
  </testcase> <!-- @BeforeMethod setUp -->
  <testcase name="@AfterMethod writeExcel" time="0.0" classname="com.edge.syscoshop.online.TestSyscoExecutor">
    <skipped/>
  </testcase> <!-- @AfterMethod writeExcel -->
  <testcase name="@BeforeMethod setUp" time="0.0" classname="com.edge.syscoshop.online.TestSyscoExecutor">
    <skipped/>
  </testcase> <!-- @BeforeMethod setUp -->
  <testcase name="@AfterMethod writeExcel" time="0.0" classname="com.edge.syscoshop.online.TestSyscoExecutor">
    <skipped/>
  </testcase> <!-- @AfterMethod writeExcel -->
  <testcase name="@BeforeMethod setUp" time="0.0" classname="com.edge.syscoshop.online.TestSyscoExecutor">
    <skipped/>
  </testcase> <!-- @BeforeMethod setUp -->
  <testcase name="@AfterMethod writeExcel" time="0.0" classname="com.edge.syscoshop.online.TestSyscoExecutor">
    <skipped/>
  </testcase> <!-- @AfterMethod writeExcel -->
  <testcase name="@BeforeMethod setUp" time="0.0" classname="com.edge.syscoshop.online.TestSyscoExecutor">
    <skipped/>
  </testcase> <!-- @BeforeMethod setUp -->
  <testcase name="@AfterMethod writeExcel" time="0.0" classname="com.edge.syscoshop.online.TestSyscoExecutor">
    <skipped/>
  </testcase> <!-- @AfterMethod writeExcel -->
  <testcase name="@BeforeMethod setUp" time="0.0" classname="com.edge.syscoshop.online.TestSyscoExecutor">
    <skipped/>
  </testcase> <!-- @BeforeMethod setUp -->
  <testcase name="@AfterMethod writeExcel" time="0.0" classname="com.edge.syscoshop.online.TestSyscoExecutor">
    <skipped/>
  </testcase> <!-- @AfterMethod writeExcel -->
  <testcase name="@BeforeMethod setUp" time="0.0" classname="com.edge.syscoshop.online.TestSyscoExecutor">
    <skipped/>
  </testcase> <!-- @BeforeMethod setUp -->
  <testcase name="@AfterMethod writeExcel" time="0.0" classname="com.edge.syscoshop.online.TestSyscoExecutor">
    <skipped/>
  </testcase> <!-- @AfterMethod writeExcel -->
  <testcase name="@BeforeMethod setUp" time="0.0" classname="com.edge.syscoshop.online.TestSyscoExecutor">
    <skipped/>
  </testcase> <!-- @BeforeMethod setUp -->
  <testcase name="@AfterMethod writeExcel" time="0.0" classname="com.edge.syscoshop.online.TestSyscoExecutor">
    <skipped/>
  </testcase> <!-- @AfterMethod writeExcel -->
  <testcase name="@BeforeMethod setUp" time="0.0" classname="com.edge.syscoshop.online.TestSyscoExecutor">
    <skipped/>
  </testcase> <!-- @BeforeMethod setUp -->
  <testcase name="@AfterMethod writeExcel" time="0.0" classname="com.edge.syscoshop.online.TestSyscoExecutor">
    <skipped/>
  </testcase> <!-- @AfterMethod writeExcel -->
  <testcase name="@BeforeMethod setUp" time="0.0" classname="com.edge.syscoshop.online.TestSyscoExecutor">
    <skipped/>
  </testcase> <!-- @BeforeMethod setUp -->
  <testcase name="@AfterMethod writeExcel" time="0.0" classname="com.edge.syscoshop.online.TestSyscoExecutor">
    <skipped/>
  </testcase> <!-- @AfterMethod writeExcel -->
  <testcase name="@BeforeMethod setUp" time="0.0" classname="com.edge.syscoshop.online.TestSyscoExecutor">
    <skipped/>
  </testcase> <!-- @BeforeMethod setUp -->
  <testcase name="@AfterMethod writeExcel" time="0.0" classname="com.edge.syscoshop.online.TestSyscoExecutor">
    <skipped/>
  </testcase> <!-- @AfterMethod writeExcel -->
  <testcase name="@BeforeMethod setUp" time="0.0" classname="com.edge.syscoshop.online.TestSyscoExecutor">
    <skipped/>
  </testcase> <!-- @BeforeMethod setUp -->
  <testcase name="@AfterMethod writeExcel" time="0.0" classname="com.edge.syscoshop.online.TestSyscoExecutor">
    <skipped/>
  </testcase> <!-- @AfterMethod writeExcel -->
  <testcase name="@BeforeMethod setUp" time="0.0" classname="com.edge.syscoshop.online.TestSyscoExecutor">
    <skipped/>
  </testcase> <!-- @BeforeMethod setUp -->
  <testcase name="@AfterMethod writeExcel" time="0.0" classname="com.edge.syscoshop.online.TestSyscoExecutor">
    <skipped/>
  </testcase> <!-- @AfterMethod writeExcel -->
  <testcase name="@BeforeMethod setUp" time="0.0" classname="com.edge.syscoshop.online.TestSyscoExecutor">
    <skipped/>
  </testcase> <!-- @BeforeMethod setUp -->
  <testcase name="@AfterMethod writeExcel" time="0.0" classname="com.edge.syscoshop.online.TestSyscoExecutor">
    <skipped/>
  </testcase> <!-- @AfterMethod writeExcel -->
  <testcase name="@BeforeMethod setUp" time="0.0" classname="com.edge.syscoshop.online.TestSyscoExecutor">
    <skipped/>
  </testcase> <!-- @BeforeMethod setUp -->
  <testcase name="@AfterMethod writeExcel" time="0.0" classname="com.edge.syscoshop.online.TestSyscoExecutor">
    <skipped/>
  </testcase> <!-- @AfterMethod writeExcel -->
  <testcase name="@BeforeMethod setUp" time="0.0" classname="com.edge.syscoshop.online.TestSyscoExecutor">
    <skipped/>
  </testcase> <!-- @BeforeMethod setUp -->
  <testcase name="@AfterMethod writeExcel" time="0.0" classname="com.edge.syscoshop.online.TestSyscoExecutor">
    <skipped/>
  </testcase> <!-- @AfterMethod writeExcel -->
  <testcase name="@BeforeMethod setUp" time="0.0" classname="com.edge.syscoshop.online.TestSyscoExecutor">
    <skipped/>
  </testcase> <!-- @BeforeMethod setUp -->
  <testcase name="@AfterMethod writeExcel" time="0.0" classname="com.edge.syscoshop.online.TestSyscoExecutor">
    <skipped/>
  </testcase> <!-- @AfterMethod writeExcel -->
  <testcase name="@BeforeMethod setUp" time="0.0" classname="com.edge.syscoshop.online.TestSyscoExecutor">
    <skipped/>
  </testcase> <!-- @BeforeMethod setUp -->
  <testcase name="@AfterMethod writeExcel" time="0.0" classname="com.edge.syscoshop.online.TestSyscoExecutor">
    <skipped/>
  </testcase> <!-- @AfterMethod writeExcel -->
  <testcase name="@BeforeMethod setUp" time="0.0" classname="com.edge.syscoshop.online.TestSyscoExecutor">
    <skipped/>
  </testcase> <!-- @BeforeMethod setUp -->
  <testcase name="@AfterMethod writeExcel" time="0.0" classname="com.edge.syscoshop.online.TestSyscoExecutor">
    <skipped/>
  </testcase> <!-- @AfterMethod writeExcel -->
  <testcase name="@BeforeMethod setUp" time="0.0" classname="com.edge.syscoshop.online.TestSyscoExecutor">
    <skipped/>
  </testcase> <!-- @BeforeMethod setUp -->
  <testcase name="@AfterMethod writeExcel" time="0.0" classname="com.edge.syscoshop.online.TestSyscoExecutor">
    <skipped/>
  </testcase> <!-- @AfterMethod writeExcel -->
  <testcase name="@BeforeMethod setUp" time="0.0" classname="com.edge.syscoshop.online.TestSyscoExecutor">
    <skipped/>
  </testcase> <!-- @BeforeMethod setUp -->
  <testcase name="@AfterMethod writeExcel" time="0.0" classname="com.edge.syscoshop.online.TestSyscoExecutor">
    <skipped/>
  </testcase> <!-- @AfterMethod writeExcel -->
  <testcase name="@BeforeMethod setUp" time="0.0" classname="com.edge.syscoshop.online.TestSyscoExecutor">
    <skipped/>
  </testcase> <!-- @BeforeMethod setUp -->
  <testcase name="@AfterMethod writeExcel" time="0.0" classname="com.edge.syscoshop.online.TestSyscoExecutor">
    <skipped/>
  </testcase> <!-- @AfterMethod writeExcel -->
  <testcase name="@BeforeMethod setUp" time="0.0" classname="com.edge.syscoshop.online.TestSyscoExecutor">
    <skipped/>
  </testcase> <!-- @BeforeMethod setUp -->
  <testcase name="@AfterMethod writeExcel" time="0.0" classname="com.edge.syscoshop.online.TestSyscoExecutor">
    <skipped/>
  </testcase> <!-- @AfterMethod writeExcel -->
  <testcase name="@BeforeMethod setUp" time="0.0" classname="com.edge.syscoshop.online.TestSyscoExecutor">
    <skipped/>
  </testcase> <!-- @BeforeMethod setUp -->
  <testcase name="@AfterMethod writeExcel" time="0.0" classname="com.edge.syscoshop.online.TestSyscoExecutor">
    <skipped/>
  </testcase> <!-- @AfterMethod writeExcel -->
  <testcase name="@BeforeMethod setUp" time="0.0" classname="com.edge.syscoshop.online.TestSyscoExecutor">
    <skipped/>
  </testcase> <!-- @BeforeMethod setUp -->
  <testcase name="@AfterMethod writeExcel" time="0.0" classname="com.edge.syscoshop.online.TestSyscoExecutor">
    <skipped/>
  </testcase> <!-- @AfterMethod writeExcel -->
  <testcase name="@BeforeMethod setUp" time="0.0" classname="com.edge.syscoshop.online.TestSyscoExecutor">
    <skipped/>
  </testcase> <!-- @BeforeMethod setUp -->
  <testcase name="@AfterMethod writeExcel" time="0.0" classname="com.edge.syscoshop.online.TestSyscoExecutor">
    <skipped/>
  </testcase> <!-- @AfterMethod writeExcel -->
  <testcase name="@BeforeMethod setUp" time="0.0" classname="com.edge.syscoshop.online.TestSyscoExecutor">
    <skipped/>
  </testcase> <!-- @BeforeMethod setUp -->
  <testcase name="@AfterMethod writeExcel" time="0.0" classname="com.edge.syscoshop.online.TestSyscoExecutor">
    <skipped/>
  </testcase> <!-- @AfterMethod writeExcel -->
  <testcase name="@BeforeMethod setUp" time="0.0" classname="com.edge.syscoshop.online.TestSyscoExecutor">
    <skipped/>
  </testcase> <!-- @BeforeMethod setUp -->
  <testcase name="@AfterMethod writeExcel" time="0.0" classname="com.edge.syscoshop.online.TestSyscoExecutor">
    <skipped/>
  </testcase> <!-- @AfterMethod writeExcel -->
  <testcase name="@BeforeMethod setUp" time="0.0" classname="com.edge.syscoshop.online.TestSyscoExecutor">
    <skipped/>
  </testcase> <!-- @BeforeMethod setUp -->
  <testcase name="@AfterMethod writeExcel" time="0.0" classname="com.edge.syscoshop.online.TestSyscoExecutor">
    <skipped/>
  </testcase> <!-- @AfterMethod writeExcel -->
  <testcase name="@BeforeMethod setUp" time="0.0" classname="com.edge.syscoshop.online.TestSyscoExecutor">
    <skipped/>
  </testcase> <!-- @BeforeMethod setUp -->
  <testcase name="@AfterMethod writeExcel" time="0.0" classname="com.edge.syscoshop.online.TestSyscoExecutor">
    <skipped/>
  </testcase> <!-- @AfterMethod writeExcel -->
  <testcase name="@BeforeMethod setUp" time="0.0" classname="com.edge.syscoshop.online.TestSyscoExecutor">
    <skipped/>
  </testcase> <!-- @BeforeMethod setUp -->
  <testcase name="@AfterMethod writeExcel" time="0.0" classname="com.edge.syscoshop.online.TestSyscoExecutor">
    <skipped/>
  </testcase> <!-- @AfterMethod writeExcel -->
  <testcase name="@BeforeMethod setUp" time="0.0" classname="com.edge.syscoshop.online.TestSyscoExecutor">
    <skipped/>
  </testcase> <!-- @BeforeMethod setUp -->
  <testcase name="@AfterMethod writeExcel" time="0.0" classname="com.edge.syscoshop.online.TestSyscoExecutor">
    <skipped/>
  </testcase> <!-- @AfterMethod writeExcel -->
  <testcase name="@BeforeMethod setUp" time="0.0" classname="com.edge.syscoshop.online.TestSyscoExecutor">
    <skipped/>
  </testcase> <!-- @BeforeMethod setUp -->
  <testcase name="@AfterMethod writeExcel" time="0.0" classname="com.edge.syscoshop.online.TestSyscoExecutor">
    <skipped/>
  </testcase> <!-- @AfterMethod writeExcel -->
  <testcase name="@BeforeMethod setUp" time="0.0" classname="com.edge.syscoshop.online.TestSyscoExecutor">
    <skipped/>
  </testcase> <!-- @BeforeMethod setUp -->
  <testcase name="@AfterMethod writeExcel" time="0.0" classname="com.edge.syscoshop.online.TestSyscoExecutor">
    <skipped/>
  </testcase> <!-- @AfterMethod writeExcel -->
  <testcase name="@BeforeMethod setUp" time="0.0" classname="com.edge.syscoshop.online.TestSyscoExecutor">
    <skipped/>
  </testcase> <!-- @BeforeMethod setUp -->
  <testcase name="@AfterMethod writeExcel" time="0.0" classname="com.edge.syscoshop.online.TestSyscoExecutor">
    <skipped/>
  </testcase> <!-- @AfterMethod writeExcel -->
  <testcase name="@BeforeMethod setUp" time="0.0" classname="com.edge.syscoshop.online.TestSyscoExecutor">
    <skipped/>
  </testcase> <!-- @BeforeMethod setUp -->
  <testcase name="@AfterMethod writeExcel" time="0.0" classname="com.edge.syscoshop.online.TestSyscoExecutor">
    <skipped/>
  </testcase> <!-- @AfterMethod writeExcel -->
  <testcase name="@BeforeMethod setUp" time="0.0" classname="com.edge.syscoshop.online.TestSyscoExecutor">
    <skipped/>
  </testcase> <!-- @BeforeMethod setUp -->
  <testcase name="@AfterMethod writeExcel" time="0.0" classname="com.edge.syscoshop.online.TestSyscoExecutor">
    <skipped/>
  </testcase> <!-- @AfterMethod writeExcel -->
  <testcase name="@BeforeMethod setUp" time="0.0" classname="com.edge.syscoshop.online.TestSyscoExecutor">
    <skipped/>
  </testcase> <!-- @BeforeMethod setUp -->
  <testcase name="@AfterMethod writeExcel" time="0.0" classname="com.edge.syscoshop.online.TestSyscoExecutor">
    <skipped/>
  </testcase> <!-- @AfterMethod writeExcel -->
  <testcase name="@BeforeMethod setUp" time="0.0" classname="com.edge.syscoshop.online.TestSyscoExecutor">
    <skipped/>
  </testcase> <!-- @BeforeMethod setUp -->
  <testcase name="@AfterMethod writeExcel" time="0.0" classname="com.edge.syscoshop.online.TestSyscoExecutor">
    <skipped/>
  </testcase> <!-- @AfterMethod writeExcel -->
  <testcase name="@BeforeMethod setUp" time="0.0" classname="com.edge.syscoshop.online.TestSyscoExecutor">
    <skipped/>
  </testcase> <!-- @BeforeMethod setUp -->
  <testcase name="@AfterMethod writeExcel" time="0.0" classname="com.edge.syscoshop.online.TestSyscoExecutor">
    <skipped/>
  </testcase> <!-- @AfterMethod writeExcel -->
  <testcase name="@BeforeMethod setUp" time="0.0" classname="com.edge.syscoshop.online.TestSyscoExecutor">
    <skipped/>
  </testcase> <!-- @BeforeMethod setUp -->
  <testcase name="@AfterMethod writeExcel" time="0.0" classname="com.edge.syscoshop.online.TestSyscoExecutor">
    <skipped/>
  </testcase> <!-- @AfterMethod writeExcel -->
  <testcase name="@BeforeMethod setUp" time="0.0" classname="com.edge.syscoshop.online.TestSyscoExecutor">
    <skipped/>
  </testcase> <!-- @BeforeMethod setUp -->
  <testcase name="@AfterMethod writeExcel" time="0.0" classname="com.edge.syscoshop.online.TestSyscoExecutor">
    <skipped/>
  </testcase> <!-- @AfterMethod writeExcel -->
  <testcase name="@BeforeMethod setUp" time="0.0" classname="com.edge.syscoshop.online.TestSyscoExecutor">
    <skipped/>
  </testcase> <!-- @BeforeMethod setUp -->
  <testcase name="@AfterMethod writeExcel" time="0.0" classname="com.edge.syscoshop.online.TestSyscoExecutor">
    <skipped/>
  </testcase> <!-- @AfterMethod writeExcel -->
  <testcase name="@BeforeMethod setUp" time="0.0" classname="com.edge.syscoshop.online.TestSyscoExecutor">
    <skipped/>
  </testcase> <!-- @BeforeMethod setUp -->
  <testcase name="@AfterMethod writeExcel" time="0.0" classname="com.edge.syscoshop.online.TestSyscoExecutor">
    <skipped/>
  </testcase> <!-- @AfterMethod writeExcel -->
  <testcase name="@BeforeMethod setUp" time="0.0" classname="com.edge.syscoshop.online.TestSyscoExecutor">
    <skipped/>
  </testcase> <!-- @BeforeMethod setUp -->
  <testcase name="@AfterMethod writeExcel" time="0.0" classname="com.edge.syscoshop.online.TestSyscoExecutor">
    <skipped/>
  </testcase> <!-- @AfterMethod writeExcel -->
  <testcase name="@BeforeMethod setUp" time="0.0" classname="com.edge.syscoshop.online.TestSyscoExecutor">
    <skipped/>
  </testcase> <!-- @BeforeMethod setUp -->
  <testcase name="@AfterMethod writeExcel" time="0.0" classname="com.edge.syscoshop.online.TestSyscoExecutor">
    <skipped/>
  </testcase> <!-- @AfterMethod writeExcel -->
  <testcase name="@BeforeMethod setUp" time="0.0" classname="com.edge.syscoshop.online.TestSyscoExecutor">
    <skipped/>
  </testcase> <!-- @BeforeMethod setUp -->
  <testcase name="@AfterMethod writeExcel" time="0.0" classname="com.edge.syscoshop.online.TestSyscoExecutor">
    <skipped/>
  </testcase> <!-- @AfterMethod writeExcel -->
  <testcase name="@BeforeMethod setUp" time="0.0" classname="com.edge.syscoshop.online.TestSyscoExecutor">
    <skipped/>
  </testcase> <!-- @BeforeMethod setUp -->
  <testcase name="@AfterMethod writeExcel" time="0.0" classname="com.edge.syscoshop.online.TestSyscoExecutor">
    <skipped/>
  </testcase> <!-- @AfterMethod writeExcel -->
  <testcase name="@BeforeMethod setUp" time="0.0" classname="com.edge.syscoshop.online.TestSyscoExecutor">
    <skipped/>
  </testcase> <!-- @BeforeMethod setUp -->
  <testcase name="@AfterMethod writeExcel" time="0.0" classname="com.edge.syscoshop.online.TestSyscoExecutor">
    <skipped/>
  </testcase> <!-- @AfterMethod writeExcel -->
  <testcase name="@BeforeMethod setUp" time="0.0" classname="com.edge.syscoshop.online.TestSyscoExecutor">
    <skipped/>
  </testcase> <!-- @BeforeMethod setUp -->
  <testcase name="@AfterMethod writeExcel" time="0.0" classname="com.edge.syscoshop.online.TestSyscoExecutor">
    <skipped/>
  </testcase> <!-- @AfterMethod writeExcel -->
  <testcase name="@BeforeMethod setUp" time="0.0" classname="com.edge.syscoshop.online.TestSyscoExecutor">
    <skipped/>
  </testcase> <!-- @BeforeMethod setUp -->
  <testcase name="@AfterMethod writeExcel" time="0.0" classname="com.edge.syscoshop.online.TestSyscoExecutor">
    <skipped/>
  </testcase> <!-- @AfterMethod writeExcel -->
  <testcase name="@BeforeMethod setUp" time="0.0" classname="com.edge.syscoshop.online.TestSyscoExecutor">
    <skipped/>
  </testcase> <!-- @BeforeMethod setUp -->
  <testcase name="@AfterMethod writeExcel" time="0.0" classname="com.edge.syscoshop.online.TestSyscoExecutor">
    <skipped/>
  </testcase> <!-- @AfterMethod writeExcel -->
  <testcase name="@BeforeMethod setUp" time="0.0" classname="com.edge.syscoshop.online.TestSyscoExecutor">
    <skipped/>
  </testcase> <!-- @BeforeMethod setUp -->
  <testcase name="@AfterMethod writeExcel" time="0.0" classname="com.edge.syscoshop.online.TestSyscoExecutor">
    <skipped/>
  </testcase> <!-- @AfterMethod writeExcel -->
  <testcase name="@BeforeMethod setUp" time="0.0" classname="com.edge.syscoshop.online.TestSyscoExecutor">
    <skipped/>
  </testcase> <!-- @BeforeMethod setUp -->
  <testcase name="@AfterMethod writeExcel" time="0.0" classname="com.edge.syscoshop.online.TestSyscoExecutor">
    <skipped/>
  </testcase> <!-- @AfterMethod writeExcel -->
  <testcase name="@BeforeMethod setUp" time="0.0" classname="com.edge.syscoshop.online.TestSyscoExecutor">
    <skipped/>
  </testcase> <!-- @BeforeMethod setUp -->
  <testcase name="@AfterMethod writeExcel" time="0.0" classname="com.edge.syscoshop.online.TestSyscoExecutor">
    <skipped/>
  </testcase> <!-- @AfterMethod writeExcel -->
  <testcase name="@BeforeMethod setUp" time="0.0" classname="com.edge.syscoshop.online.TestSyscoExecutor">
    <skipped/>
  </testcase> <!-- @BeforeMethod setUp -->
  <testcase name="@AfterMethod writeExcel" time="0.0" classname="com.edge.syscoshop.online.TestSyscoExecutor">
    <skipped/>
  </testcase> <!-- @AfterMethod writeExcel -->
  <testcase name="@BeforeMethod setUp" time="0.0" classname="com.edge.syscoshop.online.TestSyscoExecutor">
    <skipped/>
  </testcase> <!-- @BeforeMethod setUp -->
  <testcase name="@AfterMethod writeExcel" time="0.0" classname="com.edge.syscoshop.online.TestSyscoExecutor">
    <skipped/>
  </testcase> <!-- @AfterMethod writeExcel -->
  <testcase name="@BeforeMethod setUp" time="0.0" classname="com.edge.syscoshop.online.TestSyscoExecutor">
    <skipped/>
  </testcase> <!-- @BeforeMethod setUp -->
  <testcase name="@AfterMethod writeExcel" time="0.0" classname="com.edge.syscoshop.online.TestSyscoExecutor">
    <skipped/>
  </testcase> <!-- @AfterMethod writeExcel -->
  <testcase name="@BeforeMethod setUp" time="0.0" classname="com.edge.syscoshop.online.TestSyscoExecutor">
    <skipped/>
  </testcase> <!-- @BeforeMethod setUp -->
  <testcase name="@AfterMethod writeExcel" time="0.0" classname="com.edge.syscoshop.online.TestSyscoExecutor">
    <skipped/>
  </testcase> <!-- @AfterMethod writeExcel -->
  <testcase name="@BeforeMethod setUp" time="0.0" classname="com.edge.syscoshop.online.TestSyscoExecutor">
    <skipped/>
  </testcase> <!-- @BeforeMethod setUp -->
  <testcase name="@AfterMethod writeExcel" time="0.0" classname="com.edge.syscoshop.online.TestSyscoExecutor">
    <skipped/>
  </testcase> <!-- @AfterMethod writeExcel -->
  <testcase name="@BeforeMethod setUp" time="0.0" classname="com.edge.syscoshop.online.TestSyscoExecutor">
    <skipped/>
  </testcase> <!-- @BeforeMethod setUp -->
  <testcase name="@AfterMethod writeExcel" time="0.0" classname="com.edge.syscoshop.online.TestSyscoExecutor">
    <skipped/>
  </testcase> <!-- @AfterMethod writeExcel -->
  <testcase name="@BeforeMethod setUp" time="0.0" classname="com.edge.syscoshop.online.TestSyscoExecutor">
    <skipped/>
  </testcase> <!-- @BeforeMethod setUp -->
  <testcase name="@AfterMethod writeExcel" time="0.0" classname="com.edge.syscoshop.online.TestSyscoExecutor">
    <skipped/>
  </testcase> <!-- @AfterMethod writeExcel -->
  <testcase name="@BeforeMethod setUp" time="0.0" classname="com.edge.syscoshop.online.TestSyscoExecutor">
    <skipped/>
  </testcase> <!-- @BeforeMethod setUp -->
  <testcase name="@AfterMethod writeExcel" time="0.0" classname="com.edge.syscoshop.online.TestSyscoExecutor">
    <skipped/>
  </testcase> <!-- @AfterMethod writeExcel -->
  <testcase name="@BeforeMethod setUp" time="0.0" classname="com.edge.syscoshop.online.TestSyscoExecutor">
    <skipped/>
  </testcase> <!-- @BeforeMethod setUp -->
  <testcase name="@AfterMethod writeExcel" time="0.0" classname="com.edge.syscoshop.online.TestSyscoExecutor">
    <skipped/>
  </testcase> <!-- @AfterMethod writeExcel -->
  <testcase name="@BeforeMethod setUp" time="0.0" classname="com.edge.syscoshop.online.TestSyscoExecutor">
    <skipped/>
  </testcase> <!-- @BeforeMethod setUp -->
  <testcase name="@AfterMethod writeExcel" time="0.0" classname="com.edge.syscoshop.online.TestSyscoExecutor">
    <skipped/>
  </testcase> <!-- @AfterMethod writeExcel -->
  <testcase name="@BeforeMethod setUp" time="0.0" classname="com.edge.syscoshop.online.TestSyscoExecutor">
    <skipped/>
  </testcase> <!-- @BeforeMethod setUp -->
  <testcase name="@AfterMethod writeExcel" time="0.0" classname="com.edge.syscoshop.online.TestSyscoExecutor">
    <skipped/>
  </testcase> <!-- @AfterMethod writeExcel -->
  <testcase name="@BeforeMethod setUp" time="0.0" classname="com.edge.syscoshop.online.TestSyscoExecutor">
    <skipped/>
  </testcase> <!-- @BeforeMethod setUp -->
  <testcase name="@AfterMethod writeExcel" time="0.0" classname="com.edge.syscoshop.online.TestSyscoExecutor">
    <skipped/>
  </testcase> <!-- @AfterMethod writeExcel -->
  <testcase name="@BeforeMethod setUp" time="0.0" classname="com.edge.syscoshop.online.TestSyscoExecutor">
    <skipped/>
  </testcase> <!-- @BeforeMethod setUp -->
  <testcase name="@AfterMethod writeExcel" time="0.0" classname="com.edge.syscoshop.online.TestSyscoExecutor">
    <skipped/>
  </testcase> <!-- @AfterMethod writeExcel -->
  <testcase name="@BeforeMethod setUp" time="0.0" classname="com.edge.syscoshop.online.TestSyscoExecutor">
    <skipped/>
  </testcase> <!-- @BeforeMethod setUp -->
  <testcase name="@AfterMethod writeExcel" time="0.0" classname="com.edge.syscoshop.online.TestSyscoExecutor">
    <skipped/>
  </testcase> <!-- @AfterMethod writeExcel -->
  <testcase name="@BeforeMethod setUp" time="0.0" classname="com.edge.syscoshop.online.TestSyscoExecutor">
    <skipped/>
  </testcase> <!-- @BeforeMethod setUp -->
  <testcase name="@AfterMethod writeExcel" time="0.0" classname="com.edge.syscoshop.online.TestSyscoExecutor">
    <skipped/>
  </testcase> <!-- @AfterMethod writeExcel -->
  <testcase name="@BeforeMethod setUp" time="0.0" classname="com.edge.syscoshop.online.TestSyscoExecutor">
    <skipped/>
  </testcase> <!-- @BeforeMethod setUp -->
  <testcase name="@AfterMethod writeExcel" time="0.0" classname="com.edge.syscoshop.online.TestSyscoExecutor">
    <skipped/>
  </testcase> <!-- @AfterMethod writeExcel -->
  <testcase name="@BeforeMethod setUp" time="0.0" classname="com.edge.syscoshop.online.TestSyscoExecutor">
    <skipped/>
  </testcase> <!-- @BeforeMethod setUp -->
  <testcase name="@AfterMethod writeExcel" time="0.0" classname="com.edge.syscoshop.online.TestSyscoExecutor">
    <skipped/>
  </testcase> <!-- @AfterMethod writeExcel -->
  <testcase name="@BeforeMethod setUp" time="0.0" classname="com.edge.syscoshop.online.TestSyscoExecutor">
    <skipped/>
  </testcase> <!-- @BeforeMethod setUp -->
  <testcase name="@AfterMethod writeExcel" time="0.0" classname="com.edge.syscoshop.online.TestSyscoExecutor">
    <skipped/>
  </testcase> <!-- @AfterMethod writeExcel -->
  <testcase name="@BeforeMethod setUp" time="0.0" classname="com.edge.syscoshop.online.TestSyscoExecutor">
    <skipped/>
  </testcase> <!-- @BeforeMethod setUp -->
  <testcase name="@AfterMethod writeExcel" time="0.0" classname="com.edge.syscoshop.online.TestSyscoExecutor">
    <skipped/>
  </testcase> <!-- @AfterMethod writeExcel -->
  <testcase name="@BeforeMethod setUp" time="0.0" classname="com.edge.syscoshop.online.TestSyscoExecutor">
    <skipped/>
  </testcase> <!-- @BeforeMethod setUp -->
  <testcase name="@AfterMethod writeExcel" time="0.0" classname="com.edge.syscoshop.online.TestSyscoExecutor">
    <skipped/>
  </testcase> <!-- @AfterMethod writeExcel -->
  <testcase name="@BeforeMethod setUp" time="0.0" classname="com.edge.syscoshop.online.TestSyscoExecutor">
    <skipped/>
  </testcase> <!-- @BeforeMethod setUp -->
  <testcase name="@AfterMethod writeExcel" time="0.0" classname="com.edge.syscoshop.online.TestSyscoExecutor">
    <skipped/>
  </testcase> <!-- @AfterMethod writeExcel -->
  <testcase name="@BeforeMethod setUp" time="0.0" classname="com.edge.syscoshop.online.TestSyscoExecutor">
    <skipped/>
  </testcase> <!-- @BeforeMethod setUp -->
  <testcase name="@AfterMethod writeExcel" time="0.0" classname="com.edge.syscoshop.online.TestSyscoExecutor">
    <skipped/>
  </testcase> <!-- @AfterMethod writeExcel -->
  <testcase name="@BeforeMethod setUp" time="0.0" classname="com.edge.syscoshop.online.TestSyscoExecutor">
    <skipped/>
  </testcase> <!-- @BeforeMethod setUp -->
  <testcase name="@AfterMethod writeExcel" time="0.0" classname="com.edge.syscoshop.online.TestSyscoExecutor">
    <skipped/>
  </testcase> <!-- @AfterMethod writeExcel -->
  <testcase name="@BeforeMethod setUp" time="0.0" classname="com.edge.syscoshop.online.TestSyscoExecutor">
    <skipped/>
  </testcase> <!-- @BeforeMethod setUp -->
  <testcase name="@AfterMethod writeExcel" time="0.0" classname="com.edge.syscoshop.online.TestSyscoExecutor">
    <skipped/>
  </testcase> <!-- @AfterMethod writeExcel -->
  <testcase name="@AfterTest closeResources" time="0.0" classname="com.edge.syscoshop.online.TestSyscoExecutor">
    <skipped/>
  </testcase> <!-- @AfterTest closeResources -->
  <testcase name="Export_Mail_OG" time="12.103" classname="com.edge.syscoshop.online.TestSyscoExecutor">
    <failure type="java.lang.AssertionError">
      <![CDATA[java.lang.AssertionError
	at org.junit.Assert.fail(Assert.java:92)
	at org.junit.Assert.assertTrue(Assert.java:43)
	at org.junit.Assert.assertTrue(Assert.java:54)
	at com.edge.syscoshop.online.TestSyscoExecutor.Export_Mail_OG(TestSyscoExecutor.java:254)
	at org.apache.maven.surefire.testng.TestNGExecutor.run(TestNGExecutor.java:77)
	at org.apache.maven.surefire.testng.TestNGDirectoryTestSuite.executeSingleClass(TestNGDirectoryTestSuite.java:126)
	at org.apache.maven.surefire.testng.TestNGDirectoryTestSuite.execute(TestNGDirectoryTestSuite.java:110)
	at org.apache.maven.surefire.testng.TestNGProvider.invoke(TestNGProvider.java:117)
	at org.apache.maven.surefire.util.ReflectionUtils.invokeMethodWithArray2(ReflectionUtils.java:208)
	at org.apache.maven.surefire.booter.ProviderFactory$ProviderProxy.invoke(ProviderFactory.java:158)
	at org.apache.maven.surefire.booter.ProviderFactory.invokeProvider(ProviderFactory.java:86)
	at org.apache.maven.surefire.booter.ForkedBooter.runSuitesInProcess(ForkedBooter.java:153)
	at org.apache.maven.surefire.booter.ForkedBooter.main(ForkedBooter.java:95)
... Removed 25 stack frames]]>
    </failure>
  </testcase> <!-- Export_Mail_OG -->
  <testcase name="Export_Mail_OG" time="0.0" classname="com.edge.syscoshop.online.TestSyscoExecutor">
    <skipped/>
  </testcase> <!-- Export_Mail_OG -->
  <testcase name="Export_Mail_OG" time="0.0" classname="com.edge.syscoshop.online.TestSyscoExecutor">
    <skipped/>
  </testcase> <!-- Export_Mail_OG -->
  <testcase name="Export_Mail_OG" time="0.0" classname="com.edge.syscoshop.online.TestSyscoExecutor">
    <skipped/>
  </testcase> <!-- Export_Mail_OG -->
  <testcase name="Export_Mail_OG" time="0.0" classname="com.edge.syscoshop.online.TestSyscoExecutor">
    <skipped/>
  </testcase> <!-- Export_Mail_OG -->
  <testcase name="Export_Mail_OG" time="0.0" classname="com.edge.syscoshop.online.TestSyscoExecutor">
    <skipped/>
  </testcase> <!-- Export_Mail_OG -->
  <testcase name="Export_Mail_OG" time="0.0" classname="com.edge.syscoshop.online.TestSyscoExecutor">
    <skipped/>
  </testcase> <!-- Export_Mail_OG -->
  <testcase name="Export_Mail_OG" time="0.0" classname="com.edge.syscoshop.online.TestSyscoExecutor">
    <skipped/>
  </testcase> <!-- Export_Mail_OG -->
  <testcase name="Export_Mail_OG" time="0.0" classname="com.edge.syscoshop.online.TestSyscoExecutor">
    <skipped/>
  </testcase> <!-- Export_Mail_OG -->
  <testcase name="Export_Mail_OG" time="0.0" classname="com.edge.syscoshop.online.TestSyscoExecutor">
    <skipped/>
  </testcase> <!-- Export_Mail_OG -->
  <testcase name="Export_Mail_OG" time="0.0" classname="com.edge.syscoshop.online.TestSyscoExecutor">
    <skipped/>
  </testcase> <!-- Export_Mail_OG -->
  <testcase name="Export_Mail_OG" time="0.0" classname="com.edge.syscoshop.online.TestSyscoExecutor">
    <skipped/>
  </testcase> <!-- Export_Mail_OG -->
  <testcase name="Export_Mail_OG" time="0.0" classname="com.edge.syscoshop.online.TestSyscoExecutor">
    <skipped/>
  </testcase> <!-- Export_Mail_OG -->
  <testcase name="Export_Mail_OG" time="0.0" classname="com.edge.syscoshop.online.TestSyscoExecutor">
    <skipped/>
  </testcase> <!-- Export_Mail_OG -->
  <testcase name="Export_Mail_OG" time="0.0" classname="com.edge.syscoshop.online.TestSyscoExecutor">
    <skipped/>
  </testcase> <!-- Export_Mail_OG -->
  <testcase name="Export_Mail_OG" time="0.0" classname="com.edge.syscoshop.online.TestSyscoExecutor">
    <skipped/>
  </testcase> <!-- Export_Mail_OG -->
  <testcase name="Export_Mail_OG" time="0.0" classname="com.edge.syscoshop.online.TestSyscoExecutor">
    <skipped/>
  </testcase> <!-- Export_Mail_OG -->
  <testcase name="Export_Mail_OG" time="0.0" classname="com.edge.syscoshop.online.TestSyscoExecutor">
    <skipped/>
  </testcase> <!-- Export_Mail_OG -->
  <testcase name="Export_Mail_OG" time="0.0" classname="com.edge.syscoshop.online.TestSyscoExecutor">
    <skipped/>
  </testcase> <!-- Export_Mail_OG -->
  <testcase name="Export_Mail_OG" time="0.0" classname="com.edge.syscoshop.online.TestSyscoExecutor">
    <skipped/>
  </testcase> <!-- Export_Mail_OG -->
  <testcase name="Export_Mail_OG" time="0.0" classname="com.edge.syscoshop.online.TestSyscoExecutor">
    <skipped/>
  </testcase> <!-- Export_Mail_OG -->
  <testcase name="Export_Mail_OG" time="0.0" classname="com.edge.syscoshop.online.TestSyscoExecutor">
    <skipped/>
  </testcase> <!-- Export_Mail_OG -->
  <testcase name="Export_Mail_OG" time="0.0" classname="com.edge.syscoshop.online.TestSyscoExecutor">
    <skipped/>
  </testcase> <!-- Export_Mail_OG -->
  <testcase name="Export_Mail_OG" time="0.0" classname="com.edge.syscoshop.online.TestSyscoExecutor">
    <skipped/>
  </testcase> <!-- Export_Mail_OG -->
  <testcase name="Export_Mail_OG" time="0.0" classname="com.edge.syscoshop.online.TestSyscoExecutor">
    <skipped/>
  </testcase> <!-- Export_Mail_OG -->
  <testcase name="Export_Mail_OG" time="0.0" classname="com.edge.syscoshop.online.TestSyscoExecutor">
    <skipped/>
  </testcase> <!-- Export_Mail_OG -->
  <testcase name="Export_Mail_OG" time="0.0" classname="com.edge.syscoshop.online.TestSyscoExecutor">
    <skipped/>
  </testcase> <!-- Export_Mail_OG -->
  <testcase name="Export_Mail_OG" time="0.0" classname="com.edge.syscoshop.online.TestSyscoExecutor">
    <skipped/>
  </testcase> <!-- Export_Mail_OG -->
  <testcase name="Export_Mail_OG" time="0.0" classname="com.edge.syscoshop.online.TestSyscoExecutor">
    <skipped/>
  </testcase> <!-- Export_Mail_OG -->
  <testcase name="Export_Mail_OG" time="0.0" classname="com.edge.syscoshop.online.TestSyscoExecutor">
    <skipped/>
  </testcase> <!-- Export_Mail_OG -->
  <testcase name="Export_Mail_OG" time="0.0" classname="com.edge.syscoshop.online.TestSyscoExecutor">
    <skipped/>
  </testcase> <!-- Export_Mail_OG -->
  <testcase name="Export_Mail_OG" time="0.0" classname="com.edge.syscoshop.online.TestSyscoExecutor">
    <skipped/>
  </testcase> <!-- Export_Mail_OG -->
  <testcase name="Export_Mail_OG" time="0.0" classname="com.edge.syscoshop.online.TestSyscoExecutor">
    <skipped/>
  </testcase> <!-- Export_Mail_OG -->
  <testcase name="Export_Mail_OG" time="0.0" classname="com.edge.syscoshop.online.TestSyscoExecutor">
    <skipped/>
  </testcase> <!-- Export_Mail_OG -->
  <testcase name="Export_Mail_OG" time="0.0" classname="com.edge.syscoshop.online.TestSyscoExecutor">
    <skipped/>
  </testcase> <!-- Export_Mail_OG -->
  <testcase name="Export_Mail_OG" time="0.0" classname="com.edge.syscoshop.online.TestSyscoExecutor">
    <skipped/>
  </testcase> <!-- Export_Mail_OG -->
  <testcase name="Export_Mail_OG" time="0.0" classname="com.edge.syscoshop.online.TestSyscoExecutor">
    <skipped/>
  </testcase> <!-- Export_Mail_OG -->
  <testcase name="Export_Mail_OG" time="0.0" classname="com.edge.syscoshop.online.TestSyscoExecutor">
    <skipped/>
  </testcase> <!-- Export_Mail_OG -->
  <testcase name="Export_Mail_OG" time="0.0" classname="com.edge.syscoshop.online.TestSyscoExecutor">
    <skipped/>
  </testcase> <!-- Export_Mail_OG -->
  <testcase name="Export_Mail_OG" time="0.0" classname="com.edge.syscoshop.online.TestSyscoExecutor">
    <skipped/>
  </testcase> <!-- Export_Mail_OG -->
  <testcase name="Export_Mail_OG" time="0.0" classname="com.edge.syscoshop.online.TestSyscoExecutor">
    <skipped/>
  </testcase> <!-- Export_Mail_OG -->
  <testcase name="Export_Mail_OG" time="0.0" classname="com.edge.syscoshop.online.TestSyscoExecutor">
    <skipped/>
  </testcase> <!-- Export_Mail_OG -->
  <testcase name="Export_Mail_OG" time="0.0" classname="com.edge.syscoshop.online.TestSyscoExecutor">
    <skipped/>
  </testcase> <!-- Export_Mail_OG -->
  <testcase name="Export_Mail_OG" time="0.0" classname="com.edge.syscoshop.online.TestSyscoExecutor">
    <skipped/>
  </testcase> <!-- Export_Mail_OG -->
  <testcase name="Export_Mail_OG" time="0.0" classname="com.edge.syscoshop.online.TestSyscoExecutor">
    <skipped/>
  </testcase> <!-- Export_Mail_OG -->
  <testcase name="Export_Mail_OG" time="0.0" classname="com.edge.syscoshop.online.TestSyscoExecutor">
    <skipped/>
  </testcase> <!-- Export_Mail_OG -->
  <testcase name="Export_Mail_OG" time="0.0" classname="com.edge.syscoshop.online.TestSyscoExecutor">
    <skipped/>
  </testcase> <!-- Export_Mail_OG -->
  <testcase name="Export_Mail_OG" time="0.0" classname="com.edge.syscoshop.online.TestSyscoExecutor">
    <skipped/>
  </testcase> <!-- Export_Mail_OG -->
  <testcase name="Export_Mail_OG" time="0.0" classname="com.edge.syscoshop.online.TestSyscoExecutor">
    <skipped/>
  </testcase> <!-- Export_Mail_OG -->
  <testcase name="Export_Mail_OG" time="0.016" classname="com.edge.syscoshop.online.TestSyscoExecutor">
    <skipped/>
  </testcase> <!-- Export_Mail_OG -->
  <testcase name="Export_Mail_OG" time="0.0" classname="com.edge.syscoshop.online.TestSyscoExecutor">
    <skipped/>
  </testcase> <!-- Export_Mail_OG -->
  <testcase name="Export_Mail_OG" time="0.0" classname="com.edge.syscoshop.online.TestSyscoExecutor">
    <skipped/>
  </testcase> <!-- Export_Mail_OG -->
  <testcase name="Export_Mail_OG" time="0.0" classname="com.edge.syscoshop.online.TestSyscoExecutor">
    <skipped/>
  </testcase> <!-- Export_Mail_OG -->
  <testcase name="Export_Mail_OG" time="0.0" classname="com.edge.syscoshop.online.TestSyscoExecutor">
    <skipped/>
  </testcase> <!-- Export_Mail_OG -->
  <testcase name="Export_Mail_OG" time="0.0" classname="com.edge.syscoshop.online.TestSyscoExecutor">
    <skipped/>
  </testcase> <!-- Export_Mail_OG -->
  <testcase name="Export_Mail_OG" time="0.0" classname="com.edge.syscoshop.online.TestSyscoExecutor">
    <skipped/>
  </testcase> <!-- Export_Mail_OG -->
  <testcase name="Export_Mail_OG" time="0.0" classname="com.edge.syscoshop.online.TestSyscoExecutor">
    <skipped/>
  </testcase> <!-- Export_Mail_OG -->
  <testcase name="Export_Mail_OG" time="0.0" classname="com.edge.syscoshop.online.TestSyscoExecutor">
    <skipped/>
  </testcase> <!-- Export_Mail_OG -->
  <testcase name="Export_Mail_OG" time="0.0" classname="com.edge.syscoshop.online.TestSyscoExecutor">
    <skipped/>
  </testcase> <!-- Export_Mail_OG -->
  <testcase name="Export_Mail_OG" time="0.0" classname="com.edge.syscoshop.online.TestSyscoExecutor">
    <skipped/>
  </testcase> <!-- Export_Mail_OG -->
  <testcase name="Export_Mail_OG" time="0.0" classname="com.edge.syscoshop.online.TestSyscoExecutor">
    <skipped/>
  </testcase> <!-- Export_Mail_OG -->
  <testcase name="Export_Mail_OG" time="0.0" classname="com.edge.syscoshop.online.TestSyscoExecutor">
    <skipped/>
  </testcase> <!-- Export_Mail_OG -->
  <testcase name="Export_Mail_OG" time="0.0" classname="com.edge.syscoshop.online.TestSyscoExecutor">
    <skipped/>
  </testcase> <!-- Export_Mail_OG -->
  <testcase name="Export_Mail_OG" time="0.0" classname="com.edge.syscoshop.online.TestSyscoExecutor">
    <skipped/>
  </testcase> <!-- Export_Mail_OG -->
  <testcase name="Export_Mail_OG" time="0.0" classname="com.edge.syscoshop.online.TestSyscoExecutor">
    <skipped/>
  </testcase> <!-- Export_Mail_OG -->
  <testcase name="Export_Mail_OG" time="0.0" classname="com.edge.syscoshop.online.TestSyscoExecutor">
    <skipped/>
  </testcase> <!-- Export_Mail_OG -->
  <testcase name="Export_Mail_OG" time="0.0" classname="com.edge.syscoshop.online.TestSyscoExecutor">
    <skipped/>
  </testcase> <!-- Export_Mail_OG -->
  <testcase name="Export_Mail_OG" time="0.0" classname="com.edge.syscoshop.online.TestSyscoExecutor">
    <skipped/>
  </testcase> <!-- Export_Mail_OG -->
  <testcase name="Export_Mail_OG" time="0.0" classname="com.edge.syscoshop.online.TestSyscoExecutor">
    <skipped/>
  </testcase> <!-- Export_Mail_OG -->
  <testcase name="Export_Mail_OG" time="0.0" classname="com.edge.syscoshop.online.TestSyscoExecutor">
    <skipped/>
  </testcase> <!-- Export_Mail_OG -->
  <testcase name="Export_Mail_OG" time="0.0" classname="com.edge.syscoshop.online.TestSyscoExecutor">
    <skipped/>
  </testcase> <!-- Export_Mail_OG -->
  <testcase name="Export_Mail_OG" time="0.0" classname="com.edge.syscoshop.online.TestSyscoExecutor">
    <skipped/>
  </testcase> <!-- Export_Mail_OG -->
  <testcase name="Export_Mail_OG" time="0.0" classname="com.edge.syscoshop.online.TestSyscoExecutor">
    <skipped/>
  </testcase> <!-- Export_Mail_OG -->
  <testcase name="Export_Mail_OG" time="0.0" classname="com.edge.syscoshop.online.TestSyscoExecutor">
    <skipped/>
  </testcase> <!-- Export_Mail_OG -->
  <testcase name="Export_Mail_OG" time="0.0" classname="com.edge.syscoshop.online.TestSyscoExecutor">
    <skipped/>
  </testcase> <!-- Export_Mail_OG -->
  <testcase name="Export_Mail_OG" time="0.0" classname="com.edge.syscoshop.online.TestSyscoExecutor">
    <skipped/>
  </testcase> <!-- Export_Mail_OG -->
  <testcase name="Export_Mail_OG" time="0.0" classname="com.edge.syscoshop.online.TestSyscoExecutor">
    <skipped/>
  </testcase> <!-- Export_Mail_OG -->
  <testcase name="Export_Mail_OG" time="0.0" classname="com.edge.syscoshop.online.TestSyscoExecutor">
    <skipped/>
  </testcase> <!-- Export_Mail_OG -->
  <testcase name="Export_Mail_OG" time="0.0" classname="com.edge.syscoshop.online.TestSyscoExecutor">
    <skipped/>
  </testcase> <!-- Export_Mail_OG -->
  <testcase name="Export_Mail_OG" time="0.0" classname="com.edge.syscoshop.online.TestSyscoExecutor">
    <skipped/>
  </testcase> <!-- Export_Mail_OG -->
  <testcase name="Export_Mail_OG" time="0.0" classname="com.edge.syscoshop.online.TestSyscoExecutor">
    <skipped/>
  </testcase> <!-- Export_Mail_OG -->
  <testcase name="Export_Mail_OG" time="0.0" classname="com.edge.syscoshop.online.TestSyscoExecutor">
    <skipped/>
  </testcase> <!-- Export_Mail_OG -->
  <testcase name="Export_Mail_OG" time="0.0" classname="com.edge.syscoshop.online.TestSyscoExecutor">
    <skipped/>
  </testcase> <!-- Export_Mail_OG -->
  <testcase name="Export_Mail_OG" time="0.0" classname="com.edge.syscoshop.online.TestSyscoExecutor">
    <skipped/>
  </testcase> <!-- Export_Mail_OG -->
  <testcase name="Export_Mail_OG" time="0.0" classname="com.edge.syscoshop.online.TestSyscoExecutor">
    <skipped/>
  </testcase> <!-- Export_Mail_OG -->
  <testcase name="Export_Mail_OG" time="0.0" classname="com.edge.syscoshop.online.TestSyscoExecutor">
    <skipped/>
  </testcase> <!-- Export_Mail_OG -->
  <testcase name="Export_Mail_OG" time="0.0" classname="com.edge.syscoshop.online.TestSyscoExecutor">
    <skipped/>
  </testcase> <!-- Export_Mail_OG -->
  <testcase name="Export_Mail_OG" time="0.0" classname="com.edge.syscoshop.online.TestSyscoExecutor">
    <skipped/>
  </testcase> <!-- Export_Mail_OG -->
  <testcase name="Export_Mail_OG" time="0.0" classname="com.edge.syscoshop.online.TestSyscoExecutor">
    <skipped/>
  </testcase> <!-- Export_Mail_OG -->
  <testcase name="Export_Mail_OG" time="0.0" classname="com.edge.syscoshop.online.TestSyscoExecutor">
    <skipped/>
  </testcase> <!-- Export_Mail_OG -->
  <testcase name="Export_Mail_OG" time="0.0" classname="com.edge.syscoshop.online.TestSyscoExecutor">
    <skipped/>
  </testcase> <!-- Export_Mail_OG -->
  <testcase name="Export_Mail_OG" time="0.0" classname="com.edge.syscoshop.online.TestSyscoExecutor">
    <skipped/>
  </testcase> <!-- Export_Mail_OG -->
  <testcase name="Export_Mail_OG" time="0.0" classname="com.edge.syscoshop.online.TestSyscoExecutor">
    <skipped/>
  </testcase> <!-- Export_Mail_OG -->
  <testcase name="Export_Mail_OG" time="0.0" classname="com.edge.syscoshop.online.TestSyscoExecutor">
    <skipped/>
  </testcase> <!-- Export_Mail_OG -->
  <testcase name="Export_Mail_OG" time="0.0" classname="com.edge.syscoshop.online.TestSyscoExecutor">
    <skipped/>
  </testcase> <!-- Export_Mail_OG -->
  <testcase name="Export_Mail_OG" time="0.0" classname="com.edge.syscoshop.online.TestSyscoExecutor">
    <skipped/>
  </testcase> <!-- Export_Mail_OG -->
</testsuite> <!-- Command line test -->
