<?xml version="1.0" encoding="UTF-8"?>
<testng-results skipped="95" failed="1" total="96" passed="0">
  <reporter-output>
  </reporter-output>
  <suite name="com.edge.syscoshop.online.TestSyscoExecutor" duration-ms="16516" started-at="2022-10-14T16:41:56Z" finished-at="2022-10-14T16:42:13Z">
    <groups>
    </groups>
    <test name="Command line test" duration-ms="16516" started-at="2022-10-14T16:41:56Z" finished-at="2022-10-14T16:42:13Z">
      <class name="com.edge.syscoshop.online.TestSyscoExecutor">
        <test-method status="PASS" signature="set()[pri:0, instance:com.edge.syscoshop.online.TestSyscoExecutor@4cc0edeb]" name="set" is-config="true" duration-ms="360" started-at="2022-10-14T12:41:56Z" finished-at="2022-10-14T12:41:56Z">
          <reporter-output>
          </reporter-output>
        </test-method> <!-- set -->
        <test-method status="PASS" signature="beforeData()[pri:0, instance:com.edge.syscoshop.online.TestSyscoExecutor@4cc0edeb]" name="beforeData" is-config="true" duration-ms="953" started-at="2022-10-14T12:41:56Z" finished-at="2022-10-14T12:41:57Z">
          <reporter-output>
          </reporter-output>
        </test-method> <!-- beforeData -->
        <test-method status="PASS" signature="setUp()[pri:0, instance:com.edge.syscoshop.online.TestSyscoExecutor@4cc0edeb]" name="setUp" is-config="true" duration-ms="3318" started-at="2022-10-14T12:41:57Z" finished-at="2022-10-14T12:42:01Z">
          <reporter-output>
          </reporter-output>
        </test-method> <!-- setUp -->
        <test-method status="FAIL" signature="Export_Mail_OG(java.lang.String, java.lang.String, java.lang.String, java.lang.String, java.lang.String, java.lang.String, java.lang.String, java.lang.String, java.lang.String, java.lang.String)[pri:0, instance:com.edge.syscoshop.online.TestSyscoExecutor@4cc0edeb]" name="Export_Mail_OG" duration-ms="12103" started-at="2022-10-14T12:42:01Z" data-provider="testData" finished-at="2022-10-14T12:42:13Z">
          <params>
            <param index="0">
              <value>
                <![CDATA[Yes]]>
              </value>
            </param>
            <param index="1">
              <value>
                <![CDATA[43Bar_Sysco]]>
              </value>
            </param>
            <param index="2">
              <value>
                <![CDATA[Sysco]]>
              </value>
            </param>
            <param index="3">
              <value>
                <![CDATA[43 Bar & Grill]]>
              </value>
            </param>
            <param index="4">
              <value>
                <![CDATA[Bar43ny@gmail.com]]>
              </value>
            </param>
            <param index="5">
              <value>
                <![CDATA[Offaly43]]>
              </value>
            </param>
            <param index="6">
              <value>
                <![CDATA[Dining Edge]]>
              </value>
            </param>
            <param index="7">
              <value is-null="true"/>
            </param>
            <param index="8">
              <value is-null="true"/>
            </param>
            <param index="9">
              <value is-null="true"/>
            </param>
          </params>
          <exception class="java.lang.AssertionError">
            <full-stacktrace>
              <![CDATA[java.lang.AssertionError
	at org.junit.Assert.fail(Assert.java:92)
	at org.junit.Assert.assertTrue(Assert.java:43)
	at org.junit.Assert.assertTrue(Assert.java:54)
	at com.edge.syscoshop.online.TestSyscoExecutor.Export_Mail_OG(TestSyscoExecutor.java:254)
	at sun.reflect.NativeMethodAccessorImpl.invoke0(Native Method)
	at sun.reflect.NativeMethodAccessorImpl.invoke(NativeMethodAccessorImpl.java:62)
	at sun.reflect.DelegatingMethodAccessorImpl.invoke(DelegatingMethodAccessorImpl.java:43)
	at java.lang.reflect.Method.invoke(Method.java:498)
	at org.testng.internal.MethodInvocationHelper.invokeMethod(MethodInvocationHelper.java:80)
	at org.testng.internal.Invoker.invokeMethod(Invoker.java:714)
	at org.testng.internal.Invoker.invokeTestMethod(Invoker.java:901)
	at org.testng.internal.Invoker.invokeTestMethods(Invoker.java:1231)
	at org.testng.internal.TestMethodWorker.invokeTestMethods(TestMethodWorker.java:127)
	at org.testng.internal.TestMethodWorker.run(TestMethodWorker.java:111)
	at org.testng.TestRunner.privateRun(TestRunner.java:767)
	at org.testng.TestRunner.run(TestRunner.java:617)
	at org.testng.SuiteRunner.runTest(SuiteRunner.java:334)
	at org.testng.SuiteRunner.runSequentially(SuiteRunner.java:329)
	at org.testng.SuiteRunner.privateRun(SuiteRunner.java:291)
	at org.testng.SuiteRunner.run(SuiteRunner.java:240)
	at org.testng.SuiteRunnerWorker.runSuite(SuiteRunnerWorker.java:52)
	at org.testng.SuiteRunnerWorker.run(SuiteRunnerWorker.java:86)
	at org.testng.TestNG.runSuitesSequentially(TestNG.java:1198)
	at org.testng.TestNG.runSuitesLocally(TestNG.java:1123)
	at org.testng.TestNG.run(TestNG.java:1031)
	at org.apache.maven.surefire.testng.TestNGExecutor.run(TestNGExecutor.java:77)
	at org.apache.maven.surefire.testng.TestNGDirectoryTestSuite.executeSingleClass(TestNGDirectoryTestSuite.java:126)
	at org.apache.maven.surefire.testng.TestNGDirectoryTestSuite.execute(TestNGDirectoryTestSuite.java:110)
	at org.apache.maven.surefire.testng.TestNGProvider.invoke(TestNGProvider.java:117)
	at sun.reflect.NativeMethodAccessorImpl.invoke0(Native Method)
	at sun.reflect.NativeMethodAccessorImpl.invoke(NativeMethodAccessorImpl.java:62)
	at sun.reflect.DelegatingMethodAccessorImpl.invoke(DelegatingMethodAccessorImpl.java:43)
	at java.lang.reflect.Method.invoke(Method.java:498)
	at org.apache.maven.surefire.util.ReflectionUtils.invokeMethodWithArray2(ReflectionUtils.java:208)
	at org.apache.maven.surefire.booter.ProviderFactory$ProviderProxy.invoke(ProviderFactory.java:158)
	at org.apache.maven.surefire.booter.ProviderFactory.invokeProvider(ProviderFactory.java:86)
	at org.apache.maven.surefire.booter.ForkedBooter.runSuitesInProcess(ForkedBooter.java:153)
	at org.apache.maven.surefire.booter.ForkedBooter.main(ForkedBooter.java:95)
]]>
            </full-stacktrace>
          </exception> <!-- java.lang.AssertionError -->
          <reporter-output>
          </reporter-output>
        </test-method> <!-- Export_Mail_OG -->
        <test-method status="FAIL" signature="writeExcel()[pri:0, instance:com.edge.syscoshop.online.TestSyscoExecutor@4cc0edeb]" name="writeExcel" is-config="true" duration-ms="0" started-at="2022-10-14T12:42:13Z" finished-at="2022-10-14T12:42:13Z">
          <exception class="java.lang.RuntimeException">
            <message>
              <![CDATA[Unexpected result for screenshot command: com.google.common.collect.Maps$TransformedEntriesMap instance]]>
            </message>
            <full-stacktrace>
              <![CDATA[java.lang.RuntimeException: Unexpected result for screenshot command: com.google.common.collect.Maps$TransformedEntriesMap instance
	at org.openqa.selenium.remote.RemoteWebDriver.getScreenshotAs(RemoteWebDriver.java:349)
	at com.framework.commonUtils.CommonSysco.onTestFailure(CommonSysco.java:282)
	at com.edge.syscoshop.online.TestSyscoExecutor.writeExcel(TestSyscoExecutor.java:89)
	at sun.reflect.NativeMethodAccessorImpl.invoke0(Native Method)
	at sun.reflect.NativeMethodAccessorImpl.invoke(NativeMethodAccessorImpl.java:62)
	at sun.reflect.DelegatingMethodAccessorImpl.invoke(DelegatingMethodAccessorImpl.java:43)
	at java.lang.reflect.Method.invoke(Method.java:498)
	at org.testng.internal.MethodInvocationHelper.invokeMethod(MethodInvocationHelper.java:80)
	at org.testng.internal.Invoker.invokeConfigurationMethod(Invoker.java:564)
	at org.testng.internal.Invoker.invokeConfigurations(Invoker.java:213)
	at org.testng.internal.Invoker.invokeMethod(Invoker.java:786)
	at org.testng.internal.Invoker.invokeTestMethod(Invoker.java:901)
	at org.testng.internal.Invoker.invokeTestMethods(Invoker.java:1231)
	at org.testng.internal.TestMethodWorker.invokeTestMethods(TestMethodWorker.java:127)
	at org.testng.internal.TestMethodWorker.run(TestMethodWorker.java:111)
	at org.testng.TestRunner.privateRun(TestRunner.java:767)
	at org.testng.TestRunner.run(TestRunner.java:617)
	at org.testng.SuiteRunner.runTest(SuiteRunner.java:334)
	at org.testng.SuiteRunner.runSequentially(SuiteRunner.java:329)
	at org.testng.SuiteRunner.privateRun(SuiteRunner.java:291)
	at org.testng.SuiteRunner.run(SuiteRunner.java:240)
	at org.testng.SuiteRunnerWorker.runSuite(SuiteRunnerWorker.java:52)
	at org.testng.SuiteRunnerWorker.run(SuiteRunnerWorker.java:86)
	at org.testng.TestNG.runSuitesSequentially(TestNG.java:1198)
	at org.testng.TestNG.runSuitesLocally(TestNG.java:1123)
	at org.testng.TestNG.run(TestNG.java:1031)
	at org.apache.maven.surefire.testng.TestNGExecutor.run(TestNGExecutor.java:77)
	at org.apache.maven.surefire.testng.TestNGDirectoryTestSuite.executeSingleClass(TestNGDirectoryTestSuite.java:126)
	at org.apache.maven.surefire.testng.TestNGDirectoryTestSuite.execute(TestNGDirectoryTestSuite.java:110)
	at org.apache.maven.surefire.testng.TestNGProvider.invoke(TestNGProvider.java:117)
	at sun.reflect.NativeMethodAccessorImpl.invoke0(Native Method)
	at sun.reflect.NativeMethodAccessorImpl.invoke(NativeMethodAccessorImpl.java:62)
	at sun.reflect.DelegatingMethodAccessorImpl.invoke(DelegatingMethodAccessorImpl.java:43)
	at java.lang.reflect.Method.invoke(Method.java:498)
	at org.apache.maven.surefire.util.ReflectionUtils.invokeMethodWithArray2(ReflectionUtils.java:208)
	at org.apache.maven.surefire.booter.ProviderFactory$ProviderProxy.invoke(ProviderFactory.java:158)
	at org.apache.maven.surefire.booter.ProviderFactory.invokeProvider(ProviderFactory.java:86)
	at org.apache.maven.surefire.booter.ForkedBooter.runSuitesInProcess(ForkedBooter.java:153)
	at org.apache.maven.surefire.booter.ForkedBooter.main(ForkedBooter.java:95)
]]>
            </full-stacktrace>
          </exception> <!-- java.lang.RuntimeException -->
          <reporter-output>
          </reporter-output>
        </test-method> <!-- writeExcel -->
        <test-method status="SKIP" signature="setUp()[pri:0, instance:com.edge.syscoshop.online.TestSyscoExecutor@4cc0edeb]" name="setUp" is-config="true" duration-ms="0" started-at="2022-10-14T12:42:13Z" finished-at="2022-10-14T12:42:13Z">
          <reporter-output>
          </reporter-output>
        </test-method> <!-- setUp -->
        <test-method status="SKIP" signature="Export_Mail_OG(java.lang.String, java.lang.String, java.lang.String, java.lang.String, java.lang.String, java.lang.String, java.lang.String, java.lang.String, java.lang.String, java.lang.String)[pri:0, instance:com.edge.syscoshop.online.TestSyscoExecutor@4cc0edeb]" name="Export_Mail_OG" duration-ms="0" started-at="2022-10-14T12:42:13Z" data-provider="testData" finished-at="2022-10-14T12:42:13Z">
          <params>
            <param index="0">
              <value>
                <![CDATA[Yes]]>
              </value>
            </param>
            <param index="1">
              <value>
                <![CDATA[Citizens_Sysco]]>
              </value>
            </param>
            <param index="2">
              <value>
                <![CDATA[Sysco]]>
              </value>
            </param>
            <param index="3">
              <value>
                <![CDATA[Citizen's Grill]]>
              </value>
            </param>
            <param index="4">
              <value>
                <![CDATA[citizensgrillorders@gmail.com]]>
              </value>
            </param>
            <param index="5">
              <value>
                <![CDATA[Esave2017$]]>
              </value>
            </param>
            <param index="6">
              <value>
                <![CDATA[Citizens 2019]]>
              </value>
            </param>
            <param index="7">
              <value is-null="true"/>
            </param>
            <param index="8">
              <value is-null="true"/>
            </param>
            <param index="9">
              <value is-null="true"/>
            </param>
          </params>
          <reporter-output>
          </reporter-output>
        </test-method> <!-- Export_Mail_OG -->
        <test-method status="SKIP" signature="writeExcel()[pri:0, instance:com.edge.syscoshop.online.TestSyscoExecutor@4cc0edeb]" name="writeExcel" is-config="true" duration-ms="0" started-at="2022-10-14T12:42:13Z" finished-at="2022-10-14T12:42:13Z">
          <reporter-output>
          </reporter-output>
        </test-method> <!-- writeExcel -->
        <test-method status="SKIP" signature="setUp()[pri:0, instance:com.edge.syscoshop.online.TestSyscoExecutor@4cc0edeb]" name="setUp" is-config="true" duration-ms="0" started-at="2022-10-14T12:42:13Z" finished-at="2022-10-14T12:42:13Z">
          <reporter-output>
          </reporter-output>
        </test-method> <!-- setUp -->
        <test-method status="SKIP" signature="writeExcel()[pri:0, instance:com.edge.syscoshop.online.TestSyscoExecutor@4cc0edeb]" name="writeExcel" is-config="true" duration-ms="0" started-at="2022-10-14T12:42:13Z" finished-at="2022-10-14T12:42:13Z">
          <reporter-output>
          </reporter-output>
        </test-method> <!-- writeExcel -->
        <test-method status="SKIP" signature="setUp()[pri:0, instance:com.edge.syscoshop.online.TestSyscoExecutor@4cc0edeb]" name="setUp" is-config="true" duration-ms="0" started-at="2022-10-14T12:42:13Z" finished-at="2022-10-14T12:42:13Z">
          <reporter-output>
          </reporter-output>
        </test-method> <!-- setUp -->
        <test-method status="SKIP" signature="writeExcel()[pri:0, instance:com.edge.syscoshop.online.TestSyscoExecutor@4cc0edeb]" name="writeExcel" is-config="true" duration-ms="0" started-at="2022-10-14T12:42:13Z" finished-at="2022-10-14T12:42:13Z">
          <reporter-output>
          </reporter-output>
        </test-method> <!-- writeExcel -->
        <test-method status="SKIP" signature="Export_Mail_OG(java.lang.String, java.lang.String, java.lang.String, java.lang.String, java.lang.String, java.lang.String, java.lang.String, java.lang.String, java.lang.String, java.lang.String)[pri:0, instance:com.edge.syscoshop.online.TestSyscoExecutor@4cc0edeb]" name="Export_Mail_OG" duration-ms="0" started-at="2022-10-14T12:42:13Z" data-provider="testData" finished-at="2022-10-14T12:42:13Z">
          <params>
            <param index="0">
              <value>
                <![CDATA[Yes]]>
              </value>
            </param>
            <param index="1">
              <value>
                <![CDATA[CircleHouse_Sysco]]>
              </value>
            </param>
            <param index="2">
              <value>
                <![CDATA[Sysco]]>
              </value>
            </param>
            <param index="3">
              <value>
                <![CDATA[Circle House Coffee]]>
              </value>
            </param>
            <param index="4">
              <value>
                <![CDATA[joseph@circlehousecoffee.com]]>
              </value>
            </param>
            <param index="5">
              <value>
                <![CDATA[Circle727**]]>
              </value>
            </param>
            <param index="6">
              <value>
                <![CDATA[Order Guide]]>
              </value>
            </param>
            <param index="7">
              <value is-null="true"/>
            </param>
            <param index="8">
              <value is-null="true"/>
            </param>
            <param index="9">
              <value is-null="true"/>
            </param>
          </params>
          <reporter-output>
          </reporter-output>
        </test-method> <!-- Export_Mail_OG -->
        <test-method status="SKIP" signature="setUp()[pri:0, instance:com.edge.syscoshop.online.TestSyscoExecutor@4cc0edeb]" name="setUp" is-config="true" duration-ms="0" started-at="2022-10-14T12:42:13Z" finished-at="2022-10-14T12:42:13Z">
          <reporter-output>
          </reporter-output>
        </test-method> <!-- setUp -->
        <test-method status="SKIP" signature="setUp()[pri:0, instance:com.edge.syscoshop.online.TestSyscoExecutor@4cc0edeb]" name="setUp" is-config="true" duration-ms="0" started-at="2022-10-14T12:42:13Z" finished-at="2022-10-14T12:42:13Z">
          <reporter-output>
          </reporter-output>
        </test-method> <!-- setUp -->
        <test-method status="SKIP" signature="setUp()[pri:0, instance:com.edge.syscoshop.online.TestSyscoExecutor@4cc0edeb]" name="setUp" is-config="true" duration-ms="0" started-at="2022-10-14T12:42:13Z" finished-at="2022-10-14T12:42:13Z">
          <reporter-output>
          </reporter-output>
        </test-method> <!-- setUp -->
        <test-method status="SKIP" signature="setUp()[pri:0, instance:com.edge.syscoshop.online.TestSyscoExecutor@4cc0edeb]" name="setUp" is-config="true" duration-ms="0" started-at="2022-10-14T12:42:13Z" finished-at="2022-10-14T12:42:13Z">
          <reporter-output>
          </reporter-output>
        </test-method> <!-- setUp -->
        <test-method status="SKIP" signature="writeExcel()[pri:0, instance:com.edge.syscoshop.online.TestSyscoExecutor@4cc0edeb]" name="writeExcel" is-config="true" duration-ms="0" started-at="2022-10-14T12:42:13Z" finished-at="2022-10-14T12:42:13Z">
          <reporter-output>
          </reporter-output>
        </test-method> <!-- writeExcel -->
        <test-method status="SKIP" signature="setUp()[pri:0, instance:com.edge.syscoshop.online.TestSyscoExecutor@4cc0edeb]" name="setUp" is-config="true" duration-ms="0" started-at="2022-10-14T12:42:13Z" finished-at="2022-10-14T12:42:13Z">
          <reporter-output>
          </reporter-output>
        </test-method> <!-- setUp -->
        <test-method status="SKIP" signature="setUp()[pri:0, instance:com.edge.syscoshop.online.TestSyscoExecutor@4cc0edeb]" name="setUp" is-config="true" duration-ms="0" started-at="2022-10-14T12:42:13Z" finished-at="2022-10-14T12:42:13Z">
          <reporter-output>
          </reporter-output>
        </test-method> <!-- setUp -->
        <test-method status="SKIP" signature="setUp()[pri:0, instance:com.edge.syscoshop.online.TestSyscoExecutor@4cc0edeb]" name="setUp" is-config="true" duration-ms="0" started-at="2022-10-14T12:42:13Z" finished-at="2022-10-14T12:42:13Z">
          <reporter-output>
          </reporter-output>
        </test-method> <!-- setUp -->
        <test-method status="SKIP" signature="Export_Mail_OG(java.lang.String, java.lang.String, java.lang.String, java.lang.String, java.lang.String, java.lang.String, java.lang.String, java.lang.String, java.lang.String, java.lang.String)[pri:0, instance:com.edge.syscoshop.online.TestSyscoExecutor@4cc0edeb]" name="Export_Mail_OG" duration-ms="0" started-at="2022-10-14T12:42:13Z" data-provider="testData" finished-at="2022-10-14T12:42:13Z">
          <params>
            <param index="0">
              <value>
                <![CDATA[Yes]]>
              </value>
            </param>
            <param index="1">
              <value>
                <![CDATA[Bozeman_Sysco]]>
              </value>
            </param>
            <param index="2">
              <value>
                <![CDATA[Sysco]]>
              </value>
            </param>
            <param index="3">
              <value>
                <![CDATA[Blue Collar JH - Sidewinders Bozeman]]>
              </value>
            </param>
            <param index="4">
              <value>
                <![CDATA[ellie@bcrg.co]]>
              </value>
            </param>
            <param index="5">
              <value>
                <![CDATA[Santaclara4]]>
              </value>
            </param>
            <param index="6">
              <value>
                <![CDATA[Dining Edge Sidewinders]]>
              </value>
            </param>
            <param index="7">
              <value>
                <![CDATA[043-725556]]>
              </value>
            </param>
            <param index="8">
              <value is-null="true"/>
            </param>
            <param index="9">
              <value is-null="true"/>
            </param>
          </params>
          <reporter-output>
          </reporter-output>
        </test-method> <!-- Export_Mail_OG -->
        <test-method status="SKIP" signature="writeExcel()[pri:0, instance:com.edge.syscoshop.online.TestSyscoExecutor@4cc0edeb]" name="writeExcel" is-config="true" duration-ms="0" started-at="2022-10-14T12:42:13Z" finished-at="2022-10-14T12:42:13Z">
          <reporter-output>
          </reporter-output>
        </test-method> <!-- writeExcel -->
        <test-method status="SKIP" signature="Export_Mail_OG(java.lang.String, java.lang.String, java.lang.String, java.lang.String, java.lang.String, java.lang.String, java.lang.String, java.lang.String, java.lang.String, java.lang.String)[pri:0, instance:com.edge.syscoshop.online.TestSyscoExecutor@4cc0edeb]" name="Export_Mail_OG" duration-ms="0" started-at="2022-10-14T12:42:13Z" data-provider="testData" finished-at="2022-10-14T12:42:13Z">
          <params>
            <param index="0">
              <value>
                <![CDATA[Yes]]>
              </value>
            </param>
            <param index="1">
              <value>
                <![CDATA[Merry_Sysco]]>
              </value>
            </param>
            <param index="2">
              <value>
                <![CDATA[Sysco]]>
              </value>
            </param>
            <param index="3">
              <value>
                <![CDATA[Blue Collar Restaurant Group - Merry Piglets]]>
              </value>
            </param>
            <param index="4">
              <value>
                <![CDATA[DLHURLEY@SBCGLOBAL.NET]]>
              </value>
            </param>
            <param index="5">
              <value>
                <![CDATA[Gorda123]]>
              </value>
            </param>
            <param index="6">
              <value>
                <![CDATA[Dining Edge Merry Piglets]]>
              </value>
            </param>
            <param index="7">
              <value>
                <![CDATA[005-008111]]>
              </value>
            </param>
            <param index="8">
              <value is-null="true"/>
            </param>
            <param index="9">
              <value is-null="true"/>
            </param>
          </params>
          <reporter-output>
          </reporter-output>
        </test-method> <!-- Export_Mail_OG -->
        <test-method status="SKIP" signature="writeExcel()[pri:0, instance:com.edge.syscoshop.online.TestSyscoExecutor@4cc0edeb]" name="writeExcel" is-config="true" duration-ms="0" started-at="2022-10-14T12:42:13Z" finished-at="2022-10-14T12:42:13Z">
          <reporter-output>
          </reporter-output>
        </test-method> <!-- writeExcel -->
        <test-method status="SKIP" signature="Export_Mail_OG(java.lang.String, java.lang.String, java.lang.String, java.lang.String, java.lang.String, java.lang.String, java.lang.String, java.lang.String, java.lang.String, java.lang.String)[pri:0, instance:com.edge.syscoshop.online.TestSyscoExecutor@4cc0edeb]" name="Export_Mail_OG" duration-ms="0" started-at="2022-10-14T12:42:13Z" data-provider="testData" finished-at="2022-10-14T12:42:13Z">
          <params>
            <param index="0">
              <value>
                <![CDATA[Yes]]>
              </value>
            </param>
            <param index="1">
              <value>
                <![CDATA[Sidewinders_Sysco]]>
              </value>
            </param>
            <param index="2">
              <value>
                <![CDATA[Sysco]]>
              </value>
            </param>
            <param index="3">
              <value>
                <![CDATA[Blue Collar Restaurant Group - Sidewinders American Grille Jackson]]>
              </value>
            </param>
            <param index="4">
              <value>
                <![CDATA[DLHURLEY@SBCGLOBAL.NET]]>
              </value>
            </param>
            <param index="5">
              <value>
                <![CDATA[Gorda123]]>
              </value>
            </param>
            <param index="6">
              <value>
                <![CDATA[Dining Edge Sidewinders]]>
              </value>
            </param>
            <param index="7">
              <value>
                <![CDATA[005-008177]]>
              </value>
            </param>
            <param index="8">
              <value is-null="true"/>
            </param>
            <param index="9">
              <value is-null="true"/>
            </param>
          </params>
          <reporter-output>
          </reporter-output>
        </test-method> <!-- Export_Mail_OG -->
        <test-method status="SKIP" signature="Export_Mail_OG(java.lang.String, java.lang.String, java.lang.String, java.lang.String, java.lang.String, java.lang.String, java.lang.String, java.lang.String, java.lang.String, java.lang.String)[pri:0, instance:com.edge.syscoshop.online.TestSyscoExecutor@4cc0edeb]" name="Export_Mail_OG" duration-ms="0" started-at="2022-10-14T12:42:13Z" data-provider="testData" finished-at="2022-10-14T12:42:13Z">
          <params>
            <param index="0">
              <value>
                <![CDATA[Yes]]>
              </value>
            </param>
            <param index="1">
              <value>
                <![CDATA[Noodle_Sysco]]>
              </value>
            </param>
            <param index="2">
              <value>
                <![CDATA[Sysco]]>
              </value>
            </param>
            <param index="3">
              <value>
                <![CDATA[Blue Collar Restaurant Group - Noodle Kitchen]]>
              </value>
            </param>
            <param index="4">
              <value>
                <![CDATA[DLHURLEY@SBCGLOBAL.NET]]>
              </value>
            </param>
            <param index="5">
              <value>
                <![CDATA[Gorda123]]>
              </value>
            </param>
            <param index="6">
              <value>
                <![CDATA[Dining Edge Noodle Kitchen]]>
              </value>
            </param>
            <param index="7">
              <value>
                <![CDATA[005-007856]]>
              </value>
            </param>
            <param index="8">
              <value is-null="true"/>
            </param>
            <param index="9">
              <value is-null="true"/>
            </param>
          </params>
          <reporter-output>
          </reporter-output>
        </test-method> <!-- Export_Mail_OG -->
        <test-method status="SKIP" signature="Export_Mail_OG(java.lang.String, java.lang.String, java.lang.String, java.lang.String, java.lang.String, java.lang.String, java.lang.String, java.lang.String, java.lang.String, java.lang.String)[pri:0, instance:com.edge.syscoshop.online.TestSyscoExecutor@4cc0edeb]" name="Export_Mail_OG" duration-ms="0" started-at="2022-10-14T12:42:13Z" data-provider="testData" finished-at="2022-10-14T12:42:13Z">
          <params>
            <param index="0">
              <value>
                <![CDATA[Yes]]>
              </value>
            </param>
            <param index="1">
              <value>
                <![CDATA[Bagels_Sysco]]>
              </value>
            </param>
            <param index="2">
              <value>
                <![CDATA[Sysco]]>
              </value>
            </param>
            <param index="3">
              <value>
                <![CDATA[Bagels with Deli]]>
              </value>
            </param>
            <param index="4">
              <value>
                <![CDATA[tbalchan@jahachick.com]]>
              </value>
            </param>
            <param index="5">
              <value>
                <![CDATA[BWDjaha@1732]]>
              </value>
            </param>
            <param index="6">
              <value>
                <![CDATA[1st List]]>
              </value>
            </param>
            <param index="7">
              <value is-null="true"/>
            </param>
            <param index="8">
              <value is-null="true"/>
            </param>
            <param index="9">
              <value is-null="true"/>
            </param>
          </params>
          <reporter-output>
          </reporter-output>
        </test-method> <!-- Export_Mail_OG -->
        <test-method status="SKIP" signature="writeExcel()[pri:0, instance:com.edge.syscoshop.online.TestSyscoExecutor@4cc0edeb]" name="writeExcel" is-config="true" duration-ms="0" started-at="2022-10-14T12:42:13Z" finished-at="2022-10-14T12:42:13Z">
          <reporter-output>
          </reporter-output>
        </test-method> <!-- writeExcel -->
        <test-method status="SKIP" signature="writeExcel()[pri:0, instance:com.edge.syscoshop.online.TestSyscoExecutor@4cc0edeb]" name="writeExcel" is-config="true" duration-ms="0" started-at="2022-10-14T12:42:13Z" finished-at="2022-10-14T12:42:13Z">
          <reporter-output>
          </reporter-output>
        </test-method> <!-- writeExcel -->
        <test-method status="SKIP" signature="setUp()[pri:0, instance:com.edge.syscoshop.online.TestSyscoExecutor@4cc0edeb]" name="setUp" is-config="true" duration-ms="0" started-at="2022-10-14T12:42:13Z" finished-at="2022-10-14T12:42:13Z">
          <reporter-output>
          </reporter-output>
        </test-method> <!-- setUp -->
        <test-method status="SKIP" signature="Export_Mail_OG(java.lang.String, java.lang.String, java.lang.String, java.lang.String, java.lang.String, java.lang.String, java.lang.String, java.lang.String, java.lang.String, java.lang.String)[pri:0, instance:com.edge.syscoshop.online.TestSyscoExecutor@4cc0edeb]" name="Export_Mail_OG" duration-ms="0" started-at="2022-10-14T12:42:13Z" data-provider="testData" finished-at="2022-10-14T12:42:13Z">
          <params>
            <param index="0">
              <value>
                <![CDATA[Yes]]>
              </value>
            </param>
            <param index="1">
              <value>
                <![CDATA[Bubbas_Sysco]]>
              </value>
            </param>
            <param index="2">
              <value>
                <![CDATA[Sysco]]>
              </value>
            </param>
            <param index="3">
              <value>
                <![CDATA[Blue Collar Restaurant Group - Bubba's BBQ]]>
              </value>
            </param>
            <param index="4">
              <value>
                <![CDATA[DLHURLEY@SBCGLOBAL.NET]]>
              </value>
            </param>
            <param index="5">
              <value>
                <![CDATA[Gorda123]]>
              </value>
            </param>
            <param index="6">
              <value>
                <![CDATA[Dining Edge Bubba's BBQ]]>
              </value>
            </param>
            <param index="7">
              <value>
                <![CDATA[005-008102]]>
              </value>
            </param>
            <param index="8">
              <value is-null="true"/>
            </param>
            <param index="9">
              <value is-null="true"/>
            </param>
          </params>
          <reporter-output>
          </reporter-output>
        </test-method> <!-- Export_Mail_OG -->
        <test-method status="SKIP" signature="writeExcel()[pri:0, instance:com.edge.syscoshop.online.TestSyscoExecutor@4cc0edeb]" name="writeExcel" is-config="true" duration-ms="0" started-at="2022-10-14T12:42:13Z" finished-at="2022-10-14T12:42:13Z">
          <reporter-output>
          </reporter-output>
        </test-method> <!-- writeExcel -->
        <test-method status="SKIP" signature="writeExcel()[pri:0, instance:com.edge.syscoshop.online.TestSyscoExecutor@4cc0edeb]" name="writeExcel" is-config="true" duration-ms="0" started-at="2022-10-14T12:42:13Z" finished-at="2022-10-14T12:42:13Z">
          <reporter-output>
          </reporter-output>
        </test-method> <!-- writeExcel -->
        <test-method status="SKIP" signature="setUp()[pri:0, instance:com.edge.syscoshop.online.TestSyscoExecutor@4cc0edeb]" name="setUp" is-config="true" duration-ms="0" started-at="2022-10-14T12:42:13Z" finished-at="2022-10-14T12:42:13Z">
          <reporter-output>
          </reporter-output>
        </test-method> <!-- setUp -->
        <test-method status="SKIP" signature="writeExcel()[pri:0, instance:com.edge.syscoshop.online.TestSyscoExecutor@4cc0edeb]" name="writeExcel" is-config="true" duration-ms="0" started-at="2022-10-14T12:42:13Z" finished-at="2022-10-14T12:42:13Z">
          <reporter-output>
          </reporter-output>
        </test-method> <!-- writeExcel -->
        <test-method status="SKIP" signature="setUp()[pri:0, instance:com.edge.syscoshop.online.TestSyscoExecutor@4cc0edeb]" name="setUp" is-config="true" duration-ms="0" started-at="2022-10-14T12:42:13Z" finished-at="2022-10-14T12:42:13Z">
          <reporter-output>
          </reporter-output>
        </test-method> <!-- setUp -->
        <test-method status="SKIP" signature="setUp()[pri:0, instance:com.edge.syscoshop.online.TestSyscoExecutor@4cc0edeb]" name="setUp" is-config="true" duration-ms="0" started-at="2022-10-14T12:42:13Z" finished-at="2022-10-14T12:42:13Z">
          <reporter-output>
          </reporter-output>
        </test-method> <!-- setUp -->
        <test-method status="SKIP" signature="writeExcel()[pri:0, instance:com.edge.syscoshop.online.TestSyscoExecutor@4cc0edeb]" name="writeExcel" is-config="true" duration-ms="0" started-at="2022-10-14T12:42:13Z" finished-at="2022-10-14T12:42:13Z">
          <reporter-output>
          </reporter-output>
        </test-method> <!-- writeExcel -->
        <test-method status="SKIP" signature="Export_Mail_OG(java.lang.String, java.lang.String, java.lang.String, java.lang.String, java.lang.String, java.lang.String, java.lang.String, java.lang.String, java.lang.String, java.lang.String)[pri:0, instance:com.edge.syscoshop.online.TestSyscoExecutor@4cc0edeb]" name="Export_Mail_OG" duration-ms="0" started-at="2022-10-14T12:42:13Z" data-provider="testData" finished-at="2022-10-14T12:42:13Z">
          <params>
            <param index="0">
              <value>
                <![CDATA[Yes]]>
              </value>
            </param>
            <param index="1">
              <value>
                <![CDATA[ChimaFLL_Sysco]]>
              </value>
            </param>
            <param index="2">
              <value>
                <![CDATA[Sysco - FLL]]>
              </value>
            </param>
            <param index="3">
              <value>
                <![CDATA[Chima-Corporate]]>
              </value>
            </param>
            <param index="4">
              <value>
                <![CDATA[eder.dorne@chimasteakhouse.com]]>
              </value>
            </param>
            <param index="5">
              <value>
                <![CDATA[Ed171317]]>
              </value>
            </param>
            <param index="6">
              <value>
                <![CDATA[Chima EDI 2021]]>
              </value>
            </param>
            <param index="7">
              <value is-null="true"/>
            </param>
            <param index="8">
              <value is-null="true"/>
            </param>
            <param index="9">
              <value is-null="true"/>
            </param>
          </params>
          <reporter-output>
          </reporter-output>
        </test-method> <!-- Export_Mail_OG -->
        <test-method status="SKIP" signature="Export_Mail_OG(java.lang.String, java.lang.String, java.lang.String, java.lang.String, java.lang.String, java.lang.String, java.lang.String, java.lang.String, java.lang.String, java.lang.String)[pri:0, instance:com.edge.syscoshop.online.TestSyscoExecutor@4cc0edeb]" name="Export_Mail_OG" duration-ms="0" started-at="2022-10-14T12:42:13Z" data-provider="testData" finished-at="2022-10-14T12:42:13Z">
          <params>
            <param index="0">
              <value>
                <![CDATA[Yes]]>
              </value>
            </param>
            <param index="1">
              <value>
                <![CDATA[BlueLion_Sysco]]>
              </value>
            </param>
            <param index="2">
              <value>
                <![CDATA[Sysco]]>
              </value>
            </param>
            <param index="3">
              <value>
                <![CDATA[Blue Collar Restaurant Group - Blue Lion]]>
              </value>
            </param>
            <param index="4">
              <value>
                <![CDATA[DLHURLEY@SBCGLOBAL.NET]]>
              </value>
            </param>
            <param index="5">
              <value>
                <![CDATA[Gorda123]]>
              </value>
            </param>
            <param index="6">
              <value>
                <![CDATA[Dining Edge Blue Lion]]>
              </value>
            </param>
            <param index="7">
              <value>
                <![CDATA[005-979565]]>
              </value>
            </param>
            <param index="8">
              <value is-null="true"/>
            </param>
            <param index="9">
              <value is-null="true"/>
            </param>
          </params>
          <reporter-output>
          </reporter-output>
        </test-method> <!-- Export_Mail_OG -->
        <test-method status="SKIP" signature="Export_Mail_OG(java.lang.String, java.lang.String, java.lang.String, java.lang.String, java.lang.String, java.lang.String, java.lang.String, java.lang.String, java.lang.String, java.lang.String)[pri:0, instance:com.edge.syscoshop.online.TestSyscoExecutor@4cc0edeb]" name="Export_Mail_OG" duration-ms="0" started-at="2022-10-14T12:42:13Z" data-provider="testData" finished-at="2022-10-14T12:42:13Z">
          <params>
            <param index="0">
              <value>
                <![CDATA[Yes]]>
              </value>
            </param>
            <param index="1">
              <value>
                <![CDATA[HachiSushi_Sysco]]>
              </value>
            </param>
            <param index="2">
              <value>
                <![CDATA[Sysco]]>
              </value>
            </param>
            <param index="3">
              <value>
                <![CDATA[Blue Collar JH - Hachi Sushi Pub]]>
              </value>
            </param>
            <param index="4">
              <value>
                <![CDATA[ellie@bcrg.co]]>
              </value>
            </param>
            <param index="5">
              <value>
                <![CDATA[Santaclara4]]>
              </value>
            </param>
            <param index="6">
              <value>
                <![CDATA[Dining Edge Hachi]]>
              </value>
            </param>
            <param index="7">
              <value>
                <![CDATA[043-743854]]>
              </value>
            </param>
            <param index="8">
              <value is-null="true"/>
            </param>
            <param index="9">
              <value is-null="true"/>
            </param>
          </params>
          <reporter-output>
          </reporter-output>
        </test-method> <!-- Export_Mail_OG -->
        <test-method status="SKIP" signature="setUp()[pri:0, instance:com.edge.syscoshop.online.TestSyscoExecutor@4cc0edeb]" name="setUp" is-config="true" duration-ms="0" started-at="2022-10-14T12:42:13Z" finished-at="2022-10-14T12:42:13Z">
          <reporter-output>
          </reporter-output>
        </test-method> <!-- setUp -->
        <test-method status="SKIP" signature="Export_Mail_OG(java.lang.String, java.lang.String, java.lang.String, java.lang.String, java.lang.String, java.lang.String, java.lang.String, java.lang.String, java.lang.String, java.lang.String)[pri:0, instance:com.edge.syscoshop.online.TestSyscoExecutor@4cc0edeb]" name="Export_Mail_OG" duration-ms="0" started-at="2022-10-14T12:42:13Z" data-provider="testData" finished-at="2022-10-14T12:42:13Z">
          <params>
            <param index="0">
              <value>
                <![CDATA[Yes]]>
              </value>
            </param>
            <param index="1">
              <value>
                <![CDATA[Tanglewood_Sysco]]>
              </value>
            </param>
            <param index="2">
              <value>
                <![CDATA[Sysco]]>
              </value>
            </param>
            <param index="3">
              <value>
                <![CDATA[Blue Collar JH - Tanglewood]]>
              </value>
            </param>
            <param index="4">
              <value>
                <![CDATA[ellie@bcrg.co]]>
              </value>
            </param>
            <param index="5">
              <value>
                <![CDATA[Santaclara4]]>
              </value>
            </param>
            <param index="6">
              <value>
                <![CDATA[Dining Edge Tanglewood]]>
              </value>
            </param>
            <param index="7">
              <value>
                <![CDATA[043-737800]]>
              </value>
            </param>
            <param index="8">
              <value is-null="true"/>
            </param>
            <param index="9">
              <value is-null="true"/>
            </param>
          </params>
          <reporter-output>
          </reporter-output>
        </test-method> <!-- Export_Mail_OG -->
        <test-method status="SKIP" signature="writeExcel()[pri:0, instance:com.edge.syscoshop.online.TestSyscoExecutor@4cc0edeb]" name="writeExcel" is-config="true" duration-ms="0" started-at="2022-10-14T12:42:13Z" finished-at="2022-10-14T12:42:13Z">
          <reporter-output>
          </reporter-output>
        </test-method> <!-- writeExcel -->
        <test-method status="SKIP" signature="writeExcel()[pri:0, instance:com.edge.syscoshop.online.TestSyscoExecutor@4cc0edeb]" name="writeExcel" is-config="true" duration-ms="0" started-at="2022-10-14T12:42:13Z" finished-at="2022-10-14T12:42:13Z">
          <reporter-output>
          </reporter-output>
        </test-method> <!-- writeExcel -->
        <test-method status="SKIP" signature="Export_Mail_OG(java.lang.String, java.lang.String, java.lang.String, java.lang.String, java.lang.String, java.lang.String, java.lang.String, java.lang.String, java.lang.String, java.lang.String)[pri:0, instance:com.edge.syscoshop.online.TestSyscoExecutor@4cc0edeb]" name="Export_Mail_OG" duration-ms="0" started-at="2022-10-14T12:42:13Z" data-provider="testData" finished-at="2022-10-14T12:42:13Z">
          <params>
            <param index="0">
              <value>
                <![CDATA[Yes]]>
              </value>
            </param>
            <param index="1">
              <value>
                <![CDATA[Baramor_Sysco]]>
              </value>
            </param>
            <param index="2">
              <value>
                <![CDATA[Sysco]]>
              </value>
            </param>
            <param index="3">
              <value>
                <![CDATA[Baramor]]>
              </value>
            </param>
            <param index="4">
              <value>
                <![CDATA[arpit@baramornewton.com]]>
              </value>
            </param>
            <param index="5">
              <value>
                <![CDATA[Banana.1#]]>
              </value>
            </param>
            <param index="6">
              <value>
                <![CDATA[Dining Edge]]>
              </value>
            </param>
            <param index="7">
              <value is-null="true"/>
            </param>
            <param index="8">
              <value is-null="true"/>
            </param>
            <param index="9">
              <value is-null="true"/>
            </param>
          </params>
          <reporter-output>
          </reporter-output>
        </test-method> <!-- Export_Mail_OG -->
        <test-method status="SKIP" signature="Export_Mail_OG(java.lang.String, java.lang.String, java.lang.String, java.lang.String, java.lang.String, java.lang.String, java.lang.String, java.lang.String, java.lang.String, java.lang.String)[pri:0, instance:com.edge.syscoshop.online.TestSyscoExecutor@4cc0edeb]" name="Export_Mail_OG" duration-ms="0" started-at="2022-10-14T12:42:13Z" data-provider="testData" finished-at="2022-10-14T12:42:13Z">
          <params>
            <param index="0">
              <value>
                <![CDATA[Yes]]>
              </value>
            </param>
            <param index="1">
              <value>
                <![CDATA[BigPink_Sysco]]>
              </value>
            </param>
            <param index="2">
              <value>
                <![CDATA[Sysco]]>
              </value>
            </param>
            <param index="3">
              <value>
                <![CDATA[Big Pink]]>
              </value>
            </param>
            <param index="4">
              <value>
                <![CDATA[Marcelo@mylesrestaurantgroup.com]]>
              </value>
            </param>
            <param index="5">
              <value>
                <![CDATA[Nadiacamila127]]>
              </value>
            </param>
            <param index="6">
              <value>
                <![CDATA[BIGPINKORDERGUIDE]]>
              </value>
            </param>
            <param index="7">
              <value>
                <![CDATA[016-340547]]>
              </value>
            </param>
            <param index="8">
              <value is-null="true"/>
            </param>
            <param index="9">
              <value is-null="true"/>
            </param>
          </params>
          <reporter-output>
          </reporter-output>
        </test-method> <!-- Export_Mail_OG -->
        <test-method status="SKIP" signature="setUp()[pri:0, instance:com.edge.syscoshop.online.TestSyscoExecutor@4cc0edeb]" name="setUp" is-config="true" duration-ms="0" started-at="2022-10-14T12:42:13Z" finished-at="2022-10-14T12:42:13Z">
          <reporter-output>
          </reporter-output>
        </test-method> <!-- setUp -->
        <test-method status="SKIP" signature="setUp()[pri:0, instance:com.edge.syscoshop.online.TestSyscoExecutor@4cc0edeb]" name="setUp" is-config="true" duration-ms="0" started-at="2022-10-14T12:42:13Z" finished-at="2022-10-14T12:42:13Z">
          <reporter-output>
          </reporter-output>
        </test-method> <!-- setUp -->
        <test-method status="SKIP" signature="writeExcel()[pri:0, instance:com.edge.syscoshop.online.TestSyscoExecutor@4cc0edeb]" name="writeExcel" is-config="true" duration-ms="0" started-at="2022-10-14T12:42:13Z" finished-at="2022-10-14T12:42:13Z">
          <reporter-output>
          </reporter-output>
        </test-method> <!-- writeExcel -->
        <test-method status="SKIP" signature="Export_Mail_OG(java.lang.String, java.lang.String, java.lang.String, java.lang.String, java.lang.String, java.lang.String, java.lang.String, java.lang.String, java.lang.String, java.lang.String)[pri:0, instance:com.edge.syscoshop.online.TestSyscoExecutor@4cc0edeb]" name="Export_Mail_OG" duration-ms="0" started-at="2022-10-14T12:42:13Z" data-provider="testData" finished-at="2022-10-14T12:42:13Z">
          <params>
            <param index="0">
              <value>
                <![CDATA[Yes]]>
              </value>
            </param>
            <param index="1">
              <value>
                <![CDATA[BonAppetit_Sysco]]>
              </value>
            </param>
            <param index="2">
              <value>
                <![CDATA[Sysco]]>
              </value>
            </param>
            <param index="3">
              <value>
                <![CDATA[Bon Appetit Group - Bon Appetit]]>
              </value>
            </param>
            <param index="4">
              <value>
                <![CDATA[cschrangl@bonappetitrestaurant.com]]>
              </value>
            </param>
            <param index="5">
              <value>
                <![CDATA[BonAppetit1976]]>
              </value>
            </param>
            <param index="6">
              <value>
                <![CDATA[Klaus' Dining Edge List 7.22]]>
              </value>
            </param>
            <param index="7">
              <value is-null="true"/>
            </param>
            <param index="8">
              <value is-null="true"/>
            </param>
            <param index="9">
              <value is-null="true"/>
            </param>
          </params>
          <reporter-output>
          </reporter-output>
        </test-method> <!-- Export_Mail_OG -->
        <test-method status="SKIP" signature="writeExcel()[pri:0, instance:com.edge.syscoshop.online.TestSyscoExecutor@4cc0edeb]" name="writeExcel" is-config="true" duration-ms="0" started-at="2022-10-14T12:42:13Z" finished-at="2022-10-14T12:42:13Z">
          <reporter-output>
          </reporter-output>
        </test-method> <!-- writeExcel -->
        <test-method status="SKIP" signature="Export_Mail_OG(java.lang.String, java.lang.String, java.lang.String, java.lang.String, java.lang.String, java.lang.String, java.lang.String, java.lang.String, java.lang.String, java.lang.String)[pri:0, instance:com.edge.syscoshop.online.TestSyscoExecutor@4cc0edeb]" name="Export_Mail_OG" duration-ms="0" started-at="2022-10-14T12:42:13Z" data-provider="testData" finished-at="2022-10-14T12:42:13Z">
          <params>
            <param index="0">
              <value>
                <![CDATA[Yes]]>
              </value>
            </param>
            <param index="1">
              <value>
                <![CDATA[Agliolio_Sysco]]>
              </value>
            </param>
            <param index="2">
              <value>
                <![CDATA[Sysco]]>
              </value>
            </param>
            <param index="3">
              <value>
                <![CDATA[Agliolio Restaurant]]>
              </value>
            </param>
            <param index="4">
              <value>
                <![CDATA[wellington@agliolio.com]]>
              </value>
            </param>
            <param index="5">
              <value>
                <![CDATA[4Flowers]]>
              </value>
            </param>
            <param index="6">
              <value>
                <![CDATA[order list]]>
              </value>
            </param>
            <param index="7">
              <value>
                <![CDATA[032-584003]]>
              </value>
            </param>
            <param index="8">
              <value is-null="true"/>
            </param>
            <param index="9">
              <value is-null="true"/>
            </param>
          </params>
          <reporter-output>
          </reporter-output>
        </test-method> <!-- Export_Mail_OG -->
        <test-method status="SKIP" signature="Export_Mail_OG(java.lang.String, java.lang.String, java.lang.String, java.lang.String, java.lang.String, java.lang.String, java.lang.String, java.lang.String, java.lang.String, java.lang.String)[pri:0, instance:com.edge.syscoshop.online.TestSyscoExecutor@4cc0edeb]" name="Export_Mail_OG" duration-ms="0" started-at="2022-10-14T12:42:13Z" data-provider="testData" finished-at="2022-10-14T12:42:13Z">
          <params>
            <param index="0">
              <value>
                <![CDATA[Yes]]>
              </value>
            </param>
            <param index="1">
              <value>
                <![CDATA[Bocawoods_Sysco]]>
              </value>
            </param>
            <param index="2">
              <value>
                <![CDATA[Sysco]]>
              </value>
            </param>
            <param index="3">
              <value>
                <![CDATA[Boca Woods Country Club]]>
              </value>
            </param>
            <param index="4">
              <value>
                <![CDATA[andrescourtois@hotmail.com]]>
              </value>
            </param>
            <param index="5">
              <value>
                <![CDATA[1954062Cpae.]]>
              </value>
            </param>
            <param index="6">
              <value>
                <![CDATA[DiningEdge 22_Boca Woods]]>
              </value>
            </param>
            <param index="7">
              <value is-null="true"/>
            </param>
            <param index="8">
              <value is-null="true"/>
            </param>
            <param index="9">
              <value is-null="true"/>
            </param>
          </params>
          <reporter-output>
          </reporter-output>
        </test-method> <!-- Export_Mail_OG -->
        <test-method status="SKIP" signature="writeExcel()[pri:0, instance:com.edge.syscoshop.online.TestSyscoExecutor@4cc0edeb]" name="writeExcel" is-config="true" duration-ms="0" started-at="2022-10-14T12:42:13Z" finished-at="2022-10-14T12:42:13Z">
          <reporter-output>
          </reporter-output>
        </test-method> <!-- writeExcel -->
        <test-method status="SKIP" signature="Export_Mail_OG(java.lang.String, java.lang.String, java.lang.String, java.lang.String, java.lang.String, java.lang.String, java.lang.String, java.lang.String, java.lang.String, java.lang.String)[pri:0, instance:com.edge.syscoshop.online.TestSyscoExecutor@4cc0edeb]" name="Export_Mail_OG" duration-ms="0" started-at="2022-10-14T12:42:13Z" data-provider="testData" finished-at="2022-10-14T12:42:13Z">
          <params>
            <param index="0">
              <value>
                <![CDATA[Yes]]>
              </value>
            </param>
            <param index="1">
              <value>
                <![CDATA[CharliesCreole_Sysco]]>
              </value>
            </param>
            <param index="2">
              <value>
                <![CDATA[Sysco]]>
              </value>
            </param>
            <param index="3">
              <value>
                <![CDATA[Charlie's Creole Kitchen & Dodie's Reef - Charlies]]>
              </value>
            </param>
            <param index="4">
              <value>
                <![CDATA[naomi.canning@diningedge.com]]>
              </value>
            </param>
            <param index="5">
              <value>
                <![CDATA[Diningedge2015]]>
              </value>
            </param>
            <param index="6">
              <value>
                <![CDATA[DiningEdge]]>
              </value>
            </param>
            <param index="7">
              <value is-null="true"/>
            </param>
            <param index="8">
              <value is-null="true"/>
            </param>
            <param index="9">
              <value is-null="true"/>
            </param>
          </params>
          <reporter-output>
          </reporter-output>
        </test-method> <!-- Export_Mail_OG -->
        <test-method status="SKIP" signature="Export_Mail_OG(java.lang.String, java.lang.String, java.lang.String, java.lang.String, java.lang.String, java.lang.String, java.lang.String, java.lang.String, java.lang.String, java.lang.String)[pri:0, instance:com.edge.syscoshop.online.TestSyscoExecutor@4cc0edeb]" name="Export_Mail_OG" duration-ms="0" started-at="2022-10-14T12:42:13Z" data-provider="testData" finished-at="2022-10-14T12:42:13Z">
          <params>
            <param index="0">
              <value>
                <![CDATA[Yes]]>
              </value>
            </param>
            <param index="1">
              <value>
                <![CDATA[4Points_Sysco]]>
              </value>
            </param>
            <param index="2">
              <value>
                <![CDATA[Sysco]]>
              </value>
            </param>
            <param index="3">
              <value>
                <![CDATA[4 Points Market and Eatery]]>
              </value>
            </param>
            <param index="4">
              <value>
                <![CDATA[swiggins@4pointsfl.com]]>
              </value>
            </param>
            <param index="5">
              <value>
                <![CDATA[4Points!]]>
              </value>
            </param>
            <param index="6">
              <value>
                <![CDATA[4 POINTS OG]]>
              </value>
            </param>
            <param index="7">
              <value>
                <![CDATA[032-652845]]>
              </value>
            </param>
            <param index="8">
              <value is-null="true"/>
            </param>
            <param index="9">
              <value is-null="true"/>
            </param>
          </params>
          <reporter-output>
          </reporter-output>
        </test-method> <!-- Export_Mail_OG -->
        <test-method status="SKIP" signature="Export_Mail_OG(java.lang.String, java.lang.String, java.lang.String, java.lang.String, java.lang.String, java.lang.String, java.lang.String, java.lang.String, java.lang.String, java.lang.String)[pri:0, instance:com.edge.syscoshop.online.TestSyscoExecutor@4cc0edeb]" name="Export_Mail_OG" duration-ms="0" started-at="2022-10-14T12:42:13Z" data-provider="testData" finished-at="2022-10-14T12:42:13Z">
          <params>
            <param index="0">
              <value>
                <![CDATA[Yes]]>
              </value>
            </param>
            <param index="1">
              <value>
                <![CDATA[Foztrot_Sysco]]>
              </value>
            </param>
            <param index="2">
              <value>
                <![CDATA[Sysco]]>
              </value>
            </param>
            <param index="3">
              <value>
                <![CDATA[Blue Collar JH - Foxtrot]]>
              </value>
            </param>
            <param index="4">
              <value>
                <![CDATA[ellie@bcrg.co]]>
              </value>
            </param>
            <param index="5">
              <value>
                <![CDATA[Santaclara4]]>
              </value>
            </param>
            <param index="6">
              <value>
                <![CDATA[Dining Edge Foxtrot]]>
              </value>
            </param>
            <param index="7">
              <value>
                <![CDATA[043-738169]]>
              </value>
            </param>
            <param index="8">
              <value is-null="true"/>
            </param>
            <param index="9">
              <value is-null="true"/>
            </param>
          </params>
          <reporter-output>
          </reporter-output>
        </test-method> <!-- Export_Mail_OG -->
        <test-method status="SKIP" signature="writeExcel()[pri:0, instance:com.edge.syscoshop.online.TestSyscoExecutor@4cc0edeb]" name="writeExcel" is-config="true" duration-ms="0" started-at="2022-10-14T12:42:13Z" finished-at="2022-10-14T12:42:13Z">
          <reporter-output>
          </reporter-output>
        </test-method> <!-- writeExcel -->
        <test-method status="SKIP" signature="writeExcel()[pri:0, instance:com.edge.syscoshop.online.TestSyscoExecutor@4cc0edeb]" name="writeExcel" is-config="true" duration-ms="0" started-at="2022-10-14T12:42:13Z" finished-at="2022-10-14T12:42:13Z">
          <reporter-output>
          </reporter-output>
        </test-method> <!-- writeExcel -->
        <test-method status="SKIP" signature="writeExcel()[pri:0, instance:com.edge.syscoshop.online.TestSyscoExecutor@4cc0edeb]" name="writeExcel" is-config="true" duration-ms="0" started-at="2022-10-14T12:42:13Z" finished-at="2022-10-14T12:42:13Z">
          <reporter-output>
          </reporter-output>
        </test-method> <!-- writeExcel -->
        <test-method status="SKIP" signature="setUp()[pri:0, instance:com.edge.syscoshop.online.TestSyscoExecutor@4cc0edeb]" name="setUp" is-config="true" duration-ms="0" started-at="2022-10-14T12:42:13Z" finished-at="2022-10-14T12:42:13Z">
          <reporter-output>
          </reporter-output>
        </test-method> <!-- setUp -->
        <test-method status="SKIP" signature="setUp()[pri:0, instance:com.edge.syscoshop.online.TestSyscoExecutor@4cc0edeb]" name="setUp" is-config="true" duration-ms="0" started-at="2022-10-14T12:42:13Z" finished-at="2022-10-14T12:42:13Z">
          <reporter-output>
          </reporter-output>
        </test-method> <!-- setUp -->
        <test-method status="SKIP" signature="setUp()[pri:0, instance:com.edge.syscoshop.online.TestSyscoExecutor@4cc0edeb]" name="setUp" is-config="true" duration-ms="0" started-at="2022-10-14T12:42:13Z" finished-at="2022-10-14T12:42:13Z">
          <reporter-output>
          </reporter-output>
        </test-method> <!-- setUp -->
        <test-method status="SKIP" signature="setUp()[pri:0, instance:com.edge.syscoshop.online.TestSyscoExecutor@4cc0edeb]" name="setUp" is-config="true" duration-ms="0" started-at="2022-10-14T12:42:13Z" finished-at="2022-10-14T12:42:13Z">
          <reporter-output>
          </reporter-output>
        </test-method> <!-- setUp -->
        <test-method status="SKIP" signature="Export_Mail_OG(java.lang.String, java.lang.String, java.lang.String, java.lang.String, java.lang.String, java.lang.String, java.lang.String, java.lang.String, java.lang.String, java.lang.String)[pri:0, instance:com.edge.syscoshop.online.TestSyscoExecutor@4cc0edeb]" name="Export_Mail_OG" duration-ms="0" started-at="2022-10-14T12:42:13Z" data-provider="testData" finished-at="2022-10-14T12:42:13Z">
          <params>
            <param index="0">
              <value>
                <![CDATA[Yes]]>
              </value>
            </param>
            <param index="1">
              <value>
                <![CDATA[Liberty_Sysco]]>
              </value>
            </param>
            <param index="2">
              <value>
                <![CDATA[Sysco]]>
              </value>
            </param>
            <param index="3">
              <value>
                <![CDATA[Blue Collar Restaurant Group - Liberty Burger]]>
              </value>
            </param>
            <param index="4">
              <value>
                <![CDATA[DLHURLEY@SBCGLOBAL.NET]]>
              </value>
            </param>
            <param index="5">
              <value>
                <![CDATA[Gorda123]]>
              </value>
            </param>
            <param index="6">
              <value>
                <![CDATA[Dining Edge Liberty Burger]]>
              </value>
            </param>
            <param index="7">
              <value>
                <![CDATA[005-545467]]>
              </value>
            </param>
            <param index="8">
              <value is-null="true"/>
            </param>
            <param index="9">
              <value is-null="true"/>
            </param>
          </params>
          <reporter-output>
          </reporter-output>
        </test-method> <!-- Export_Mail_OG -->
        <test-method status="SKIP" signature="writeExcel()[pri:0, instance:com.edge.syscoshop.online.TestSyscoExecutor@4cc0edeb]" name="writeExcel" is-config="true" duration-ms="0" started-at="2022-10-14T12:42:13Z" finished-at="2022-10-14T12:42:13Z">
          <reporter-output>
          </reporter-output>
        </test-method> <!-- writeExcel -->
        <test-method status="SKIP" signature="Export_Mail_OG(java.lang.String, java.lang.String, java.lang.String, java.lang.String, java.lang.String, java.lang.String, java.lang.String, java.lang.String, java.lang.String, java.lang.String)[pri:0, instance:com.edge.syscoshop.online.TestSyscoExecutor@4cc0edeb]" name="Export_Mail_OG" duration-ms="0" started-at="2022-10-14T12:42:13Z" data-provider="testData" finished-at="2022-10-14T12:42:13Z">
          <params>
            <param index="0">
              <value>
                <![CDATA[Yes]]>
              </value>
            </param>
            <param index="1">
              <value>
                <![CDATA[FBBoca_Sysco]]>
              </value>
            </param>
            <param index="2">
              <value>
                <![CDATA[Sysco]]>
              </value>
            </param>
            <param index="3">
              <value>
                <![CDATA[Flashback Diner Boca Raton]]>
              </value>
            </param>
            <param index="4">
              <value>
                <![CDATA[chef.robert@regulusalliancecorp.com]]>
              </value>
            </param>
            <param index="5">
              <value>
                <![CDATA[Syscopass123]]>
              </value>
            </param>
            <param index="6">
              <value>
                <![CDATA[Dining Edge List Joanne]]>
              </value>
            </param>
            <param index="7">
              <value is-null="true"/>
            </param>
            <param index="8">
              <value is-null="true"/>
            </param>
            <param index="9">
              <value is-null="true"/>
            </param>
          </params>
          <reporter-output>
          </reporter-output>
        </test-method> <!-- Export_Mail_OG -->
        <test-method status="SKIP" signature="Export_Mail_OG(java.lang.String, java.lang.String, java.lang.String, java.lang.String, java.lang.String, java.lang.String, java.lang.String, java.lang.String, java.lang.String, java.lang.String)[pri:0, instance:com.edge.syscoshop.online.TestSyscoExecutor@4cc0edeb]" name="Export_Mail_OG" duration-ms="0" started-at="2022-10-14T12:42:13Z" data-provider="testData" finished-at="2022-10-14T12:42:13Z">
          <params>
            <param index="0">
              <value>
                <![CDATA[Yes]]>
              </value>
            </param>
            <param index="1">
              <value>
                <![CDATA[NorthRanch_Sysco]]>
              </value>
            </param>
            <param index="2">
              <value>
                <![CDATA[Sysco]]>
              </value>
            </param>
            <param index="3">
              <value>
                <![CDATA[North Ranch Country Club]]>
              </value>
            </param>
            <param index="4">
              <value>
                <![CDATA[chefkarl@northranchcc.org]]>
              </value>
            </param>
            <param index="5">
              <value>
                <![CDATA[North101]]>
              </value>
            </param>
            <param index="6">
              <value>
                <![CDATA[NRCC]]>
              </value>
            </param>
            <param index="7">
              <value is-null="true"/>
            </param>
            <param index="8">
              <value is-null="true"/>
            </param>
            <param index="9">
              <value is-null="true"/>
            </param>
          </params>
          <reporter-output>
          </reporter-output>
        </test-method> <!-- Export_Mail_OG -->
        <test-method status="SKIP" signature="writeExcel()[pri:0, instance:com.edge.syscoshop.online.TestSyscoExecutor@4cc0edeb]" name="writeExcel" is-config="true" duration-ms="0" started-at="2022-10-14T12:42:13Z" finished-at="2022-10-14T12:42:13Z">
          <reporter-output>
          </reporter-output>
        </test-method> <!-- writeExcel -->
        <test-method status="SKIP" signature="Export_Mail_OG(java.lang.String, java.lang.String, java.lang.String, java.lang.String, java.lang.String, java.lang.String, java.lang.String, java.lang.String, java.lang.String, java.lang.String)[pri:0, instance:com.edge.syscoshop.online.TestSyscoExecutor@4cc0edeb]" name="Export_Mail_OG" duration-ms="0" started-at="2022-10-14T12:42:13Z" data-provider="testData" finished-at="2022-10-14T12:42:13Z">
          <params>
            <param index="0">
              <value>
                <![CDATA[Yes]]>
              </value>
            </param>
            <param index="1">
              <value>
                <![CDATA[PigeonUSDA_Sysco]]>
              </value>
            </param>
            <param index="2">
              <value>
                <![CDATA[Sysco]]>
              </value>
            </param>
            <param index="3">
              <value>
                <![CDATA[PIGEON - USDA]]>
              </value>
            </param>
            <param index="4">
              <value>
                <![CDATA[payables@pigeoncaterers.com]]>
              </value>
            </param>
            <param index="5">
              <value>
                <![CDATA[Carnival1]]>
              </value>
            </param>
            <param index="6">
              <value>
                <![CDATA[DiningEdge]]>
              </value>
            </param>
            <param index="7">
              <value>
                <![CDATA[023-509737]]>
              </value>
            </param>
            <param index="8">
              <value is-null="true"/>
            </param>
            <param index="9">
              <value is-null="true"/>
            </param>
          </params>
          <reporter-output>
          </reporter-output>
        </test-method> <!-- Export_Mail_OG -->
        <test-method status="SKIP" signature="setUp()[pri:0, instance:com.edge.syscoshop.online.TestSyscoExecutor@4cc0edeb]" name="setUp" is-config="true" duration-ms="0" started-at="2022-10-14T12:42:13Z" finished-at="2022-10-14T12:42:13Z">
          <reporter-output>
          </reporter-output>
        </test-method> <!-- setUp -->
        <test-method status="SKIP" signature="setUp()[pri:0, instance:com.edge.syscoshop.online.TestSyscoExecutor@4cc0edeb]" name="setUp" is-config="true" duration-ms="0" started-at="2022-10-14T12:42:13Z" finished-at="2022-10-14T12:42:13Z">
          <reporter-output>
          </reporter-output>
        </test-method> <!-- setUp -->
        <test-method status="SKIP" signature="Export_Mail_OG(java.lang.String, java.lang.String, java.lang.String, java.lang.String, java.lang.String, java.lang.String, java.lang.String, java.lang.String, java.lang.String, java.lang.String)[pri:0, instance:com.edge.syscoshop.online.TestSyscoExecutor@4cc0edeb]" name="Export_Mail_OG" duration-ms="0" started-at="2022-10-14T12:42:13Z" data-provider="testData" finished-at="2022-10-14T12:42:13Z">
          <params>
            <param index="0">
              <value>
                <![CDATA[Yes]]>
              </value>
            </param>
            <param index="1">
              <value>
                <![CDATA[Outriggers_Sysco]]>
              </value>
            </param>
            <param index="2">
              <value>
                <![CDATA[Sysco]]>
              </value>
            </param>
            <param index="3">
              <value>
                <![CDATA[OUTriggers Bar & Grill]]>
              </value>
            </param>
            <param index="4">
              <value>
                <![CDATA[nick.outriggersnsb@gmail.com]]>
              </value>
            </param>
            <param index="5">
              <value>
                <![CDATA[300Zombie]]>
              </value>
            </param>
            <param index="6">
              <value>
                <![CDATA[DiningEdge List]]>
              </value>
            </param>
            <param index="7">
              <value is-null="true"/>
            </param>
            <param index="8">
              <value is-null="true"/>
            </param>
            <param index="9">
              <value is-null="true"/>
            </param>
          </params>
          <reporter-output>
          </reporter-output>
        </test-method> <!-- Export_Mail_OG -->
        <test-method status="SKIP" signature="writeExcel()[pri:0, instance:com.edge.syscoshop.online.TestSyscoExecutor@4cc0edeb]" name="writeExcel" is-config="true" duration-ms="0" started-at="2022-10-14T12:42:13Z" finished-at="2022-10-14T12:42:13Z">
          <reporter-output>
          </reporter-output>
        </test-method> <!-- writeExcel -->
        <test-method status="SKIP" signature="writeExcel()[pri:0, instance:com.edge.syscoshop.online.TestSyscoExecutor@4cc0edeb]" name="writeExcel" is-config="true" duration-ms="0" started-at="2022-10-14T12:42:13Z" finished-at="2022-10-14T12:42:13Z">
          <reporter-output>
          </reporter-output>
        </test-method> <!-- writeExcel -->
        <test-method status="SKIP" signature="setUp()[pri:0, instance:com.edge.syscoshop.online.TestSyscoExecutor@4cc0edeb]" name="setUp" is-config="true" duration-ms="0" started-at="2022-10-14T12:42:13Z" finished-at="2022-10-14T12:42:13Z">
          <reporter-output>
          </reporter-output>
        </test-method> <!-- setUp -->
        <test-method status="SKIP" signature="setUp()[pri:0, instance:com.edge.syscoshop.online.TestSyscoExecutor@4cc0edeb]" name="setUp" is-config="true" duration-ms="0" started-at="2022-10-14T12:42:13Z" finished-at="2022-10-14T12:42:13Z">
          <reporter-output>
          </reporter-output>
        </test-method> <!-- setUp -->
        <test-method status="SKIP" signature="setUp()[pri:0, instance:com.edge.syscoshop.online.TestSyscoExecutor@4cc0edeb]" name="setUp" is-config="true" duration-ms="0" started-at="2022-10-14T12:42:13Z" finished-at="2022-10-14T12:42:13Z">
          <reporter-output>
          </reporter-output>
        </test-method> <!-- setUp -->
        <test-method status="SKIP" signature="setUp()[pri:0, instance:com.edge.syscoshop.online.TestSyscoExecutor@4cc0edeb]" name="setUp" is-config="true" duration-ms="0" started-at="2022-10-14T12:42:13Z" finished-at="2022-10-14T12:42:13Z">
          <reporter-output>
          </reporter-output>
        </test-method> <!-- setUp -->
        <test-method status="SKIP" signature="setUp()[pri:0, instance:com.edge.syscoshop.online.TestSyscoExecutor@4cc0edeb]" name="setUp" is-config="true" duration-ms="0" started-at="2022-10-14T12:42:13Z" finished-at="2022-10-14T12:42:13Z">
          <reporter-output>
          </reporter-output>
        </test-method> <!-- setUp -->
        <test-method status="SKIP" signature="setUp()[pri:0, instance:com.edge.syscoshop.online.TestSyscoExecutor@4cc0edeb]" name="setUp" is-config="true" duration-ms="0" started-at="2022-10-14T12:42:13Z" finished-at="2022-10-14T12:42:13Z">
          <reporter-output>
          </reporter-output>
        </test-method> <!-- setUp -->
        <test-method status="SKIP" signature="Export_Mail_OG(java.lang.String, java.lang.String, java.lang.String, java.lang.String, java.lang.String, java.lang.String, java.lang.String, java.lang.String, java.lang.String, java.lang.String)[pri:0, instance:com.edge.syscoshop.online.TestSyscoExecutor@4cc0edeb]" name="Export_Mail_OG" duration-ms="0" started-at="2022-10-14T12:42:13Z" data-provider="testData" finished-at="2022-10-14T12:42:13Z">
          <params>
            <param index="0">
              <value>
                <![CDATA[Yes]]>
              </value>
            </param>
            <param index="1">
              <value>
                <![CDATA[Hamiltons_Sysco]]>
              </value>
            </param>
            <param index="2">
              <value>
                <![CDATA[Sysco]]>
              </value>
            </param>
            <param index="3">
              <value>
                <![CDATA[Hamiltons Catering]]>
              </value>
            </param>
            <param index="4">
              <value>
                <![CDATA[george@hamiltonscatering.com]]>
              </value>
            </param>
            <param index="5">
              <value>
                <![CDATA[LeeviaKyle1]]>
              </value>
            </param>
            <param index="6">
              <value>
                <![CDATA[Hamiltons Large List 061817]]>
              </value>
            </param>
            <param index="7">
              <value is-null="true"/>
            </param>
            <param index="8">
              <value is-null="true"/>
            </param>
            <param index="9">
              <value is-null="true"/>
            </param>
          </params>
          <reporter-output>
          </reporter-output>
        </test-method> <!-- Export_Mail_OG -->
        <test-method status="SKIP" signature="writeExcel()[pri:0, instance:com.edge.syscoshop.online.TestSyscoExecutor@4cc0edeb]" name="writeExcel" is-config="true" duration-ms="0" started-at="2022-10-14T12:42:13Z" finished-at="2022-10-14T12:42:13Z">
          <reporter-output>
          </reporter-output>
        </test-method> <!-- writeExcel -->
        <test-method status="SKIP" signature="Export_Mail_OG(java.lang.String, java.lang.String, java.lang.String, java.lang.String, java.lang.String, java.lang.String, java.lang.String, java.lang.String, java.lang.String, java.lang.String)[pri:0, instance:com.edge.syscoshop.online.TestSyscoExecutor@4cc0edeb]" name="Export_Mail_OG" duration-ms="0" started-at="2022-10-14T12:42:13Z" data-provider="testData" finished-at="2022-10-14T12:42:13Z">
          <params>
            <param index="0">
              <value>
                <![CDATA[Yes]]>
              </value>
            </param>
            <param index="1">
              <value>
                <![CDATA[Herculean_Sysco]]>
              </value>
            </param>
            <param index="2">
              <value>
                <![CDATA[Sysco]]>
              </value>
            </param>
            <param index="3">
              <value>
                <![CDATA[Herculean]]>
              </value>
            </param>
            <param index="4">
              <value>
                <![CDATA[missie@herculeanmealprep.com]]>
              </value>
            </param>
            <param index="5">
              <value>
                <![CDATA[Trentrez12*]]>
              </value>
            </param>
            <param index="6">
              <value>
                <![CDATA[Herculean 2021]]>
              </value>
            </param>
            <param index="7">
              <value is-null="true"/>
            </param>
            <param index="8">
              <value is-null="true"/>
            </param>
            <param index="9">
              <value is-null="true"/>
            </param>
          </params>
          <reporter-output>
          </reporter-output>
        </test-method> <!-- Export_Mail_OG -->
        <test-method status="SKIP" signature="setUp()[pri:0, instance:com.edge.syscoshop.online.TestSyscoExecutor@4cc0edeb]" name="setUp" is-config="true" duration-ms="0" started-at="2022-10-14T12:42:13Z" finished-at="2022-10-14T12:42:13Z">
          <reporter-output>
          </reporter-output>
        </test-method> <!-- setUp -->
        <test-method status="SKIP" signature="Export_Mail_OG(java.lang.String, java.lang.String, java.lang.String, java.lang.String, java.lang.String, java.lang.String, java.lang.String, java.lang.String, java.lang.String, java.lang.String)[pri:0, instance:com.edge.syscoshop.online.TestSyscoExecutor@4cc0edeb]" name="Export_Mail_OG" duration-ms="0" started-at="2022-10-14T12:42:13Z" data-provider="testData" finished-at="2022-10-14T12:42:13Z">
          <params>
            <param index="0">
              <value>
                <![CDATA[Yes]]>
              </value>
            </param>
            <param index="1">
              <value>
                <![CDATA[FBDavie_Sysco]]>
              </value>
            </param>
            <param index="2">
              <value>
                <![CDATA[Sysco]]>
              </value>
            </param>
            <param index="3">
              <value>
[...]
          <params>
            <param index="0">
              <value>
                <![CDATA[Yes]]>
              </value>
            </param>
            <param index="1">
              <value>
                <![CDATA[NonaBlueORL_Sysco]]>
              </value>
            </param>
            <param index="2">
              <value>
                <![CDATA[SYSCO ORLANDO]]>
              </value>
            </param>
            <param index="3">
              <value>
                <![CDATA[Nona Blue Restaurant]]>
              </value>
            </param>
            <param index="4">
              <value>
                <![CDATA[ohernandez@nonablue.com]]>
              </value>
            </param>
            <param index="5">
              <value>
                <![CDATA[asky77boy77H]]>
              </value>
            </param>
            <param index="6">
              <value>
                <![CDATA[Order Guide]]>
              </value>
            </param>
            <param index="7">
              <value is-null="true"/>
            </param>
            <param index="8">
              <value is-null="true"/>
            </param>
            <param index="9">
              <value is-null="true"/>
            </param>
          </params>
          <reporter-output>
          </reporter-output>
        </test-method> <!-- Export_Mail_OG -->
        <test-method status="SKIP" signature="setUp()[pri:0, instance:com.edge.syscoshop.online.TestSyscoExecutor@4cc0edeb]" name="setUp" is-config="true" duration-ms="0" started-at="2022-10-14T12:42:13Z" finished-at="2022-10-14T12:42:13Z">
          <reporter-output>
          </reporter-output>
        </test-method> <!-- setUp -->
        <test-method status="SKIP" signature="Export_Mail_OG(java.lang.String, java.lang.String, java.lang.String, java.lang.String, java.lang.String, java.lang.String, java.lang.String, java.lang.String, java.lang.String, java.lang.String)[pri:0, instance:com.edge.syscoshop.online.TestSyscoExecutor@4cc0edeb]" name="Export_Mail_OG" duration-ms="0" started-at="2022-10-14T12:42:13Z" data-provider="testData" finished-at="2022-10-14T12:42:13Z">
          <params>
            <param index="0">
              <value>
                <![CDATA[Yes]]>
              </value>
            </param>
            <param index="1">
              <value>
                <![CDATA[NonaBlue_SyscoFresh]]>
              </value>
            </param>
            <param index="2">
              <value>
                <![CDATA[SYSCO FRESH]]>
              </value>
            </param>
            <param index="3">
              <value>
                <![CDATA[Nona Blue Restaurant]]>
              </value>
            </param>
            <param index="4">
              <value>
                <![CDATA[mhernandez@nonablue.com]]>
              </value>
            </param>
            <param index="5">
              <value>
                <![CDATA[Askyboy5]]>
              </value>
            </param>
            <param index="6">
              <value>
                <![CDATA[SF Nona Blue Order Guide]]>
              </value>
            </param>
            <param index="7">
              <value>
                <![CDATA[003-795705]]>
              </value>
            </param>
            <param index="8">
              <value is-null="true"/>
            </param>
            <param index="9">
              <value is-null="true"/>
            </param>
          </params>
          <reporter-output>
          </reporter-output>
        </test-method> <!-- Export_Mail_OG -->
        <test-method status="SKIP" signature="setUp()[pri:0, instance:com.edge.syscoshop.online.TestSyscoExecutor@4cc0edeb]" name="setUp" is-config="true" duration-ms="0" started-at="2022-10-14T12:42:13Z" finished-at="2022-10-14T12:42:13Z">
          <reporter-output>
          </reporter-output>
        </test-method> <!-- setUp -->
        <test-method status="SKIP" signature="Export_Mail_OG(java.lang.String, java.lang.String, java.lang.String, java.lang.String, java.lang.String, java.lang.String, java.lang.String, java.lang.String, java.lang.String, java.lang.String)[pri:0, instance:com.edge.syscoshop.online.TestSyscoExecutor@4cc0edeb]" name="Export_Mail_OG" duration-ms="0" started-at="2022-10-14T12:42:13Z" data-provider="testData" finished-at="2022-10-14T12:42:13Z">
          <params>
            <param index="0">
              <value>
                <![CDATA[Yes]]>
              </value>
            </param>
            <param index="1">
              <value>
                <![CDATA[RoyalWood_Sysco]]>
              </value>
            </param>
            <param index="2">
              <value>
                <![CDATA[Sysco]]>
              </value>
            </param>
            <param index="3">
              <value>
                <![CDATA[Royal Wood Golf and CC]]>
              </value>
            </param>
            <param index="4">
              <value>
                <![CDATA[billy@royalwoodgcc.com]]>
              </value>
            </param>
            <param index="5">
              <value>
                <![CDATA[2931Marley]]>
              </value>
            </param>
            <param index="6">
              <value>
                <![CDATA[DiningEdge]]>
              </value>
            </param>
            <param index="7">
              <value is-null="true"/>
            </param>
            <param index="8">
              <value is-null="true"/>
            </param>
            <param index="9">
              <value is-null="true"/>
            </param>
          </params>
          <reporter-output>
          </reporter-output>
        </test-method> <!-- Export_Mail_OG -->
        <test-method status="SKIP" signature="Export_Mail_OG(java.lang.String, java.lang.String, java.lang.String, java.lang.String, java.lang.String, java.lang.String, java.lang.String, java.lang.String, java.lang.String, java.lang.String)[pri:0, instance:com.edge.syscoshop.online.TestSyscoExecutor@4cc0edeb]" name="Export_Mail_OG" duration-ms="0" started-at="2022-10-14T12:42:13Z" data-provider="testData" finished-at="2022-10-14T12:42:13Z">
          <params>
            <param index="0">
              <value>
                <![CDATA[Yes]]>
              </value>
            </param>
            <param index="1">
              <value>
                <![CDATA[IBIS_Club_Sysco]]>
              </value>
            </param>
            <param index="2">
              <value>
                <![CDATA[Sysco]]>
              </value>
            </param>
            <param index="3">
              <value>
                <![CDATA[The Club at Ibis]]>
              </value>
            </param>
            <param index="4">
              <value>
                <![CDATA[arichards@clubatibis.com]]>
              </value>
            </param>
            <param index="5">
              <value>
                <![CDATA[Charisma2020]]>
              </value>
            </param>
            <param index="6">
              <value>
                <![CDATA[purchase history 22321]]>
              </value>
            </param>
            <param index="7">
              <value>
                <![CDATA[032-482331]]>
              </value>
            </param>
            <param index="8">
              <value is-null="true"/>
            </param>
            <param index="9">
              <value is-null="true"/>
            </param>
          </params>
          <reporter-output>
          </reporter-output>
        </test-method> <!-- Export_Mail_OG -->
        <test-method status="SKIP" signature="writeExcel()[pri:0, instance:com.edge.syscoshop.online.TestSyscoExecutor@4cc0edeb]" name="writeExcel" is-config="true" duration-ms="0" started-at="2022-10-14T12:42:13Z" finished-at="2022-10-14T12:42:13Z">
          <reporter-output>
          </reporter-output>
        </test-method> <!-- writeExcel -->
        <test-method status="SKIP" signature="Export_Mail_OG(java.lang.String, java.lang.String, java.lang.String, java.lang.String, java.lang.String, java.lang.String, java.lang.String, java.lang.String, java.lang.String, java.lang.String)[pri:0, instance:com.edge.syscoshop.online.TestSyscoExecutor@4cc0edeb]" name="Export_Mail_OG" duration-ms="0" started-at="2022-10-14T12:42:13Z" data-provider="testData" finished-at="2022-10-14T12:42:13Z">
          <params>
            <param index="0">
              <value>
                <![CDATA[Yes]]>
              </value>
            </param>
            <param index="1">
              <value>
                <![CDATA[Sandbar_Sysco]]>
              </value>
            </param>
            <param index="2">
              <value>
                <![CDATA[Sysco]]>
              </value>
            </param>
            <param index="3">
              <value>
                <![CDATA[Sandbar Sports Grill]]>
              </value>
            </param>
            <param index="4">
              <value>
                <![CDATA[Sandbarcb@gmail.com]]>
              </value>
            </param>
            <param index="5">
              <value>
                <![CDATA[Blackpoint#1]]>
              </value>
            </param>
            <param index="6">
              <value>
                <![CDATA[purchase history list]]>
              </value>
            </param>
            <param index="7">
              <value is-null="true"/>
            </param>
            <param index="8">
              <value is-null="true"/>
            </param>
            <param index="9">
              <value is-null="true"/>
            </param>
          </params>
          <reporter-output>
          </reporter-output>
        </test-method> <!-- Export_Mail_OG -->
        <test-method status="SKIP" signature="Export_Mail_OG(java.lang.String, java.lang.String, java.lang.String, java.lang.String, java.lang.String, java.lang.String, java.lang.String, java.lang.String, java.lang.String, java.lang.String)[pri:0, instance:com.edge.syscoshop.online.TestSyscoExecutor@4cc0edeb]" name="Export_Mail_OG" duration-ms="0" started-at="2022-10-14T12:42:13Z" data-provider="testData" finished-at="2022-10-14T12:42:13Z">
          <params>
            <param index="0">
              <value>
                <![CDATA[Yes]]>
              </value>
            </param>
            <param index="1">
              <value>
                <![CDATA[ChopHouse_Sysco]]>
              </value>
            </param>
            <param index="2">
              <value>
                <![CDATA[Sysco]]>
              </value>
            </param>
            <param index="3">
              <value>
                <![CDATA[FMK - ChopHouse]]>
              </value>
            </param>
            <param index="4">
              <value>
                <![CDATA[shad@ourfmk.com]]>
              </value>
            </param>
            <param index="5">
              <value>
                <![CDATA[Zander#10]]>
              </value>
            </param>
            <param index="6">
              <value>
                <![CDATA[DiningEdge 2022]]>
              </value>
            </param>
            <param index="7">
              <value>
                <![CDATA[022-941581]]>
              </value>
            </param>
            <param index="8">
              <value is-null="true"/>
            </param>
            <param index="9">
              <value is-null="true"/>
            </param>
          </params>
          <reporter-output>
          </reporter-output>
        </test-method> <!-- Export_Mail_OG -->
        <test-method status="SKIP" signature="Export_Mail_OG(java.lang.String, java.lang.String, java.lang.String, java.lang.String, java.lang.String, java.lang.String, java.lang.String, java.lang.String, java.lang.String, java.lang.String)[pri:0, instance:com.edge.syscoshop.online.TestSyscoExecutor@4cc0edeb]" name="Export_Mail_OG" duration-ms="0" started-at="2022-10-14T12:42:13Z" data-provider="testData" finished-at="2022-10-14T12:42:13Z">
          <params>
            <param index="0">
              <value>
                <![CDATA[Yes]]>
              </value>
            </param>
            <param index="1">
              <value>
                <![CDATA[Oceania Sysco]]>
              </value>
            </param>
            <param index="2">
              <value>
                <![CDATA[Sysco]]>
              </value>
            </param>
            <param index="3">
              <value>
                <![CDATA[Oceania Club & Spa]]>
              </value>
            </param>
            <param index="4">
              <value>
                <![CDATA[emolloy@kwpmc.com]]>
              </value>
            </param>
            <param index="5">
              <value>
                <![CDATA[Oceania1202!]]>
              </value>
            </param>
            <param index="6">
              <value>
                <![CDATA[Oceania Club & Spa]]>
              </value>
            </param>
            <param index="7">
              <value is-null="true"/>
            </param>
            <param index="8">
              <value is-null="true"/>
            </param>
            <param index="9">
              <value is-null="true"/>
            </param>
          </params>
          <reporter-output>
          </reporter-output>
        </test-method> <!-- Export_Mail_OG -->
        <test-method status="SKIP" signature="setUp()[pri:0, instance:com.edge.syscoshop.online.TestSyscoExecutor@4cc0edeb]" name="setUp" is-config="true" duration-ms="0" started-at="2022-10-14T12:42:13Z" finished-at="2022-10-14T12:42:13Z">
          <reporter-output>
          </reporter-output>
        </test-method> <!-- setUp -->
        <test-method status="SKIP" signature="setUp()[pri:0, instance:com.edge.syscoshop.online.TestSyscoExecutor@4cc0edeb]" name="setUp" is-config="true" duration-ms="0" started-at="2022-10-14T12:42:13Z" finished-at="2022-10-14T12:42:13Z">
          <reporter-output>
          </reporter-output>
        </test-method> <!-- setUp -->
        <test-method status="SKIP" signature="setUp()[pri:0, instance:com.edge.syscoshop.online.TestSyscoExecutor@4cc0edeb]" name="setUp" is-config="true" duration-ms="0" started-at="2022-10-14T12:42:13Z" finished-at="2022-10-14T12:42:13Z">
          <reporter-output>
          </reporter-output>
        </test-method> <!-- setUp -->
        <test-method status="SKIP" signature="Export_Mail_OG(java.lang.String, java.lang.String, java.lang.String, java.lang.String, java.lang.String, java.lang.String, java.lang.String, java.lang.String, java.lang.String, java.lang.String)[pri:0, instance:com.edge.syscoshop.online.TestSyscoExecutor@4cc0edeb]" name="Export_Mail_OG" duration-ms="0" started-at="2022-10-14T12:42:13Z" data-provider="testData" finished-at="2022-10-14T12:42:13Z">
          <params>
            <param index="0">
              <value>
                <![CDATA[Yes]]>
              </value>
            </param>
            <param index="1">
              <value>
                <![CDATA[Pisces_Sysco]]>
              </value>
            </param>
            <param index="2">
              <value>
                <![CDATA[Sysco]]>
              </value>
            </param>
            <param index="3">
              <value>
                <![CDATA[Pisces Rising]]>
              </value>
            </param>
            <param index="4">
              <value>
                <![CDATA[dekosmoke239@gmail.com]]>
              </value>
            </param>
            <param index="5">
              <value>
                <![CDATA[Isaidbf12]]>
              </value>
            </param>
            <param index="6">
              <value>
                <![CDATA[DiningEdge List]]>
              </value>
            </param>
            <param index="7">
              <value>
                <![CDATA[022-398891]]>
              </value>
            </param>
            <param index="8">
              <value is-null="true"/>
            </param>
            <param index="9">
              <value is-null="true"/>
            </param>
          </params>
          <reporter-output>
          </reporter-output>
        </test-method> <!-- Export_Mail_OG -->
        <test-method status="SKIP" signature="closeResources()[pri:0, instance:com.edge.syscoshop.online.TestSyscoExecutor@4cc0edeb]" name="closeResources" is-config="true" duration-ms="0" started-at="2022-10-14T12:42:13Z" finished-at="2022-10-14T12:42:13Z">
          <reporter-output>
          </reporter-output>
        </test-method> <!-- closeResources -->
        <test-method status="SKIP" signature="writeExcel()[pri:0, instance:com.edge.syscoshop.online.TestSyscoExecutor@4cc0edeb]" name="writeExcel" is-config="true" duration-ms="0" started-at="2022-10-14T12:42:13Z" finished-at="2022-10-14T12:42:13Z">
          <reporter-output>
          </reporter-output>
        </test-method> <!-- writeExcel -->
        <test-method status="SKIP" signature="Export_Mail_OG(java.lang.String, java.lang.String, java.lang.String, java.lang.String, java.lang.String, java.lang.String, java.lang.String, java.lang.String, java.lang.String, java.lang.String)[pri:0, instance:com.edge.syscoshop.online.TestSyscoExecutor@4cc0edeb]" name="Export_Mail_OG" duration-ms="0" started-at="2022-10-14T12:42:13Z" data-provider="testData" finished-at="2022-10-14T12:42:13Z">
          <params>
            <param index="0">
              <value>
                <![CDATA[Yes]]>
              </value>
            </param>
            <param index="1">
              <value>
                <![CDATA[DerbyLane_Sysco]]>
              </value>
            </param>
            <param index="2">
              <value>
                <![CDATA[Sysco]]>
              </value>
            </param>
            <param index="3">
              <value>
                <![CDATA[Derby Lane]]>
              </value>
            </param>
            <param index="4">
              <value>
                <![CDATA[cbrooks@derbylane.com]]>
              </value>
            </param>
            <param index="5">
              <value>
                <![CDATA[Derbylane14$]]>
              </value>
            </param>
            <param index="6">
              <value>
                <![CDATA[DININGEDGE]]>
              </value>
            </param>
            <param index="7">
              <value is-null="true"/>
            </param>
            <param index="8">
              <value is-null="true"/>
            </param>
            <param index="9">
              <value is-null="true"/>
            </param>
          </params>
          <reporter-output>
          </reporter-output>
        </test-method> <!-- Export_Mail_OG -->
        <test-method status="SKIP" signature="writeExcel()[pri:0, instance:com.edge.syscoshop.online.TestSyscoExecutor@4cc0edeb]" name="writeExcel" is-config="true" duration-ms="0" started-at="2022-10-14T12:42:13Z" finished-at="2022-10-14T12:42:13Z">
          <reporter-output>
          </reporter-output>
        </test-method> <!-- writeExcel -->
        <test-method status="SKIP" signature="sendMail()[pri:0, instance:com.edge.syscoshop.online.TestSyscoExecutor@4cc0edeb]" name="sendMail" is-config="true" duration-ms="0" started-at="2022-10-14T12:42:13Z" finished-at="2022-10-14T12:42:13Z">
          <reporter-output>
          </reporter-output>
        </test-method> <!-- sendMail -->
      </class> <!-- com.edge.syscoshop.online.TestSyscoExecutor -->
    </test> <!-- Command line test -->
  </suite> <!-- com.edge.syscoshop.online.TestSyscoExecutor -->
</testng-results>
