<?xml version="1.0" encoding="UTF-8" ?>
<testsuite tests="289" failures="2" name="com.edge.syscoshop.online.TestSyscoExecutor" time="36.545" errors="0" skipped="287">
  <properties>
[...]
</properties>
  <testcase classname="com.edge.syscoshop.online.TestSyscoExecutor" name="Export_Mail_OG" time="12.119">
    <failure type="java.lang.AssertionError:">java.lang.AssertionError: null
	at org.junit.Assert.fail(Assert.java:92)
	at org.junit.Assert.assertTrue(Assert.java:43)
	at org.junit.Assert.assertTrue(Assert.java:54)
	at com.edge.syscoshop.online.TestSyscoExecutor.Export_Mail_OG(TestSyscoExecutor.java:254)
</failure>
    <system-out>Configuring TestNG with: TestNG652Configurator
C:\Users\ImportOrder/Desktop/ExportEngineInput.xlsx file open successfully.
2022-10-14 12:41:57 INFO  TestSyscoExecutor:151 - Test data read.
2022-10-14 12:41:57 INFO  TestSyscoExecutor:156 - Exiting before data.
2022-10-14 12:41:57 INFO  TestSyscoExecutor:105 - Inside Dataprovider. Creating the Object Array to store test data inputs.
2022-10-14 12:41:57 INFO  TestSyscoExecutor:111 - 96 Accounts and Columns are: 10
2022-10-14 12:41:57 INFO  TestSyscoExecutor:121 - Test Cases captured in the Object Array. Exiting dataprovider.
2022-10-14 12:41:57 INFO  TestSyscoExecutor:76 - ***********StartTest*********
All files deleted from folder :-C:\Users\ImportOrder/Downloads
2022-10-14 12:42:01 INFO  TestSyscoExecutor:81 - Invoked browser .. 
2022-10-14 12:42:01 INFO  TestSyscoExecutor:185 - Inside OG Export : Started exporting OG for different accounts
2022-10-14 12:42:01 INFO  TestSyscoExecutor:189 - Test Case test #1
2022-10-14 12:42:01 INFO  TestSyscoExecutor:204 - 43 Bar &amp; Grill for purveryor Sysco is Active !!
2022-10-14 12:42:13 INFO  TestSyscoExecutor:252 - Technical issue occured during export for restaurant - 43 Bar &amp; Grill
</system-out>
    <system-err>Starting ChromeDriver 104.0.5112.79 (3cf3e8c8a07d104b9e1260c910efb8f383285dc5-refs/branch-heads/5112@{#1307}) on port 44335
Only local connections are allowed.
Please see https://chromedriver.chromium.org/security-considerations for suggestions on keeping ChromeDriver safe.
ChromeDriver was started successfully.
Oct 14, 2022 12:41:59 PM org.openqa.selenium.remote.ProtocolHandshake createSession
INFO: Attempting bi-dialect session, assuming Postel&apos;s Law holds true on the remote end
Oct 14, 2022 12:42:00 PM org.openqa.selenium.remote.ProtocolHandshake createSession
INFO: Falling back to original OSS JSON Wire Protocol.
Oct 14, 2022 12:42:01 PM org.openqa.selenium.remote.ProtocolHandshake createSession
INFO: Detected dialect: OSS
org.openqa.selenium.WebDriverException: Returned value cannot be converted to WebElement: {stacktrace=Backtrace:
	Ordinal0 [0x013D78B3+2193587]
	Ordinal0 [0x01370681+1771137]
	Ordinal0 [0x01284070+802928]
	Ordinal0 [0x012A7260+946784]
	Ordinal0 [0x012CD6A0+1103520]
	Ordinal0 [0x012CB4F5+1094901]
	Ordinal0 [0x012CB098+1093784]
	Ordinal0 [0x012655C7+677319]
	Ordinal0 [0x01265B43+678723]
	Ordinal0 [0x01265F7A+679802]
	GetHandleVerifier [0x01680CB2+2738370]
	GetHandleVerifier [0x016721B8+2678216]
	GetHandleVerifier [0x014617AA+512954]
	GetHandleVerifier [0x01460856+509030]
	Ordinal0 [0x0137743B+1799227]
	Ordinal0 [0x01265357+676695]
	Ordinal0 [0x01264E18+675352]
	GetHandleVerifier [0x016A42BC+2883276]
	BaseThreadInitThunk [0x77126A14+36]
	RtlInitializeExceptionChain [0x77E3A9FF+143]
	RtlInitializeExceptionChain [0x77E3A9CA+90]
, error=invalid session id, message=invalid session id}
Build info: version: &apos;3.0.1&apos;, revision: &apos;1969d75&apos;, time: &apos;2016-10-18 09:49:13 -0700&apos;
System info: host: &apos;1SF28Q&apos;, ip: &apos;67.225.160.228&apos;, os.name: &apos;Windows Server 2012 R2&apos;, os.arch: &apos;amd64&apos;, os.version: &apos;6.3&apos;, java.version: &apos;1.8.0_121&apos;
Driver info: driver.version: RemoteWebDriver
	at org.openqa.selenium.remote.RemoteWebDriver.findElement(RemoteWebDriver.java:375)
	at org.openqa.selenium.remote.RemoteWebDriver.findElementByXPath(RemoteWebDriver.java:473)
	at org.openqa.selenium.By$ByXPath.findElement(By.java:361)
	at org.openqa.selenium.remote.RemoteWebDriver.findElement(RemoteWebDriver.java:360)
	at com.framework.commonUtils.CommonSysco.doLogin(CommonSysco.java:67)
	at com.edge.syscoshop.online.TestSyscoExecutor.Export_Mail_OG(TestSyscoExecutor.java:206)
	at sun.reflect.NativeMethodAccessorImpl.invoke0(Native Method)
	at sun.reflect.NativeMethodAccessorImpl.invoke(NativeMethodAccessorImpl.java:62)
	at sun.reflect.DelegatingMethodAccessorImpl.invoke(DelegatingMethodAccessorImpl.java:43)
	at java.lang.reflect.Method.invoke(Method.java:498)
	at org.testng.internal.MethodInvocationHelper.invokeMethod(MethodInvocationHelper.java:80)
	at org.testng.internal.Invoker.invokeMethod(Invoker.java:714)
	at org.testng.internal.Invoker.invokeTestMethod(Invoker.java:901)
	at org.testng.internal.Invoker.invokeTestMethods(Invoker.java:1231)
	at org.testng.internal.TestMethodWorker.invokeTestMethods(TestMethodWorker.java:127)
	at org.testng.internal.TestMethodWorker.run(TestMethodWorker.java:111)
	at org.testng.TestRunner.privateRun(TestRunner.java:767)
	at org.testng.TestRunner.run(TestRunner.java:617)
	at org.testng.SuiteRunner.runTest(SuiteRunner.java:334)
	at org.testng.SuiteRunner.runSequentially(SuiteRunner.java:329)
	at org.testng.SuiteRunner.privateRun(SuiteRunner.java:291)
	at org.testng.SuiteRunner.run(SuiteRunner.java:240)
	at org.testng.SuiteRunnerWorker.runSuite(SuiteRunnerWorker.java:52)
	at org.testng.SuiteRunnerWorker.run(SuiteRunnerWorker.java:86)
	at org.testng.TestNG.runSuitesSequentially(TestNG.java:1198)
	at org.testng.TestNG.runSuitesLocally(TestNG.java:1123)
	at org.testng.TestNG.run(TestNG.java:1031)
	at org.apache.maven.surefire.testng.TestNGExecutor.run(TestNGExecutor.java:77)
	at org.apache.maven.surefire.testng.TestNGDirectoryTestSuite.executeSingleClass(TestNGDirectoryTestSuite.java:126)
	at org.apache.maven.surefire.testng.TestNGDirectoryTestSuite.execute(TestNGDirectoryTestSuite.java:110)
	at org.apache.maven.surefire.testng.TestNGProvider.invoke(TestNGProvider.java:117)
	at sun.reflect.NativeMethodAccessorImpl.invoke0(Native Method)
	at sun.reflect.NativeMethodAccessorImpl.invoke(NativeMethodAccessorImpl.java:62)
	at sun.reflect.DelegatingMethodAccessorImpl.invoke(DelegatingMethodAccessorImpl.java:43)
	at java.lang.reflect.Method.invoke(Method.java:498)
	at org.apache.maven.surefire.util.ReflectionUtils.invokeMethodWithArray2(ReflectionUtils.java:208)
	at org.apache.maven.surefire.booter.ProviderFactory$ProviderProxy.invoke(ProviderFactory.java:158)
	at org.apache.maven.surefire.booter.ProviderFactory.invokeProvider(ProviderFactory.java:86)
	at org.apache.maven.surefire.booter.ForkedBooter.runSuitesInProcess(ForkedBooter.java:153)
	at org.apache.maven.surefire.booter.ForkedBooter.main(ForkedBooter.java:95)
Caused by: java.lang.ClassCastException: com.google.common.collect.Maps$TransformedEntriesMap cannot be cast to org.openqa.selenium.WebElement
	at org.openqa.selenium.remote.RemoteWebDriver.findElement(RemoteWebDriver.java:373)
	... 39 more
Oct 14, 2022 12:42:13 PM org.openqa.selenium.support.ui.ExpectedConditions findElement
WARNING: WebDriverException thrown by findElement(By.id: okta-signin-password)
org.openqa.selenium.WebDriverException: Returned value cannot be converted to WebElement: {stacktrace=Backtrace:
	Ordinal0 [0x013D78B3+2193587]
	Ordinal0 [0x01370681+1771137]
	Ordinal0 [0x01284070+802928]
	Ordinal0 [0x012A7260+946784]
	Ordinal0 [0x012CD6A0+1103520]
	Ordinal0 [0x012CB4F5+1094901]
	Ordinal0 [0x012CB098+1093784]
	Ordinal0 [0x012655C7+677319]
	Ordinal0 [0x01265B43+678723]
	Ordinal0 [0x01265F7A+679802]
	GetHandleVerifier [0x01680CB2+2738370]
	GetHandleVerifier [0x016721B8+2678216]
	GetHandleVerifier [0x014617AA+512954]
	GetHandleVerifier [0x01460856+509030]
	Ordinal0 [0x0137743B+1799227]
	Ordinal0 [0x01265357+676695]
	Ordinal0 [0x01264E18+675352]
	GetHandleVerifier [0x016A42BC+2883276]
	BaseThreadInitThunk [0x77126A14+36]
	RtlInitializeExceptionChain [0x77E3A9FF+143]
	RtlInitializeExceptionChain [0x77E3A9CA+90]
, error=invalid session id, message=invalid session id}
Build info: version: &apos;3.0.1&apos;, revision: &apos;1969d75&apos;, time: &apos;2016-10-18 09:49:13 -0700&apos;
System info: host: &apos;1SF28Q&apos;, ip: &apos;67.225.160.228&apos;, os.name: &apos;Windows Server 2012 R2&apos;, os.arch: &apos;amd64&apos;, os.version: &apos;6.3&apos;, java.version: &apos;1.8.0_121&apos;
Driver info: driver.version: RemoteWebDriver
	at org.openqa.selenium.remote.RemoteWebDriver.findElement(RemoteWebDriver.java:375)
	at org.openqa.selenium.remote.RemoteWebDriver.findElementById(RemoteWebDriver.java:417)
	at org.openqa.selenium.By$ById.findElement(By.java:218)
	at org.openqa.selenium.remote.RemoteWebDriver.findElement(RemoteWebDriver.java:360)
	at org.openqa.selenium.support.ui.ExpectedConditions.findElement(ExpectedConditions.java:895)
	at org.openqa.selenium.support.ui.ExpectedConditions.access$000(ExpectedConditions.java:41)
	at org.openqa.selenium.support.ui.ExpectedConditions$7.apply(ExpectedConditions.java:205)
	at org.openqa.selenium.support.ui.ExpectedConditions$7.apply(ExpectedConditions.java:201)
	at org.openqa.selenium.support.ui.FluentWait.until(FluentWait.java:238)
	at com.framework.commonUtils.CommonSysco.waitForElementToAppear(CommonSysco.java:39)
	at com.framework.commonUtils.CommonSysco.doLogin(CommonSysco.java:93)
	at com.edge.syscoshop.online.TestSyscoExecutor.Export_Mail_OG(TestSyscoExecutor.java:206)
	at sun.reflect.NativeMethodAccessorImpl.invoke0(Native Method)
	at sun.reflect.NativeMethodAccessorImpl.invoke(NativeMethodAccessorImpl.java:62)
	at sun.reflect.DelegatingMethodAccessorImpl.invoke(DelegatingMethodAccessorImpl.java:43)
	at java.lang.reflect.Method.invoke(Method.java:498)
	at org.testng.internal.MethodInvocationHelper.invokeMethod(MethodInvocationHelper.java:80)
	at org.testng.internal.Invoker.invokeMethod(Invoker.java:714)
	at org.testng.internal.Invoker.invokeTestMethod(Invoker.java:901)
	at org.testng.internal.Invoker.invokeTestMethods(Invoker.java:1231)
	at org.testng.internal.TestMethodWorker.invokeTestMethods(TestMethodWorker.java:127)
	at org.testng.internal.TestMethodWorker.run(TestMethodWorker.java:111)
	at org.testng.TestRunner.privateRun(TestRunner.java:767)
	at org.testng.TestRunner.run(TestRunner.java:617)
	at org.testng.SuiteRunner.runTest(SuiteRunner.java:334)
	at org.testng.SuiteRunner.runSequentially(SuiteRunner.java:329)
	at org.testng.SuiteRunner.privateRun(SuiteRunner.java:291)
	at org.testng.SuiteRunner.run(SuiteRunner.java:240)
	at org.testng.SuiteRunnerWorker.runSuite(SuiteRunnerWorker.java:52)
	at org.testng.SuiteRunnerWorker.run(SuiteRunnerWorker.java:86)
	at org.testng.TestNG.runSuitesSequentially(TestNG.java:1198)
	at org.testng.TestNG.runSuitesLocally(TestNG.java:1123)
	at org.testng.TestNG.run(TestNG.java:1031)
	at org.apache.maven.surefire.testng.TestNGExecutor.run(TestNGExecutor.java:77)
	at org.apache.maven.surefire.testng.TestNGDirectoryTestSuite.executeSingleClass(TestNGDirectoryTestSuite.java:126)
	at org.apache.maven.surefire.testng.TestNGDirectoryTestSuite.execute(TestNGDirectoryTestSuite.java:110)
	at org.apache.maven.surefire.testng.TestNGProvider.invoke(TestNGProvider.java:117)
	at sun.reflect.NativeMethodAccessorImpl.invoke0(Native Method)
	at sun.reflect.NativeMethodAccessorImpl.invoke(NativeMethodAccessorImpl.java:62)
	at sun.reflect.DelegatingMethodAccessorImpl.invoke(DelegatingMethodAccessorImpl.java:43)
	at java.lang.reflect.Method.invoke(Method.java:498)
	at org.apache.maven.surefire.util.ReflectionUtils.invokeMethodWithArray2(ReflectionUtils.java:208)
	at org.apache.maven.surefire.booter.ProviderFactory$ProviderProxy.invoke(ProviderFactory.java:158)
	at org.apache.maven.surefire.booter.ProviderFactory.invokeProvider(ProviderFactory.java:86)
	at org.apache.maven.surefire.booter.ForkedBooter.runSuitesInProcess(ForkedBooter.java:153)
	at org.apache.maven.surefire.booter.ForkedBooter.main(ForkedBooter.java:95)
Caused by: java.lang.ClassCastException: com.google.common.collect.Maps$TransformedEntriesMap cannot be cast to org.openqa.selenium.WebElement
	at org.openqa.selenium.remote.RemoteWebDriver.findElement(RemoteWebDriver.java:373)
	... 45 more

org.openqa.selenium.WebDriverException: Returned value cannot be converted to WebElement: {stacktrace=Backtrace:
	Ordinal0 [0x013D78B3+2193587]
	Ordinal0 [0x01370681+1771137]
	Ordinal0 [0x01284070+802928]
	Ordinal0 [0x012A7260+946784]
	Ordinal0 [0x012CD6A0+1103520]
	Ordinal0 [0x012CB4F5+1094901]
	Ordinal0 [0x012CB098+1093784]
	Ordinal0 [0x012655C7+677319]
	Ordinal0 [0x01265B43+678723]
	Ordinal0 [0x01265F7A+679802]
	GetHandleVerifier [0x01680CB2+2738370]
	GetHandleVerifier [0x016721B8+2678216]
	GetHandleVerifier [0x014617AA+512954]
	GetHandleVerifier [0x01460856+509030]
	Ordinal0 [0x0137743B+1799227]
	Ordinal0 [0x01265357+676695]
	Ordinal0 [0x01264E18+675352]
	GetHandleVerifier [0x016A42BC+2883276]
	BaseThreadInitThunk [0x77126A14+36]
	RtlInitializeExceptionChain [0x77E3A9FF+143]
	RtlInitializeExceptionChain [0x77E3A9CA+90]
, error=invalid session id, message=invalid session id}
Build info: version: &apos;3.0.1&apos;, revision: &apos;1969d75&apos;, time: &apos;2016-10-18 09:49:13 -0700&apos;
System info: host: &apos;1SF28Q&apos;, ip: &apos;67.225.160.228&apos;, os.name: &apos;Windows Server 2012 R2&apos;, os.arch: &apos;amd64&apos;, os.version: &apos;6.3&apos;, java.version: &apos;1.8.0_121&apos;
Driver info: driver.version: RemoteWebDriver
	at org.openqa.selenium.remote.RemoteWebDriver.findElement(RemoteWebDriver.java:375)
	at org.openqa.selenium.remote.RemoteWebDriver.findElementById(RemoteWebDriver.java:417)
	at org.openqa.selenium.By$ById.findElement(By.java:218)
	at org.openqa.selenium.remote.RemoteWebDriver.findElement(RemoteWebDriver.java:360)
	at org.openqa.selenium.support.ui.ExpectedConditions.findElement(ExpectedConditions.java:895)
	at org.openqa.selenium.support.ui.ExpectedConditions.access$000(ExpectedConditions.java:41)
	at org.openqa.selenium.support.ui.ExpectedConditions$7.apply(ExpectedConditions.java:205)
	at org.openqa.selenium.support.ui.ExpectedConditions$7.apply(ExpectedConditions.java:201)
	at org.openqa.selenium.support.ui.FluentWait.until(FluentWait.java:238)
	at com.framework.commonUtils.CommonSysco.waitForElementToAppear(CommonSysco.java:39)
	at com.framework.commonUtils.CommonSysco.doLogin(CommonSysco.java:93)
	at com.edge.syscoshop.online.TestSyscoExecutor.Export_Mail_OG(TestSyscoExecutor.java:206)
	at sun.reflect.NativeMethodAccessorImpl.invoke0(Native Method)
	at sun.reflect.NativeMethodAccessorImpl.invoke(NativeMethodAccessorImpl.java:62)
	at sun.reflect.DelegatingMethodAccessorImpl.invoke(DelegatingMethodAccessorImpl.java:43)
	at java.lang.reflect.Method.invoke(Method.java:498)
	at org.testng.internal.MethodInvocationHelper.invokeMethod(MethodInvocationHelper.java:80)
	at org.testng.internal.Invoker.invokeMethod(Invoker.java:714)
	at org.testng.internal.Invoker.invokeTestMethod(Invoker.java:901)
	at org.testng.internal.Invoker.invokeTestMethods(Invoker.java:1231)
	at org.testng.internal.TestMethodWorker.invokeTestMethods(TestMethodWorker.java:127)
	at org.testng.internal.TestMethodWorker.run(TestMethodWorker.java:111)
	at org.testng.TestRunner.privateRun(TestRunner.java:767)
	at org.testng.TestRunner.run(TestRunner.java:617)
	at org.testng.SuiteRunner.runTest(SuiteRunner.java:334)
	at org.testng.SuiteRunner.runSequentially(SuiteRunner.java:329)
	at org.testng.SuiteRunner.privateRun(SuiteRunner.java:291)
	at org.testng.SuiteRunner.run(SuiteRunner.java:240)
	at org.testng.SuiteRunnerWorker.runSuite(SuiteRunnerWorker.java:52)
	at org.testng.SuiteRunnerWorker.run(SuiteRunnerWorker.java:86)
	at org.testng.TestNG.runSuitesSequentially(TestNG.java:1198)
	at org.testng.TestNG.runSuitesLocally(TestNG.java:1123)
	at org.testng.TestNG.run(TestNG.java:1031)
	at org.apache.maven.surefire.testng.TestNGExecutor.run(TestNGExecutor.java:77)
	at org.apache.maven.surefire.testng.TestNGDirectoryTestSuite.executeSingleClass(TestNGDirectoryTestSuite.java:126)
	at org.apache.maven.surefire.testng.TestNGDirectoryTestSuite.execute(TestNGDirectoryTestSuite.java:110)
	at org.apache.maven.surefire.testng.TestNGProvider.invoke(TestNGProvider.java:117)
	at sun.reflect.NativeMethodAccessorImpl.invoke0(Native Method)
	at sun.reflect.NativeMethodAccessorImpl.invoke(NativeMethodAccessorImpl.java:62)
	at sun.reflect.DelegatingMethodAccessorImpl.invoke(DelegatingMethodAccessorImpl.java:43)
	at java.lang.reflect.Method.invoke(Method.java:498)
	at org.apache.maven.surefire.util.ReflectionUtils.invokeMethodWithArray2(ReflectionUtils.java:208)
	at org.apache.maven.surefire.booter.ProviderFactory$ProviderProxy.invoke(ProviderFactory.java:158)
	at org.apache.maven.surefire.booter.ProviderFactory.invokeProvider(ProviderFactory.java:86)
	at org.apache.maven.surefire.booter.ForkedBooter.runSuitesInProcess(ForkedBooter.java:153)
	at org.apache.maven.surefire.booter.ForkedBooter.main(ForkedBooter.java:95)
Caused by: java.lang.ClassCastException: com.google.common.collect.Maps$TransformedEntriesMap cannot be cast to org.openqa.selenium.WebElement
	at org.openqa.selenium.remote.RemoteWebDriver.findElement(RemoteWebDriver.java:373)
	... 45 more
</system-err>
  </testcase>
  <testcase classname="com.edge.syscoshop.online.TestSyscoExecutor" name="writeExcel" time="12.135">
    <failure message="Unexpected result for screenshot command: com.google.common.collect.Maps$TransformedEntriesMap instance" type="java.lang.RuntimeException">java.lang.RuntimeException: Unexpected result for screenshot command: com.google.common.collect.Maps$TransformedEntriesMap instance
	at org.openqa.selenium.remote.RemoteWebDriver.getScreenshotAs(RemoteWebDriver.java:349)
	at com.framework.commonUtils.CommonSysco.onTestFailure(CommonSysco.java:282)
	at com.edge.syscoshop.online.TestSyscoExecutor.writeExcel(TestSyscoExecutor.java:89)
</failure>
    <system-out>passingStatus = No
I am here to take screen shot
</system-out>
  </testcase>
  <testcase classname="com.edge.syscoshop.online.TestSyscoExecutor" name="setUp" time="12.135">
    <skipped/>
  </testcase>
  <testcase classname="com.edge.syscoshop.online.TestSyscoExecutor" name="Export_Mail_OG" time="0">
    <skipped/>
  </testcase>
  <testcase classname="com.edge.syscoshop.online.TestSyscoExecutor" name="writeExcel" time="0">
    <skipped/>
  </testcase>
  <testcase classname="com.edge.syscoshop.online.TestSyscoExecutor" name="setUp" time="0">
    <skipped/>
  </testcase>
  <testcase classname="com.edge.syscoshop.online.TestSyscoExecutor" name="Export_Mail_OG" time="0">
    <skipped/>
  </testcase>
  <testcase classname="com.edge.syscoshop.online.TestSyscoExecutor" name="writeExcel" time="0">
    <skipped/>
  </testcase>
  <testcase classname="com.edge.syscoshop.online.TestSyscoExecutor" name="setUp" time="0">
    <skipped/>
  </testcase>
  <testcase classname="com.edge.syscoshop.online.TestSyscoExecutor" name="Export_Mail_OG" time="0">
    <skipped/>
  </testcase>
  <testcase classname="com.edge.syscoshop.online.TestSyscoExecutor" name="writeExcel" time="0">
    <skipped/>
  </testcase>
  <testcase classname="com.edge.syscoshop.online.TestSyscoExecutor" name="setUp" time="0">
    <skipped/>
  </testcase>
  <testcase classname="com.edge.syscoshop.online.TestSyscoExecutor" name="Export_Mail_OG" time="0">
    <skipped/>
  </testcase>
  <testcase classname="com.edge.syscoshop.online.TestSyscoExecutor" name="writeExcel" time="0">
    <skipped/>
  </testcase>
  <testcase classname="com.edge.syscoshop.online.TestSyscoExecutor" name="setUp" time="0">
    <skipped/>
  </testcase>
  <testcase classname="com.edge.syscoshop.online.TestSyscoExecutor" name="Export_Mail_OG" time="0">
    <skipped/>
  </testcase>
  <testcase classname="com.edge.syscoshop.online.TestSyscoExecutor" name="writeExcel" time="0">
    <skipped/>
  </testcase>
  <testcase classname="com.edge.syscoshop.online.TestSyscoExecutor" name="setUp" time="0">
    <skipped/>
  </testcase>
  <testcase classname="com.edge.syscoshop.online.TestSyscoExecutor" name="Export_Mail_OG" time="0">
    <skipped/>
  </testcase>
  <testcase classname="com.edge.syscoshop.online.TestSyscoExecutor" name="writeExcel" time="0">
    <skipped/>
  </testcase>
  <testcase classname="com.edge.syscoshop.online.TestSyscoExecutor" name="setUp" time="0">
    <skipped/>
  </testcase>
  <testcase classname="com.edge.syscoshop.online.TestSyscoExecutor" name="Export_Mail_OG" time="0">
    <skipped/>
  </testcase>
  <testcase classname="com.edge.syscoshop.online.TestSyscoExecutor" name="writeExcel" time="0">
    <skipped/>
  </testcase>
  <testcase classname="com.edge.syscoshop.online.TestSyscoExecutor" name="setUp" time="0">
    <skipped/>
  </testcase>
  <testcase classname="com.edge.syscoshop.online.TestSyscoExecutor" name="Export_Mail_OG" time="0">
    <skipped/>
  </testcase>
  <testcase classname="com.edge.syscoshop.online.TestSyscoExecutor" name="writeExcel" time="0">
    <skipped/>
  </testcase>
  <testcase classname="com.edge.syscoshop.online.TestSyscoExecutor" name="setUp" time="0">
    <skipped/>
  </testcase>
  <testcase classname="com.edge.syscoshop.online.TestSyscoExecutor" name="Export_Mail_OG" time="0">
    <skipped/>
  </testcase>
  <testcase classname="com.edge.syscoshop.online.TestSyscoExecutor" name="writeExcel" time="0">
    <skipped/>
  </testcase>
  <testcase classname="com.edge.syscoshop.online.TestSyscoExecutor" name="setUp" time="0">
    <skipped/>
  </testcase>
  <testcase classname="com.edge.syscoshop.online.TestSyscoExecutor" name="Export_Mail_OG" time="0">
    <skipped/>
  </testcase>
  <testcase classname="com.edge.syscoshop.online.TestSyscoExecutor" name="writeExcel" time="0">
    <skipped/>
  </testcase>
  <testcase classname="com.edge.syscoshop.online.TestSyscoExecutor" name="setUp" time="0">
    <skipped/>
  </testcase>
  <testcase classname="com.edge.syscoshop.online.TestSyscoExecutor" name="Export_Mail_OG" time="0">
    <skipped/>
  </testcase>
  <testcase classname="com.edge.syscoshop.online.TestSyscoExecutor" name="writeExcel" time="0">
    <skipped/>
  </testcase>
  <testcase classname="com.edge.syscoshop.online.TestSyscoExecutor" name="setUp" time="0">
    <skipped/>
  </testcase>
  <testcase classname="com.edge.syscoshop.online.TestSyscoExecutor" name="Export_Mail_OG" time="0">
    <skipped/>
  </testcase>
  <testcase classname="com.edge.syscoshop.online.TestSyscoExecutor" name="writeExcel" time="0">
    <skipped/>
  </testcase>
  <testcase classname="com.edge.syscoshop.online.TestSyscoExecutor" name="setUp" time="0">
    <skipped/>
  </testcase>
  <testcase classname="com.edge.syscoshop.online.TestSyscoExecutor" name="Export_Mail_OG" time="0">
    <skipped/>
  </testcase>
  <testcase classname="com.edge.syscoshop.online.TestSyscoExecutor" name="writeExcel" time="0">
    <skipped/>
  </testcase>
  <testcase classname="com.edge.syscoshop.online.TestSyscoExecutor" name="setUp" time="0">
    <skipped/>
  </testcase>
  <testcase classname="com.edge.syscoshop.online.TestSyscoExecutor" name="Export_Mail_OG" time="0">
    <skipped/>
  </testcase>
  <testcase classname="com.edge.syscoshop.online.TestSyscoExecutor" name="writeExcel" time="0">
    <skipped/>
  </testcase>
  <testcase classname="com.edge.syscoshop.online.TestSyscoExecutor" name="setUp" time="0">
    <skipped/>
  </testcase>
  <testcase classname="com.edge.syscoshop.online.TestSyscoExecutor" name="Export_Mail_OG" time="0">
    <skipped/>
  </testcase>
  <testcase classname="com.edge.syscoshop.online.TestSyscoExecutor" name="writeExcel" time="0">
    <skipped/>
  </testcase>
  <testcase classname="com.edge.syscoshop.online.TestSyscoExecutor" name="setUp" time="0">
    <skipped/>
  </testcase>
  <testcase classname="com.edge.syscoshop.online.TestSyscoExecutor" name="Export_Mail_OG" time="0">
    <skipped/>
  </testcase>
  <testcase classname="com.edge.syscoshop.online.TestSyscoExecutor" name="writeExcel" time="0">
    <skipped/>
  </testcase>
  <testcase classname="com.edge.syscoshop.online.TestSyscoExecutor" name="setUp" time="0">
    <skipped/>
  </testcase>
  <testcase classname="com.edge.syscoshop.online.TestSyscoExecutor" name="Export_Mail_OG" time="0">
    <skipped/>
  </testcase>
  <testcase classname="com.edge.syscoshop.online.TestSyscoExecutor" name="writeExcel" time="0">
    <skipped/>
  </testcase>
  <testcase classname="com.edge.syscoshop.online.TestSyscoExecutor" name="setUp" time="0">
    <skipped/>
  </testcase>
  <testcase classname="com.edge.syscoshop.online.TestSyscoExecutor" name="Export_Mail_OG" time="0">
    <skipped/>
  </testcase>
  <testcase classname="com.edge.syscoshop.online.TestSyscoExecutor" name="writeExcel" time="0">
    <skipped/>
  </testcase>
  <testcase classname="com.edge.syscoshop.online.TestSyscoExecutor" name="setUp" time="0">
    <skipped/>
  </testcase>
  <testcase classname="com.edge.syscoshop.online.TestSyscoExecutor" name="Export_Mail_OG" time="0">
    <skipped/>
  </testcase>
  <testcase classname="com.edge.syscoshop.online.TestSyscoExecutor" name="writeExcel" time="0">
    <skipped/>
  </testcase>
  <testcase classname="com.edge.syscoshop.online.TestSyscoExecutor" name="setUp" time="0">
    <skipped/>
  </testcase>
  <testcase classname="com.edge.syscoshop.online.TestSyscoExecutor" name="Export_Mail_OG" time="0">
    <skipped/>
  </testcase>
  <testcase classname="com.edge.syscoshop.online.TestSyscoExecutor" name="writeExcel" time="0">
    <skipped/>
  </testcase>
  <testcase classname="com.edge.syscoshop.online.TestSyscoExecutor" name="setUp" time="0">
    <skipped/>
  </testcase>
  <testcase classname="com.edge.syscoshop.online.TestSyscoExecutor" name="Export_Mail_OG" time="0">
    <skipped/>
  </testcase>
  <testcase classname="com.edge.syscoshop.online.TestSyscoExecutor" name="writeExcel" time="0.015">
    <skipped/>
  </testcase>
  <testcase classname="com.edge.syscoshop.online.TestSyscoExecutor" name="setUp" time="0.015">
    <skipped/>
  </testcase>
  <testcase classname="com.edge.syscoshop.online.TestSyscoExecutor" name="Export_Mail_OG" time="0">
    <skipped/>
  </testcase>
  <testcase classname="com.edge.syscoshop.online.TestSyscoExecutor" name="writeExcel" time="0">
    <skipped/>
  </testcase>
  <testcase classname="com.edge.syscoshop.online.TestSyscoExecutor" name="setUp" time="0">
    <skipped/>
  </testcase>
  <testcase classname="com.edge.syscoshop.online.TestSyscoExecutor" name="Export_Mail_OG" time="0">
    <skipped/>
  </testcase>
  <testcase classname="com.edge.syscoshop.online.TestSyscoExecutor" name="writeExcel" time="0">
    <skipped/>
  </testcase>
  <testcase classname="com.edge.syscoshop.online.TestSyscoExecutor" name="setUp" time="0">
    <skipped/>
  </testcase>
  <testcase classname="com.edge.syscoshop.online.TestSyscoExecutor" name="Export_Mail_OG" time="0">
    <skipped/>
  </testcase>
  <testcase classname="com.edge.syscoshop.online.TestSyscoExecutor" name="writeExcel" time="0">
    <skipped/>
  </testcase>
  <testcase classname="com.edge.syscoshop.online.TestSyscoExecutor" name="setUp" time="0">
    <skipped/>
  </testcase>
  <testcase classname="com.edge.syscoshop.online.TestSyscoExecutor" name="Export_Mail_OG" time="0">
    <skipped/>
  </testcase>
  <testcase classname="com.edge.syscoshop.online.TestSyscoExecutor" name="writeExcel" time="0">
    <skipped/>
  </testcase>
  <testcase classname="com.edge.syscoshop.online.TestSyscoExecutor" name="setUp" time="0">
    <skipped/>
  </testcase>
  <testcase classname="com.edge.syscoshop.online.TestSyscoExecutor" name="Export_Mail_OG" time="0">
    <skipped/>
  </testcase>
  <testcase classname="com.edge.syscoshop.online.TestSyscoExecutor" name="writeExcel" time="0">
    <skipped/>
  </testcase>
  <testcase classname="com.edge.syscoshop.online.TestSyscoExecutor" name="setUp" time="0">
    <skipped/>
  </testcase>
  <testcase classname="com.edge.syscoshop.online.TestSyscoExecutor" name="Export_Mail_OG" time="0">
    <skipped/>
  </testcase>
  <testcase classname="com.edge.syscoshop.online.TestSyscoExecutor" name="writeExcel" time="0">
    <skipped/>
  </testcase>
  <testcase classname="com.edge.syscoshop.online.TestSyscoExecutor" name="setUp" time="0">
    <skipped/>
  </testcase>
  <testcase classname="com.edge.syscoshop.online.TestSyscoExecutor" name="Export_Mail_OG" time="0">
    <skipped/>
  </testcase>
  <testcase classname="com.edge.syscoshop.online.TestSyscoExecutor" name="writeExcel" time="0">
    <skipped/>
  </testcase>
  <testcase classname="com.edge.syscoshop.online.TestSyscoExecutor" name="setUp" time="0">
    <skipped/>
  </testcase>
  <testcase classname="com.edge.syscoshop.online.TestSyscoExecutor" name="Export_Mail_OG" time="0">
    <skipped/>
  </testcase>
  <testcase classname="com.edge.syscoshop.online.TestSyscoExecutor" name="writeExcel" time="0">
    <skipped/>
  </testcase>
  <testcase classname="com.edge.syscoshop.online.TestSyscoExecutor" name="setUp" time="0">
    <skipped/>
  </testcase>
  <testcase classname="com.edge.syscoshop.online.TestSyscoExecutor" name="Export_Mail_OG" time="0">
    <skipped/>
  </testcase>
  <testcase classname="com.edge.syscoshop.online.TestSyscoExecutor" name="writeExcel" time="0">
    <skipped/>
  </testcase>
  <testcase classname="com.edge.syscoshop.online.TestSyscoExecutor" name="setUp" time="0">
    <skipped/>
  </testcase>
  <testcase classname="com.edge.syscoshop.online.TestSyscoExecutor" name="Export_Mail_OG" time="0">
    <skipped/>
  </testcase>
  <testcase classname="com.edge.syscoshop.online.TestSyscoExecutor" name="writeExcel" time="0">
    <skipped/>
  </testcase>
  <testcase classname="com.edge.syscoshop.online.TestSyscoExecutor" name="setUp" time="0">
    <skipped/>
  </testcase>
  <testcase classname="com.edge.syscoshop.online.TestSyscoExecutor" name="Export_Mail_OG" time="0">
    <skipped/>
  </testcase>
  <testcase classname="com.edge.syscoshop.online.TestSyscoExecutor" name="writeExcel" time="0">
    <skipped/>
  </testcase>
  <testcase classname="com.edge.syscoshop.online.TestSyscoExecutor" name="setUp" time="0">
    <skipped/>
  </testcase>
  <testcase classname="com.edge.syscoshop.online.TestSyscoExecutor" name="Export_Mail_OG" time="0">
    <skipped/>
  </testcase>
  <testcase classname="com.edge.syscoshop.online.TestSyscoExecutor" name="writeExcel" time="0">
    <skipped/>
  </testcase>
  <testcase classname="com.edge.syscoshop.online.TestSyscoExecutor" name="setUp" time="0">
    <skipped/>
  </testcase>
  <testcase classname="com.edge.syscoshop.online.TestSyscoExecutor" name="Export_Mail_OG" time="0">
    <skipped/>
  </testcase>
  <testcase classname="com.edge.syscoshop.online.TestSyscoExecutor" name="writeExcel" time="0">
    <skipped/>
  </testcase>
  <testcase classname="com.edge.syscoshop.online.TestSyscoExecutor" name="setUp" time="0">
    <skipped/>
  </testcase>
  <testcase classname="com.edge.syscoshop.online.TestSyscoExecutor" name="Export_Mail_OG" time="0">
    <skipped/>
  </testcase>
  <testcase classname="com.edge.syscoshop.online.TestSyscoExecutor" name="writeExcel" time="0">
    <skipped/>
  </testcase>
  <testcase classname="com.edge.syscoshop.online.TestSyscoExecutor" name="setUp" time="0">
    <skipped/>
  </testcase>
  <testcase classname="com.edge.syscoshop.online.TestSyscoExecutor" name="Export_Mail_OG" time="0">
    <skipped/>
  </testcase>
  <testcase classname="com.edge.syscoshop.online.TestSyscoExecutor" name="writeExcel" time="0">
    <skipped/>
  </testcase>
  <testcase classname="com.edge.syscoshop.online.TestSyscoExecutor" name="setUp" time="0">
    <skipped/>
  </testcase>
  <testcase classname="com.edge.syscoshop.online.TestSyscoExecutor" name="Export_Mail_OG" time="0">
    <skipped/>
  </testcase>
  <testcase classname="com.edge.syscoshop.online.TestSyscoExecutor" name="writeExcel" time="0">
    <skipped/>
  </testcase>
  <testcase classname="com.edge.syscoshop.online.TestSyscoExecutor" name="setUp" time="0">
    <skipped/>
  </testcase>
  <testcase classname="com.edge.syscoshop.online.TestSyscoExecutor" name="Export_Mail_OG" time="0">
    <skipped/>
  </testcase>
  <testcase classname="com.edge.syscoshop.online.TestSyscoExecutor" name="writeExcel" time="0">
    <skipped/>
  </testcase>
  <testcase classname="com.edge.syscoshop.online.TestSyscoExecutor" name="setUp" time="0">
    <skipped/>
  </testcase>
  <testcase classname="com.edge.syscoshop.online.TestSyscoExecutor" name="Export_Mail_OG" time="0">
    <skipped/>
  </testcase>
  <testcase classname="com.edge.syscoshop.online.TestSyscoExecutor" name="writeExcel" time="0">
    <skipped/>
  </testcase>
  <testcase classname="com.edge.syscoshop.online.TestSyscoExecutor" name="setUp" time="0">
    <skipped/>
  </testcase>
  <testcase classname="com.edge.syscoshop.online.TestSyscoExecutor" name="Export_Mail_OG" time="0">
    <skipped/>
  </testcase>
  <testcase classname="com.edge.syscoshop.online.TestSyscoExecutor" name="writeExcel" time="0">
    <skipped/>
  </testcase>
  <testcase classname="com.edge.syscoshop.online.TestSyscoExecutor" name="setUp" time="0">
    <skipped/>
  </testcase>
  <testcase classname="com.edge.syscoshop.online.TestSyscoExecutor" name="Export_Mail_OG" time="0">
    <skipped/>
  </testcase>
  <testcase classname="com.edge.syscoshop.online.TestSyscoExecutor" name="writeExcel" time="0">
    <skipped/>
  </testcase>
  <testcase classname="com.edge.syscoshop.online.TestSyscoExecutor" name="setUp" time="0">
    <skipped/>
  </testcase>
  <testcase classname="com.edge.syscoshop.online.TestSyscoExecutor" name="Export_Mail_OG" time="0">
    <skipped/>
  </testcase>
  <testcase classname="com.edge.syscoshop.online.TestSyscoExecutor" name="writeExcel" time="0">
    <skipped/>
  </testcase>
  <testcase classname="com.edge.syscoshop.online.TestSyscoExecutor" name="setUp" time="0">
    <skipped/>
  </testcase>
  <testcase classname="com.edge.syscoshop.online.TestSyscoExecutor" name="Export_Mail_OG" time="0">
    <skipped/>
  </testcase>
  <testcase classname="com.edge.syscoshop.online.TestSyscoExecutor" name="writeExcel" time="0">
    <skipped/>
  </testcase>
  <testcase classname="com.edge.syscoshop.online.TestSyscoExecutor" name="setUp" time="0">
    <skipped/>
  </testcase>
  <testcase classname="com.edge.syscoshop.online.TestSyscoExecutor" name="Export_Mail_OG" time="0">
    <skipped/>
  </testcase>
  <testcase classname="com.edge.syscoshop.online.TestSyscoExecutor" name="writeExcel" time="0">
    <skipped/>
  </testcase>
  <testcase classname="com.edge.syscoshop.online.TestSyscoExecutor" name="setUp" time="0">
    <skipped/>
  </testcase>
  <testcase classname="com.edge.syscoshop.online.TestSyscoExecutor" name="Export_Mail_OG" time="0">
    <skipped/>
  </testcase>
  <testcase classname="com.edge.syscoshop.online.TestSyscoExecutor" name="writeExcel" time="0">
    <skipped/>
  </testcase>
  <testcase classname="com.edge.syscoshop.online.TestSyscoExecutor" name="setUp" time="0">
    <skipped/>
  </testcase>
  <testcase classname="com.edge.syscoshop.online.TestSyscoExecutor" name="Export_Mail_OG" time="0">
    <skipped/>
  </testcase>
  <testcase classname="com.edge.syscoshop.online.TestSyscoExecutor" name="writeExcel" time="0">
    <skipped/>
  </testcase>
  <testcase classname="com.edge.syscoshop.online.TestSyscoExecutor" name="setUp" time="0">
    <skipped/>
  </testcase>
  <testcase classname="com.edge.syscoshop.online.TestSyscoExecutor" name="Export_Mail_OG" time="0.016">
    <skipped/>
  </testcase>
  <testcase classname="com.edge.syscoshop.online.TestSyscoExecutor" name="writeExcel" time="0.016">
    <skipped/>
  </testcase>
  <testcase classname="com.edge.syscoshop.online.TestSyscoExecutor" name="setUp" time="0.016">
    <skipped/>
  </testcase>
  <testcase classname="com.edge.syscoshop.online.TestSyscoExecutor" name="Export_Mail_OG" time="0">
    <skipped/>
  </testcase>
  <testcase classname="com.edge.syscoshop.online.TestSyscoExecutor" name="writeExcel" time="0">
    <skipped/>
  </testcase>
  <testcase classname="com.edge.syscoshop.online.TestSyscoExecutor" name="setUp" time="0">
    <skipped/>
  </testcase>
  <testcase classname="com.edge.syscoshop.online.TestSyscoExecutor" name="Export_Mail_OG" time="0">
    <skipped/>
  </testcase>
  <testcase classname="com.edge.syscoshop.online.TestSyscoExecutor" name="writeExcel" time="0">
    <skipped/>
  </testcase>
  <testcase classname="com.edge.syscoshop.online.TestSyscoExecutor" name="setUp" time="0">
    <skipped/>
  </testcase>
  <testcase classname="com.edge.syscoshop.online.TestSyscoExecutor" name="Export_Mail_OG" time="0">
    <skipped/>
  </testcase>
  <testcase classname="com.edge.syscoshop.online.TestSyscoExecutor" name="writeExcel" time="0">
    <skipped/>
  </testcase>
  <testcase classname="com.edge.syscoshop.online.TestSyscoExecutor" name="setUp" time="0">
    <skipped/>
  </testcase>
  <testcase classname="com.edge.syscoshop.online.TestSyscoExecutor" name="Export_Mail_OG" time="0">
    <skipped/>
  </testcase>
  <testcase classname="com.edge.syscoshop.online.TestSyscoExecutor" name="writeExcel" time="0">
    <skipped/>
  </testcase>
  <testcase classname="com.edge.syscoshop.online.TestSyscoExecutor" name="setUp" time="0">
    <skipped/>
  </testcase>
  <testcase classname="com.edge.syscoshop.online.TestSyscoExecutor" name="Export_Mail_OG" time="0">
    <skipped/>
  </testcase>
  <testcase classname="com.edge.syscoshop.online.TestSyscoExecutor" name="writeExcel" time="0">
    <skipped/>
  </testcase>
  <testcase classname="com.edge.syscoshop.online.TestSyscoExecutor" name="setUp" time="0">
    <skipped/>
  </testcase>
  <testcase classname="com.edge.syscoshop.online.TestSyscoExecutor" name="Export_Mail_OG" time="0">
    <skipped/>
  </testcase>
  <testcase classname="com.edge.syscoshop.online.TestSyscoExecutor" name="writeExcel" time="0">
    <skipped/>
  </testcase>
  <testcase classname="com.edge.syscoshop.online.TestSyscoExecutor" name="setUp" time="0">
    <skipped/>
  </testcase>
  <testcase classname="com.edge.syscoshop.online.TestSyscoExecutor" name="Export_Mail_OG" time="0">
    <skipped/>
  </testcase>
  <testcase classname="com.edge.syscoshop.online.TestSyscoExecutor" name="writeExcel" time="0">
    <skipped/>
  </testcase>
  <testcase classname="com.edge.syscoshop.online.TestSyscoExecutor" name="setUp" time="0">
    <skipped/>
  </testcase>
  <testcase classname="com.edge.syscoshop.online.TestSyscoExecutor" name="Export_Mail_OG" time="0">
    <skipped/>
  </testcase>
  <testcase classname="com.edge.syscoshop.online.TestSyscoExecutor" name="writeExcel" time="0">
    <skipped/>
  </testcase>
  <testcase classname="com.edge.syscoshop.online.TestSyscoExecutor" name="setUp" time="0">
    <skipped/>
  </testcase>
  <testcase classname="com.edge.syscoshop.online.TestSyscoExecutor" name="Export_Mail_OG" time="0">
    <skipped/>
  </testcase>
  <testcase classname="com.edge.syscoshop.online.TestSyscoExecutor" name="writeExcel" time="0">
    <skipped/>
  </testcase>
  <testcase classname="com.edge.syscoshop.online.TestSyscoExecutor" name="setUp" time="0">
    <skipped/>
  </testcase>
  <testcase classname="com.edge.syscoshop.online.TestSyscoExecutor" name="Export_Mail_OG" time="0">
    <skipped/>
  </testcase>
  <testcase classname="com.edge.syscoshop.online.TestSyscoExecutor" name="writeExcel" time="0">
    <skipped/>
  </testcase>
  <testcase classname="com.edge.syscoshop.online.TestSyscoExecutor" name="setUp" time="0">
    <skipped/>
  </testcase>
  <testcase classname="com.edge.syscoshop.online.TestSyscoExecutor" name="Export_Mail_OG" time="0">
    <skipped/>
  </testcase>
  <testcase classname="com.edge.syscoshop.online.TestSyscoExecutor" name="writeExcel" time="0">
    <skipped/>
  </testcase>
  <testcase classname="com.edge.syscoshop.online.TestSyscoExecutor" name="setUp" time="0">
    <skipped/>
  </testcase>
  <testcase classname="com.edge.syscoshop.online.TestSyscoExecutor" name="Export_Mail_OG" time="0">
    <skipped/>
  </testcase>
  <testcase classname="com.edge.syscoshop.online.TestSyscoExecutor" name="writeExcel" time="0">
    <skipped/>
  </testcase>
  <testcase classname="com.edge.syscoshop.online.TestSyscoExecutor" name="setUp" time="0">
    <skipped/>
  </testcase>
  <testcase classname="com.edge.syscoshop.online.TestSyscoExecutor" name="Export_Mail_OG" time="0">
    <skipped/>
  </testcase>
  <testcase classname="com.edge.syscoshop.online.TestSyscoExecutor" name="writeExcel" time="0">
    <skipped/>
  </testcase>
  <testcase classname="com.edge.syscoshop.online.TestSyscoExecutor" name="setUp" time="0">
    <skipped/>
  </testcase>
  <testcase classname="com.edge.syscoshop.online.TestSyscoExecutor" name="Export_Mail_OG" time="0">
    <skipped/>
  </testcase>
  <testcase classname="com.edge.syscoshop.online.TestSyscoExecutor" name="writeExcel" time="0">
    <skipped/>
  </testcase>
  <testcase classname="com.edge.syscoshop.online.TestSyscoExecutor" name="setUp" time="0">
    <skipped/>
  </testcase>
  <testcase classname="com.edge.syscoshop.online.TestSyscoExecutor" name="Export_Mail_OG" time="0">
    <skipped/>
  </testcase>
  <testcase classname="com.edge.syscoshop.online.TestSyscoExecutor" name="writeExcel" time="0">
    <skipped/>
  </testcase>
  <testcase classname="com.edge.syscoshop.online.TestSyscoExecutor" name="setUp" time="0">
    <skipped/>
  </testcase>
  <testcase classname="com.edge.syscoshop.online.TestSyscoExecutor" name="Export_Mail_OG" time="0">
    <skipped/>
  </testcase>
  <testcase classname="com.edge.syscoshop.online.TestSyscoExecutor" name="writeExcel" time="0">
    <skipped/>
  </testcase>
  <testcase classname="com.edge.syscoshop.online.TestSyscoExecutor" name="setUp" time="0">
    <skipped/>
  </testcase>
  <testcase classname="com.edge.syscoshop.online.TestSyscoExecutor" name="Export_Mail_OG" time="0">
    <skipped/>
  </testcase>
  <testcase classname="com.edge.syscoshop.online.TestSyscoExecutor" name="writeExcel" time="0">
    <skipped/>
  </testcase>
  <testcase classname="com.edge.syscoshop.online.TestSyscoExecutor" name="setUp" time="0">
    <skipped/>
  </testcase>
  <testcase classname="com.edge.syscoshop.online.TestSyscoExecutor" name="Export_Mail_OG" time="0">
    <skipped/>
  </testcase>
  <testcase classname="com.edge.syscoshop.online.TestSyscoExecutor" name="writeExcel" time="0">
    <skipped/>
  </testcase>
  <testcase classname="com.edge.syscoshop.online.TestSyscoExecutor" name="setUp" time="0">
    <skipped/>
  </testcase>
  <testcase classname="com.edge.syscoshop.online.TestSyscoExecutor" name="Export_Mail_OG" time="0">
    <skipped/>
  </testcase>
  <testcase classname="com.edge.syscoshop.online.TestSyscoExecutor" name="writeExcel" time="0">
    <skipped/>
  </testcase>
  <testcase classname="com.edge.syscoshop.online.TestSyscoExecutor" name="setUp" time="0">
    <skipped/>
  </testcase>
  <testcase classname="com.edge.syscoshop.online.TestSyscoExecutor" name="Export_Mail_OG" time="0">
    <skipped/>
  </testcase>
  <testcase classname="com.edge.syscoshop.online.TestSyscoExecutor" name="writeExcel" time="0">
    <skipped/>
  </testcase>
  <testcase classname="com.edge.syscoshop.online.TestSyscoExecutor" name="setUp" time="0">
    <skipped/>
  </testcase>
  <testcase classname="com.edge.syscoshop.online.TestSyscoExecutor" name="Export_Mail_OG" time="0">
    <skipped/>
  </testcase>
  <testcase classname="com.edge.syscoshop.online.TestSyscoExecutor" name="writeExcel" time="0">
    <skipped/>
  </testcase>
  <testcase classname="com.edge.syscoshop.online.TestSyscoExecutor" name="setUp" time="0">
    <skipped/>
  </testcase>
  <testcase classname="com.edge.syscoshop.online.TestSyscoExecutor" name="Export_Mail_OG" time="0">
    <skipped/>
  </testcase>
  <testcase classname="com.edge.syscoshop.online.TestSyscoExecutor" name="writeExcel" time="0">
    <skipped/>
  </testcase>
  <testcase classname="com.edge.syscoshop.online.TestSyscoExecutor" name="setUp" time="0">
    <skipped/>
  </testcase>
  <testcase classname="com.edge.syscoshop.online.TestSyscoExecutor" name="Export_Mail_OG" time="0">
    <skipped/>
  </testcase>
  <testcase classname="com.edge.syscoshop.online.TestSyscoExecutor" name="writeExcel" time="0">
    <skipped/>
  </testcase>
  <testcase classname="com.edge.syscoshop.online.TestSyscoExecutor" name="setUp" time="0">
    <skipped/>
  </testcase>
  <testcase classname="com.edge.syscoshop.online.TestSyscoExecutor" name="Export_Mail_OG" time="0">
    <skipped/>
  </testcase>
  <testcase classname="com.edge.syscoshop.online.TestSyscoExecutor" name="writeExcel" time="0">
    <skipped/>
  </testcase>
  <testcase classname="com.edge.syscoshop.online.TestSyscoExecutor" name="setUp" time="0">
    <skipped/>
  </testcase>
  <testcase classname="com.edge.syscoshop.online.TestSyscoExecutor" name="Export_Mail_OG" time="0">
    <skipped/>
  </testcase>
  <testcase classname="com.edge.syscoshop.online.TestSyscoExecutor" name="writeExcel" time="0">
    <skipped/>
  </testcase>
  <testcase classname="com.edge.syscoshop.online.TestSyscoExecutor" name="setUp" time="0">
    <skipped/>
  </testcase>
  <testcase classname="com.edge.syscoshop.online.TestSyscoExecutor" name="Export_Mail_OG" time="0">
    <skipped/>
  </testcase>
  <testcase classname="com.edge.syscoshop.online.TestSyscoExecutor" name="writeExcel" time="0">
    <skipped/>
  </testcase>
  <testcase classname="com.edge.syscoshop.online.TestSyscoExecutor" name="setUp" time="0">
    <skipped/>
  </testcase>
  <testcase classname="com.edge.syscoshop.online.TestSyscoExecutor" name="Export_Mail_OG" time="0">
    <skipped/>
  </testcase>
  <testcase classname="com.edge.syscoshop.online.TestSyscoExecutor" name="writeExcel" time="0">
    <skipped/>
  </testcase>
  <testcase classname="com.edge.syscoshop.online.TestSyscoExecutor" name="setUp" time="0">
    <skipped/>
  </testcase>
  <testcase classname="com.edge.syscoshop.online.TestSyscoExecutor" name="Export_Mail_OG" time="0">
    <skipped/>
  </testcase>
  <testcase classname="com.edge.syscoshop.online.TestSyscoExecutor" name="writeExcel" time="0.016">
    <skipped/>
  </testcase>
  <testcase classname="com.edge.syscoshop.online.TestSyscoExecutor" name="setUp" time="0.016">
    <skipped/>
  </testcase>
  <testcase classname="com.edge.syscoshop.online.TestSyscoExecutor" name="Export_Mail_OG" time="0">
    <skipped/>
  </testcase>
  <testcase classname="com.edge.syscoshop.online.TestSyscoExecutor" name="writeExcel" time="0">
    <skipped/>
  </testcase>
  <testcase classname="com.edge.syscoshop.online.TestSyscoExecutor" name="setUp" time="0">
    <skipped/>
  </testcase>
  <testcase classname="com.edge.syscoshop.online.TestSyscoExecutor" name="Export_Mail_OG" time="0">
    <skipped/>
  </testcase>
  <testcase classname="com.edge.syscoshop.online.TestSyscoExecutor" name="writeExcel" time="0">
    <skipped/>
  </testcase>
  <testcase classname="com.edge.syscoshop.online.TestSyscoExecutor" name="setUp" time="0">
    <skipped/>
  </testcase>
  <testcase classname="com.edge.syscoshop.online.TestSyscoExecutor" name="Export_Mail_OG" time="0">
    <skipped/>
  </testcase>
  <testcase classname="com.edge.syscoshop.online.TestSyscoExecutor" name="writeExcel" time="0">
    <skipped/>
  </testcase>
  <testcase classname="com.edge.syscoshop.online.TestSyscoExecutor" name="setUp" time="0">
    <skipped/>
  </testcase>
  <testcase classname="com.edge.syscoshop.online.TestSyscoExecutor" name="Export_Mail_OG" time="0">
    <skipped/>
  </testcase>
  <testcase classname="com.edge.syscoshop.online.TestSyscoExecutor" name="writeExcel" time="0">
    <skipped/>
  </testcase>
  <testcase classname="com.edge.syscoshop.online.TestSyscoExecutor" name="setUp" time="0">
    <skipped/>
  </testcase>
  <testcase classname="com.edge.syscoshop.online.TestSyscoExecutor" name="Export_Mail_OG" time="0">
    <skipped/>
  </testcase>
  <testcase classname="com.edge.syscoshop.online.TestSyscoExecutor" name="writeExcel" time="0">
    <skipped/>
  </testcase>
  <testcase classname="com.edge.syscoshop.online.TestSyscoExecutor" name="setUp" time="0">
    <skipped/>
  </testcase>
  <testcase classname="com.edge.syscoshop.online.TestSyscoExecutor" name="Export_Mail_OG" time="0">
    <skipped/>
  </testcase>
  <testcase classname="com.edge.syscoshop.online.TestSyscoExecutor" name="writeExcel" time="0">
    <skipped/>
  </testcase>
  <testcase classname="com.edge.syscoshop.online.TestSyscoExecutor" name="setUp" time="0">
    <skipped/>
  </testcase>
  <testcase classname="com.edge.syscoshop.online.TestSyscoExecutor" name="Export_Mail_OG" time="0">
    <skipped/>
  </testcase>
  <testcase classname="com.edge.syscoshop.online.TestSyscoExecutor" name="writeExcel" time="0">
    <skipped/>
  </testcase>
  <testcase classname="com.edge.syscoshop.online.TestSyscoExecutor" name="setUp" time="0">
    <skipped/>
  </testcase>
  <testcase classname="com.edge.syscoshop.online.TestSyscoExecutor" name="Export_Mail_OG" time="0">
    <skipped/>
  </testcase>
  <testcase classname="com.edge.syscoshop.online.TestSyscoExecutor" name="writeExcel" time="0">
    <skipped/>
  </testcase>
  <testcase classname="com.edge.syscoshop.online.TestSyscoExecutor" name="setUp" time="0">
    <skipped/>
  </testcase>
  <testcase classname="com.edge.syscoshop.online.TestSyscoExecutor" name="Export_Mail_OG" time="0">
    <skipped/>
  </testcase>
  <testcase classname="com.edge.syscoshop.online.TestSyscoExecutor" name="writeExcel" time="0">
    <skipped/>
  </testcase>
  <testcase classname="com.edge.syscoshop.online.TestSyscoExecutor" name="setUp" time="0">
    <skipped/>
  </testcase>
  <testcase classname="com.edge.syscoshop.online.TestSyscoExecutor" name="Export_Mail_OG" time="0">
    <skipped/>
  </testcase>
  <testcase classname="com.edge.syscoshop.online.TestSyscoExecutor" name="writeExcel" time="0">
    <skipped/>
  </testcase>
  <testcase classname="com.edge.syscoshop.online.TestSyscoExecutor" name="setUp" time="0">
    <skipped/>
  </testcase>
  <testcase classname="com.edge.syscoshop.online.TestSyscoExecutor" name="Export_Mail_OG" time="0">
    <skipped/>
  </testcase>
  <testcase classname="com.edge.syscoshop.online.TestSyscoExecutor" name="writeExcel" time="0">
    <skipped/>
  </testcase>
  <testcase classname="com.edge.syscoshop.online.TestSyscoExecutor" name="setUp" time="0">
    <skipped/>
  </testcase>
  <testcase classname="com.edge.syscoshop.online.TestSyscoExecutor" name="Export_Mail_OG" time="0">
    <skipped/>
  </testcase>
  <testcase classname="com.edge.syscoshop.online.TestSyscoExecutor" name="writeExcel" time="0">
    <skipped/>
  </testcase>
  <testcase classname="com.edge.syscoshop.online.TestSyscoExecutor" name="setUp" time="0">
    <skipped/>
  </testcase>
  <testcase classname="com.edge.syscoshop.online.TestSyscoExecutor" name="Export_Mail_OG" time="0">
    <skipped/>
  </testcase>
  <testcase classname="com.edge.syscoshop.online.TestSyscoExecutor" name="writeExcel" time="0">
    <skipped/>
  </testcase>
  <testcase classname="com.edge.syscoshop.online.TestSyscoExecutor" name="setUp" time="0">
    <skipped/>
  </testcase>
  <testcase classname="com.edge.syscoshop.online.TestSyscoExecutor" name="Export_Mail_OG" time="0">
    <skipped/>
  </testcase>
  <testcase classname="com.edge.syscoshop.online.TestSyscoExecutor" name="writeExcel" time="0">
    <skipped/>
  </testcase>
  <testcase classname="com.edge.syscoshop.online.TestSyscoExecutor" name="setUp" time="0">
    <skipped/>
  </testcase>
  <testcase classname="com.edge.syscoshop.online.TestSyscoExecutor" name="Export_Mail_OG" time="0">
    <skipped/>
  </testcase>
  <testcase classname="com.edge.syscoshop.online.TestSyscoExecutor" name="writeExcel" time="0">
    <skipped/>
  </testcase>
  <testcase classname="com.edge.syscoshop.online.TestSyscoExecutor" name="setUp" time="0">
    <skipped/>
  </testcase>
  <testcase classname="com.edge.syscoshop.online.TestSyscoExecutor" name="Export_Mail_OG" time="0">
    <skipped/>
  </testcase>
  <testcase classname="com.edge.syscoshop.online.TestSyscoExecutor" name="writeExcel" time="0">
    <skipped/>
  </testcase>
  <testcase classname="com.edge.syscoshop.online.TestSyscoExecutor" name="setUp" time="0">
    <skipped/>
  </testcase>
  <testcase classname="com.edge.syscoshop.online.TestSyscoExecutor" name="Export_Mail_OG" time="0">
    <skipped/>
  </testcase>
  <testcase classname="com.edge.syscoshop.online.TestSyscoExecutor" name="writeExcel" time="0">
    <skipped/>
  </testcase>
  <testcase classname="com.edge.syscoshop.online.TestSyscoExecutor" name="setUp" time="0">
    <skipped/>
  </testcase>
  <testcase classname="com.edge.syscoshop.online.TestSyscoExecutor" name="Export_Mail_OG" time="0">
    <skipped/>
  </testcase>
  <testcase classname="com.edge.syscoshop.online.TestSyscoExecutor" name="writeExcel" time="0">
    <skipped/>
  </testcase>
  <testcase classname="com.edge.syscoshop.online.TestSyscoExecutor" name="setUp" time="0">
    <skipped/>
  </testcase>
  <testcase classname="com.edge.syscoshop.online.TestSyscoExecutor" name="Export_Mail_OG" time="0">
    <skipped/>
  </testcase>
  <testcase classname="com.edge.syscoshop.online.TestSyscoExecutor" name="writeExcel" time="0">
    <skipped/>
  </testcase>
  <testcase classname="com.edge.syscoshop.online.TestSyscoExecutor" name="setUp" time="0">
    <skipped/>
  </testcase>
  <testcase classname="com.edge.syscoshop.online.TestSyscoExecutor" name="Export_Mail_OG" time="0">
    <skipped/>
  </testcase>
  <testcase classname="com.edge.syscoshop.online.TestSyscoExecutor" name="writeExcel" time="0">
    <skipped/>
  </testcase>
  <testcase classname="com.edge.syscoshop.online.TestSyscoExecutor" name="closeResources" time="0">
    <skipped/>
  </testcase>
  <testcase classname="com.edge.syscoshop.online.TestSyscoExecutor" name="sendMail" time="0.046">
    <skipped/>
  </testcase>
</testsuite>